# Bundle file v0.3
2 76
766.891357422 0 0
0.999996781349 7.19419767847e-005 0.00253628450446
7.14656125638e-005 -1 0.00018791120965
0.00253629800864 -0.000187729339814 -0.999996781349
-0.0088419476524 -0.00106060679536 0.00388909690082
771.98425293 0 0
0.996770083904 -0.0773421525955 0.0216236002743
-0.0800680071115 -0.977891862392 0.193174913526
0.00620497949421 -0.194282352924 -0.98092597723
-0.223817780614 -0.930135607719 -0.310640484095
-0.678220689297 0.436246722937 4.29561424255
15 15 17
2 0 3 -120.589813232 -77.9637756348 1 1 -141.00730896 -79.1647033691
-0.678220689297 0.436246722937 4.29561424255
15 15 17
2 0 4 -120.589813232 -77.9637756348 1 2 -141.00730896 -79.1647033691
-0.498813152313 -0.46383818984 3.64856529236
79 78 77
2 0 11 -105.336257935 97.5183105469 1 7 -122.63949585 54.3926544189
1.24857079983 0.339317113161 4.39897680283
63 64 61
2 0 12 218.845397949 -59.3374938965 1 10 179.268280029 -84.3541259766
0.245906531811 0.412802666426 4.10447835922
62 31 36
2 0 14 46.4622497559 -77.2808532715 1 17 13.4815368652 -98.0153198242
0.184269875288 0.131423696876 4.1386089325
78 68 70
2 0 19 34.4780578613 -24.4260864258 1 18 6.89627075195 -48.1276245117
-0.150826483965 -0.100350029767 4.15257692337
18 12 16
2 0 22 -28.2329101563 18.6000823975 1 21 -48.2326660156 -3.2975769043
-0.383109927177 0.193865373731 4.2479724884
34 30 21
2 0 30 -68.6233215332 -35.1067504883 1 29 -90.6526794434 -45.8420410156
0.924787700176 -0.107164055109 4.53609371185
23 20 22
2 0 58 157.115386963 18.0748748779 1 31 131.109405518 -3.71812438965
0.0720444992185 0.410549730062 4.15620756149
86 70 75
2 0 20 13.3324584961 -75.8203125 1 36 -15.9262695313 -92.4931945801
0.191392466426 0.255675554276 4.1383395195
49 30 32
2 0 46 35.5715637207 -47.4361877441 1 40 6.66030883789 -69.2796020508
-0.534315407276 0.31029561162 4.29922246933
14 15 15
2 0 39 -94.8779144287 -55.4363098145 1 42 -115.781723022 -60.6071472168
-0.801043152809 -0.738385021687 3.89618468285
69 69 71
2 0 86 -157.89352417 145.264923096 1 63 -170.149505615 117.831634521
-0.716150939465 -0.339448034763 3.37859869003
73 74 75
2 0 53 -162.697677612 76.950302124 1 64 -181.855285645 24.2530822754
0.882738471031 0.480857372284 4.47375297546
53 39 40
2 0 47 152.077087402 -82.5561828613 1 77 115.320678711 -97.9065246582
0.417336046696 -0.976411640644 4.8909034729
61 59 59
2 0 149 65.5063171387 153.240997314 1 108 59.2251281738 147.059692383
-0.178753808141 0.12282384932 4.30390167236
40 28 29
2 0 70 -31.2557678223 -21.9895629883 1 112 -54.2076416016 -34.5907287598
0.429584234953 -1.38622415066 4.81047344208
59 58 57
2 0 101 68.8751220703 220.986724854 1 115 67.7444152832 214.784042358
0.278256654739 0.212180167437 4.09172105789
56 31 36
2 0 120 52.3042907715 -39.8270568848 1 124 22.4277648926 -65.4332885742
1.53642094135 0.800607383251 4.10357618332
47 47 37
2 0 142 287.104858398 -149.561706543 1 142 231.116943359 -180.593139648
1.43420863152 0.54420620203 4.19983625412
52 49 51
2 0 125 262.165405273 -99.3989257813 1 149 214.70916748 -131.050872803
0.452563047409 0.299759685993 4.06730031967
63 29 36
2 0 103 86.106842041 -56.697845459 1 150 51.3615112305 -83.8949890137
0.794865787029 0.292599797249 4.35749387741
51 31 34
2 0 110 140.489196777 -51.589263916 1 154 106.570861816 -72.9825744629
0.559540390968 0.371762603521 4.17547130585
23 17 18
2 0 102 102.847595215 -68.3271179199 1 156 68.6221923828 -91.9164733887
1.32217204571 0.284680604935 4.27789306641
54 50 46
2 0 179 237.162658691 -51.0228881836 1 168 198.226501465 -83.0384216309
1.44510936737 0.421733409166 4.2496380806
58 53 50
2 0 171 261.19342041 -76.1517944336 1 174 217.031311035 -108.409393311
-0.120764382184 0.129024609923 4.34620094299
26 14 14
2 0 144 -20.766204834 -22.8578796387 1 194 -43.8541259766 -34.7132263184
0.610209107399 -1.39567196369 4.70648097992
57 54 53
2 0 200 99.8218078613 227.38973999 1 208 98.9607849121 215.489654541
0.759373962879 0.541270136833 4.50536394119
63 43 46
2 0 148 129.449279785 -92.1674499512 1 216 94.5410766602 -104.081298828
0.741384267807 0.200346916914 4.25144720078
54 44 45
2 0 205 134.136993408 -36.1979370117 1 223 101.300933838 -62.3259277344
0.112449869514 0.270651698112 4.21316623688
63 48 51
2 0 321 20.0876464844 -49.2353515625 1 224 -6.36700439453 -67.1737976074
-0.732624411583 -0.0978342294693 3.84696054459
60 60 64
2 0 240 -145.511367798 19.3741760254 1 236 -164.375335693 -6.1315612793
-0.100131303072 -0.0103224050254 4.18059587479
46 33 37
2 0 153 -17.5702514648 1.76460266113 1 268 -41.196472168 -18.1626281738
-0.100131303072 -0.0103224050254 4.18059587479
46 33 37
2 0 152 -17.5702514648 1.76460266113 1 269 -41.196472168 -18.1626281738
1.05284357071 0.443953484297 4.42497253418
60 50 52
2 0 140 183.045471191 -77.0269470215 1 290 144.918182373 -97.0287780762
0.165137723088 0.317152261734 4.08513402939
68 38 48
2 0 195 31.1436462402 -59.6181945801 1 292 0.995635986328 -81.9477539063
0.143411323428 -1.08542096615 5.06829118729
67 62 62
2 0 281 22.4567871094 164.247665405 1 293 17.0296020508 167.588287354
0.352661013603 -1.40648341179 4.87322807312
62 63 60
2 0 265 56.007232666 221.308532715 1 296 54.9751586914 218.340744019
0.0231775324792 -0.11967792362 4.20704126358
25 11 11
2 0 180 4.53515625 21.791595459 1 297 -17.5472106934 -0.401458740234
1.24222433567 0.384988069534 4.37057447433
59 56 53
2 0 239 218.564453125 -67.631072998 1 304 178.864532471 -93.1323242188
0.979000926018 0.313045680523 4.2885799408
55 28 31
2 0 298 175.298187256 -56.0057067871 1 310 139.011932373 -82.2912902832
0.501292407513 -0.859453201294 4.86053514481
55 55 54
2 0 251 80.0725708008 135.597961426 1 330 70.0622558594 127.499343872
0.842055857182 0.258801102638 4.3602848053
64 42 44
2 0 300 149.038848877 -45.6661682129 1 332 114.618408203 -67.9739990234
-0.37756061554 -0.129310846329 3.94384264946
27 27 28
2 0 334 -73.4704437256 25.1288604736 1 339 -93.5739746094 -2.20487976074
-0.0394720695913 -1.30190467834 5.13485527039
68 67 66
2 0 405 -5.29119873047 194.425796509 1 363 -7.802734375 203.18460083
-0.0292988177389 0.291860759258 4.45897006989
28 19 21
2 0 215 -4.4541015625 -50.3028259277 1 365 -29.3457641602 -57.2546386719
0.860173225403 -0.0649436861277 4.68238782883
21 21 24
2 0 259 141.951568604 10.5442352295 1 366 116.527191162 -4.76176452637
0.951143085957 0.236126303673 4.28483581543
53 29 33
2 0 343 170.689880371 -42.3211669922 1 369 135.605651855 -69.5160827637
1.292714715 -0.0789905488491 4.33646202087
39 39 36
2 0 320 229.690124512 13.8397521973 1 370 197.807983398 -20.0270690918
0.893669188023 0.26813429594 4.31902599335
51 29 29
2 0 286 158.97869873 -47.6445007324 1 378 124.647247314 -72.3337402344
0.518186092377 0.516053318977 4.24619483948
67 52 53
2 0 245 93.9523925781 -93.310546875 1 386 58.2949829102 -110.855987549
0.448384553194 -1.28695619106 4.83200550079
67 63 66
2 0 380 71.580871582 204.27633667 1 389 69.0028686523 197.677597046
0.230347424746 -1.07787251472 5.00367641449
70 66 66
2 0 329 36.2123718262 165.188873291 1 396 30.155456543 165.576416016
0.918093264103 0.172093123198 4.28383874893
48 22 25
2 0 308 164.947662354 -30.8848571777 1 408 131.076141357 -58.5906982422
0.996917366982 0.276909977198 4.27362632751
51 31 35
2 0 399 179.481201172 -49.7793884277 1 430 142.760620117 -77.2998046875
0.208863914013 -1.18832719326 4.99892568588
72 69 67
2 0 344 32.6793212891 182.31640625 1 437 28.5684509277 183.320465088
0.73914283514 0.504213273525 4.49121379852
85 64 69
2 0 354 126.696594238 -86.1829528809 1 457 91.8038024902 -98.7890625
0.139868602157 -0.139321759343 4.24428510666
21 9 10
2 0 246 26.1638183594 25.0667114258 1 459 2.61999511719 2.70420837402
1.02117109299 0.305309414864 4.29458856583
76 59 56
2 0 439 182.55657959 -54.5367126465 1 461 146.154663086 -81.3318786621
-0.0283377300948 -1.20475888252 5.14081144333
72 69 65
2 0 340 -3.46466064453 179.705108643 1 471 -7.35479736328 187.865783691
0.976371526718 0.22202193737 4.25527191162
75 53 54
2 0 551 175.876251221 -39.9720153809 1 481 141.501831055 -69.1506958008
1.54654109478 0.928545534611 4.10166025162
59 54 51
2 0 244 289.348205566 -173.569885254 1 484 229.766479492 -201.377716064
-0.0465868860483 -0.142994254827 4.16568040848
29 14 15
2 0 542 -7.97619628906 26.2498321533 1 510 -30.1804199219 3.27658081055
0.883412837982 0.337039977312 4.37494945526
62 41 47
2 0 262 155.355834961 -59.1555175781 1 555 120.250946045 -80.4571838379
0.285839647055 -0.172146424651 4.32214403152
23 17 17
2 0 571 50.7872314453 30.594619751 1 571 29.0680236816 8.49752807617
0.881061315536 0.13579519093 4.28876113892
57 43 41
2 0 498 158.666259766 -24.4511108398 1 613 124.784729004 -51.7321472168
1.02235603333 0.330687344074 4.27577066422
53 37 35
2 0 610 183.616546631 -59.3417663574 1 614 146.337890625 -86.3964538574
1.02235603333 0.330687344074 4.27577066422
53 37 35
2 0 611 183.616546631 -59.3417663574 1 615 146.337890625 -86.3964538574
0.114619351923 -0.00135857309215 4.37602138519
27 19 21
2 0 519 20.274810791 0.235168457031 1 621 -2.25448608398 -15.5987548828
0.897962510586 0.306360095739 4.33391571045
78 54 53
2 0 522 159.764587402 -54.3534545898 1 641 123.743713379 -77.6433105469
0.909533977509 0.285691738129 4.30254983902
56 34 31
2 0 534 162.479125977 -50.9715881348 1 645 127.309906006 -76.1666259766
0.967601358891 0.149258002639 4.2740073204
53 27 23
2 0 580 174.17010498 -26.8469848633 1 710 140.239440918 -55.9838256836
0.258251935244 -0.138744622469 4.31884002686
18 10 11
2 0 682 45.9462890625 24.6760864258 1 717 23.8693847656 3.18556213379
0.0547201409936 -0.067572593689 4.25608110428
25 14 12
2 0 587 10.6727600098 12.0668182373 1 742 -12.8955688477 -7.8717956543
-0.0232621636242 0.211857840419 4.44834947586
30 20 22
2 0 688 -3.26452636719 -36.6475219727 1 796 -27.7142333984 -45.1303405762
0.918315112591 0.125055298209 4.28551483154
42 31 25
2 0 693 164.38494873 -22.3489074707 1 862 132.510528564 -50.9648742676
