
pmvs2
C:\Users\Nanio\Desktop\Organizar\TCC parte 2\Kitty-Escura\denso.nvm.cmvs\01\
option-0000--------------------------------------------------
--- Summary of specified options ---
# of timages: 2 (enumeration)
# of oimages: 0 (enumeration)
level: 1  csize: 2
threshold: 0.7  wsize: 7
minImageNum: 2  CPU: 4
useVisData: 1  sequence: -1
--------------------------------------------------
Reading images: **
0 1 Harris running ...Harris running ...216 harris done
DoG running...229 harris done
DoG running...318 dog done
314 dog done
done
adding seeds 
(0,43)(1,52)done
---- Initial: 0 secs ----
Total pass fail0 fail1 refinepatch: 856 111 701 44 155
Total pass fail0 fail1 refinepatch: 100 12.9673 81.8925 5.14019 18.1075
Expanding patches...
---- EXPANSION: 4 secs ----
Total pass fail0 fail1 refinepatch: 6366 3320 2242 804 4124
Total pass fail0 fail1 refinepatch: 100 52.1521 35.2183 12.6296 64.7817
FilterOutside
mainbody: 
Gain (ave/var): 0.37113 0.161238
3415 -> 3405 (99.7072%)	0 secs
Filter Exact: **
3405 -> 3138 (92.1586%)	0 secs
FilterNeighbor:	3138 -> 2223 (70.8413%)	0 secs
FilterGroups:	20
2223 -> 1612 (72.5146%)	0 secs
STATUS: 334 0 3945 0 0 0 0 0 0 0 
0 0 0 0 0 0 0 0 0 0 
0 0 0 0 0 0 0 0 0 0 
0 0 0 0 0 
Expanding patches...
---- EXPANSION: 3 secs ----
Total pass fail0 fail1 refinepatch: 5928 2086 2343 1499 3585
Total pass fail0 fail1 refinepatch: 100 35.1889 39.5243 25.2868 60.4757
FilterOutside
mainbody: 
Gain (ave/var): 0.443586 0.187145
3698 -> 3677 (99.4321%)	0 secs
Filter Exact: **
3677 -> 3246 (88.2785%)	0 secs
FilterNeighbor:	3246 -> 2702 (83.2409%)	0 secs
FilterGroups:	20
2702 -> 2308 (85.4182%)	0 secs
STATUS: 600 0 7264 0 0 0 0 0 0 0 
0 0 0 0 0 0 0 0 0 0 
0 0 0 0 0 0 0 0 0 0 
0 0 0 0 0 
Expanding patches...
---- EXPANSION: 3 secs ----
Total pass fail0 fail1 refinepatch: 6502 2298 2686 1518 3816
Total pass fail0 fail1 refinepatch: 100 35.343 41.3104 23.3467 58.6896
FilterOutside
mainbody: 
Gain (ave/var): 0.504801 0.218247
4606 -> 4570 (99.2184%)	0 secs
Filter Exact: **
4570 -> 3901 (85.3611%)	0 secs
FilterNeighbor:	3901 -> 3348 (85.8242%)	0 secs
FilterGroups:	20
3348 -> 2916 (87.0968%)	0 secs
STATUS: 905 0 10775 0 0 0 0 0 0 0 
0 0 0 0 0 0 0 0 0 0 
0 0 0 0 0 0 0 0 0 0 
0 0 0 0 0 
---- Total: 0 secs ----
