# Bundle file v0.3
4 590
3003.99755859 0 0
0.9997945573 -0.00847015901762 -0.0184379072441
0.00113875059179 -0.883846222629 0.467777143415
-0.0202584157923 -0.467701809354 -0.883654848188
-0.0274535290538 -0.0184823606371 -0.034342325328
3026.08569336 0 0
0.858209675737 -0.0198467330602 -0.512916131218
-0.0138041034696 -0.999782903085 0.0155878337333
-0.513113997899 -0.00629757956866 -0.858297357438
0.545988916607 0.84731610112 -0.0961954846397
3000.99462891 0 0
0.838244338777 0.0232804938834 0.544797282423
0.0243961273308 -0.999688859055 0.00518266196476
0.54474829536 0.00894643898879 -0.838552080609
-0.483769970982 0.848869171996 -0.228790604642
3001.52734375 0 0
0.999999815354 -3.68477692803e-010 5.55320477102e-009
3.68477692803e-010 -0.999999748439 -1.59749014184e-007
-5.55320477102e-009 -1.59749014184e-007 -1.00000028984
-0.0407302565893 0.851509031065 -0.0546898478112
0.0790361640685 0.927136712256 0.93948466317
27 39 36
4 0 445 58.4260253906 -921.9921875 1 395 361.661865234 -206.933837891 2 157 361.956787109 -222.326782227 3 294 116.024169922 -229.790893555
0.505674059163 2.52888011224 6.97344727955
120 108 95
2 0 557 131.928222656 411.166870117 1 835 -1251.83227539 -748.458251953
0.0531338743238 0.846560508734 0.946900551251
22 16 13
4 0 758 5.64489746094 -766.630371094 1 453 284.740478516 47.306640625 2 212 291.284179688 27.7093505859 3 420 37.6307373047 14.728515625
0.136225939881 0.873136573059 0.944606077314
13 14 14
4 0 773 195.886474609 -816.704345703 1 606 496.227783203 -38.5052490234 2 256 528.943603516 -50.7014160156 3 491 286.529296875 -65.3464355469
-1.6125036048 1.69519461956 2.98777466004
152 146 137
2 0 636 -1492.60522461 -105.831054688 3 652 -1615.83898926 -824.996337891
0.151146993907 0.865675493496 0.945783233156
25 39 35
3 0 837 229.19140625 -801.081787109 1 581 529.071289063 -14.4876708984 3 410 333.692138672 -44.7449951172
0.137447559248 2.47935345253 7.56709018386
125 126 114
2 0 849 -19.8485107422 507.091918945 1 662 -1469.77514648 -682.419433594
0.133907352822 0.710576771311 0.960110766857
21 32 35
4 0 931 206.472412109 -488.341308594 1 586 467.108398438 457.203735352 2 278 527.093261719 461.118408203 3 567 276.183837891 416.760131836
0.0643538267074 0.950614206221 0.937463028731
61 60 57
3 0 982 27.3464355469 -962.505371094 1 730 326.818359375 -287.087524414 2 421 317.303710938 -294.564697266
-0.0534054311288 0.681961299357 0.941365807244
40 27 22
4 0 1178 -262.536499023 -458.56640625 1 813 12.1531982422 620.362915039 2 425 -1.18676757813 493.064697266 3 745 -282.428100586 509.389892578
-0.0867234337999 0.855706570157 0.933725623112
48 52 42
3 0 1267 -331.151123047 -807.154052734 1 766 -85.9741210938 27.1917724609 3 689 -386.441162109 -13.2878417969
0.121229589726 2.56094764312 7.62375713783
46 47 37
2 0 1286 -25.2651367188 483.545715332 1 998 -1481.40563965 -713.493408203
0.235777944113 0.857637500822 0.940685829786
17 23 26
2 0 1338 432.178222656 -792.038818359 1 1792 731.555908203 2.76049804688
0.123417031797 0.886866964521 0.944089696177
52 47 39
3 0 1343 165.149414063 -841.284667969 1 999 465.809082031 -80.8444824219 2 445 490.855712891 -95.7052001953
0.103087239916 0.970830826021 0.931494846501
23 29 27
4 0 1366 113.603271484 -1006.19750977 1 907 435.591552734 -349.274169922 2 447 421.026367188 -362.045166016 3 832 190.404296875 -363.869140625
-0.0224496460794 0.898817928563 0.938718017101
62 60 59
4 0 1398 -174.369262695 -874.145263672 1 691 92.4519042969 -122.76184082 2 403 87.4841308594 -133.429443359 3 678 -191.228149414 -142.896240234
0.0025226512698 0.85642378374 0.942764413567
49 51 40
4 0 1402 -116.178466797 -792.010742188 1 713 157.281982422 18.8482666016 2 423 153.555419922 -6.55346679688 3 725 -114.830566406 -14.8342285156
0.857080147458 2.01202961589 7.57866368592
137 138 131
2 0 1465 263.647949219 682.322692871 1 1574 -1131.51635742 -451.51550293
0.0811728368795 0.715010170352 0.954872192803
16 14 14
4 0 1504 74.9899902344 -503.482055664 1 1458 350.967041016 459.310058594 2 555 370.596679688 431.777587891 3 967 120.162597656 405.942626953
0.204501667968 2.55643249849 7.47301887121
169 164 147
2 0 1559 6.1171875 467.15222168 1 2472 -1432.84667969 -723.254882813
0.206614477265 0.624694600723 0.967129783514
41 40 37
3 0 1642 394.287841797 -298.135131836 1 2332 626.756835938 682.928771973 2 586 749.8125 762.600402832
0.0141707233816 0.849919040887 0.94351791385
49 51 40
4 0 1656 -90.6794433594 -778.552734375 1 1250 189.505126953 39.5755615234 2 638 185.702880859 13.2769775391 3 1002 -80.4505615234 5.01623535156
0.188941864918 0.964693487799 0.922458479168
28 40 37
4 0 1819 312.402587891 -1011.1418457 1 1364 658.345458984 -321.080566406 2 545 672.177246094 -357.796508789 3 1037 455.054931641 -346.732910156
0.011454644443 0.772748168472 0.94682493551
18 23 26
4 0 1847 -95.7376708984 -631.142822266 1 1444 179.006835938 294.929199219 2 679 176.945556641 242.333740234 3 1140 -87.4884033203 235.72277832
0.385085641731 2.52382459392 7.58956485267
107 106 91
2 0 1849 74.5402832031 492.826843262 1 1608 -1351.83837891 -688.826416016
0.09741865345 2.51099301002 5.7977901533
85 85 84
2 0 1931 -27.9459228516 225.213500977 1 1892 -1399.33728027 -920.442871094
0.109208449437 0.965161038169 0.934036722077
26 37 33
2 0 1976 129.224365234 -993.470703125 1 1729 445.138183594 -329.108764648
0.141450418548 0.904164127847 0.940387167726
51 49 42
4 0 2015 206.493652344 -877.043212891 1 1639 515.516357422 -136.301513672 2 654 541.075439453 -149.971435547 3 1174 303.343994141 -158.560913086
0.122734530395 0.895622819975 0.941902633854
18 18 15
3 0 2029 165.586425781 -860.998535156 1 1370 466.655029297 -109.373901367 2 549 485.882568359 -122.376953125
0.122734530395 0.895622819975 0.941902633854
18 18 15
3 0 2030 165.586425781 -860.998535156 1 1371 466.655029297 -109.373901367 2 550 485.882568359 -122.376953125
-0.0420265527155 0.860826478919 0.938646005559
25 25 21
3 0 2180 -224.022827148 -806.387451172 1 1026 39.6422119141 6.54968261719 3 1077 -250.037475586 -28.7982177734
0.176192185998 2.51137555775 7.5927186405
132 131 117
2 0 2342 -4.69189453125 498.01965332 1 1893 -1452.53088379 -692.225097656
0.219100305561 0.958872557277 0.917391820797
16 23 22
4 0 2368 384.809082031 -1009.51391602 1 1879 737.137939453 -301.477172852 2 678 764.822753906 -343.001586914 3 1455 549.960449219 -331.329345703
0.219100305561 0.958872557277 0.917391820797
16 23 22
4 0 2369 384.809082031 -1009.51391602 1 1878 737.137939453 -301.477172852 2 677 764.822753906 -343.001586914 3 1454 549.960449219 -331.329345703
0.151158362626 2.56518342927 7.53117868339
157 150 131
2 0 2373 -13.7056884766 470.655395508 1 3086 -1462.65710449 -723.30859375
-0.701205235636 2.5557933695 7.21452846835
55 54 50
2 0 2380 -350.325561523 434.404052734 1 2526 -1915.56835938 -798.638671875
0.15215246208 0.972075758219 0.926339725605
18 25 24
4 0 2452 227.870605469 -1017.06274414 1 1440 563.844238281 -347.79296875 2 676 560.591064453 -375.196289063 3 1451 341.391357422 -368.565185547
-0.0626818105935 0.741293928359 0.939616425036
21 18 16
4 0 2577 -281.916259766 -580.221191406 1 2672 -15.1134033203 418.564331055 2 1302 -21.3481445313 320.153442383 3 1984 -312.186035156 333.426879883
-0.0115940251381 0.750003086727 0.945949859358
40 38 35
4 0 2580 -152.619506836 -588.466552734 1 1471 118.694335938 375.940185547 2 783 114.820800781 304.265869141 3 1384 -156.664916992 304.067382813
-0.0133141828249 0.885026912876 0.940614253531
58 58 56
4 0 2585 -153.137207031 -846.361083984 1 1561 115.464355469 -76.5749511719 2 870 111.753173828 -92.5241699219 3 1411 -162.642578125 -100.524658203
0.089112415331 0.722724676993 0.955143229682
67 65 58
4 0 2626 91.47265625 -518.336303711 1 1856 371.251708984 432.688232422 2 702 395.528320313 410.804443359 3 1579 142.926025391 382.806884766
0.155366774197 2.54448130741 7.58253914922
49 48 36
2 0 2637 -13.2030029297 485.154663086 1 2587 -1461.9921875 -709.237060547
0.155366774197 2.54448130741 7.58253914922
49 48 36
2 0 2638 -13.2030029297 485.154663086 1 2586 -1461.9921875 -709.237060547
-0.066713870069 0.867956223716 0.936630549226
16 17 15
4 0 2660 -282.516357422 -823.663818359 1 1075 -30.3983154297 -17.0075683594 2 699 -25.8861083984 -44.9528808594 3 1117 -325.449829102 -49.9150390625
0.188622815105 0.972151510425 0.91992529198
15 21 20
4 0 2663 311.729980469 -1027.06567383 1 1687 662.842041016 -344.82019043 2 665 668.16796875 -383.525878906 3 1338 455.267822266 -371.322631836
-0.0626472828786 0.721195309544 0.939226032913
20 17 14
4 0 2716 -283.766479492 -543.091064453 1 2594 -13.9066162109 490.943969727 2 1329 -21.9075927734 376.982910156 3 2137 -311.834960938 393.296386719
-0.0363881750122 0.956626672641 0.934923973745
27 36 32
2 0 2730 -204.004882813 -980.452880859 1 968 54.8369140625 -320.665405273
0.0399733145557 0.851784685155 0.945307680105
32 24 20
4 0 2795 -29.36328125 -777.503173828 1 2208 255.507324219 31.2194824219 2 1007 255.713378906 9.38269042969 3 1685 -2.57385253906 -0.249267578125
0.122349742974 0.865631304658 0.945744808483
14 16 15
4 0 2810 164.269775391 -800.720214844 1 1533 462.947265625 -15.5699462891 2 746 489.829589844 -27.4624023438 3 1799 241.792480469 -42.7452392578
1.26511947037 1.18055915018 7.61459678576
158 159 154
2 0 2845 444.987792969 1022.02832031 1 3340 -952.197143555 -95.5483398438
0.0870956518497 0.806427223908 0.950652749332
63 55 47
4 0 2859 84.2463378906 -686.992919922 1 3229 368.106445313 173.27746582 2 1136 389.488037109 153.326416016 3 1979 138.322998047 133.977783203
0.00146827692469 0.874306744459 0.941626924069
16 15 12
4 0 2970 -118.965576172 -825.394775391 1 1704 156.010498047 -40.2723388672 2 913 150.83984375 -60.1079101563 3 1630 -118.631225586 -68.9924316406
-0.340426829277 2.00289920629 7.70599798135
116 117 109
2 0 2998 -203.226928711 701.091918945 1 2206 -1713.61523438 -472.076416016
-0.111335287054 0.84444079203 0.932040890334
49 52 47
2 0 3016 -391.877929688 -789.309326172 1 1795 -158.75378418 68.3444824219
-0.107030506232 0.830465730834 7.74388280775
137 138 133
2 0 3040 -116.555297852 1184.86791992 1 2510 -1588.09265137 63.0228271484
0.0826708737602 0.748743004404 0.953481235091
36 33 28
4 0 3116 76.4758300781 -572.356689453 1 3023 355.481933594 353.812255859 2 1157 376.193603516 329.545654297 3 2134 124.542480469 305.800537109
-0.00872835412228 0.840558481793 0.942494484931
16 17 14
4 0 3154 -146.270996094 -763.607177734 1 1611 128.85546875 72.6988525391 2 894 124.543945313 39.1700439453 3 1532 -148.659423828 32.7690429688
0.174449037002 0.723895123043 0.958956387139
21 19 16
4 0 3375 303.107421875 -514.168823242 1 4615 565.129882813 406.631103516 2 1368 649.288574219 431.985839844 3 3361 394.888671875 377.538452148
0.825695343805 2.18154905286 7.56396905285
124 123 110
2 0 3376 248.168457031 616.395446777 1 3275 -1144.80957031 -526.202026367
0.0133063143254 0.752923323328 0.948003291834
37 38 34
3 0 3377 -93.392578125 -590.264648438 1 1739 184.124511719 358.628540039 3 2155 -81.5101318359 295.005004883
0.16836120498 0.722268262097 0.959454591686
59 60 52
4 0 3504 288.02734375 -510.298950195 1 2843 549.799072266 412.212768555 2 1126 630.506103516 435.716674805 3 2480 377.846923828 382.100952148
0.0522033733544 0.743233938843 0.950944571192
14 14 14
4 0 3529 0.954956054688 -565.463867188 1 3154 283.342041016 377.945068359 2 1209 288.773681641 339.431152344 3 2049 34.6291503906 323.943115234
-0.055266541768 0.670126704603 0.941371020912
22 16 14
3 0 3545 -268.125610352 -434.768676758 1 1988 7.57763671875 662.179504395 2 1234 -5.28662109375 525.282958984
0.166933750317 0.726701318858 0.959768307885
21 29 31
4 0 3561 283.8828125 -520.579833984 1 2868 544.219726563 399.969238281 2 1328 627.552490234 421.549194336 3 2653 373.959472656 368.885498047
0.739414198762 1.32281105991 7.65507793301
99 93 81
2 0 3646 226.021972656 966.6875 1 3964 -1184.80322266 -156.388305664
0.739414198762 1.32281105991 7.65507793301
99 93 81
2 0 3647 226.021972656 966.6875 1 3965 -1184.80322266 -156.388305664
0.0558563493654 0.697014166971 0.952403968438
22 34 37
2 0 3660 13.0157470703 -472.382202148 1 3482 291.847167969 525.833679199
-0.22938933049 2.53373555415 6.50365635819
103 104 105
2 0 3722 -172.509521484 338.776123047 1 4910 -1632.91674805 -850.901367188
-0.106066407051 0.845073271078 0.931229928768
15 20 22
2 0 3797 -379.471923828 -791.604248047 1 2075 -140.645385742 65.5340576172
0.151716076254 0.62170543748 0.963848060838
20 21 20
4 0 3839 256.750488281 -297.027099609 1 3956 509.957275391 716.71697998 2 1305 577.841308594 745.14050293 3 2869 326.489257813 676.181396484
0.0404263370352 0.92673875182 0.939865511546
65 62 61
4 0 3843 -28.7540283203 -919.731689453 1 3260 261.248291016 -211.171264648 2 1037 255.212890625 -219.771484375 3 2820 -1.21862792969 -225.973144531
-0.260717957421 2.53493021308 7.66162201034
134 134 121
2 0 3953 -169.264526367 498.02746582 1 3311 -1674.44091797 -715.699951172
0.135623332217 0.971019150785 0.928764251449
29 37 35
3 0 3954 189.569824219 -1011.4831543 1 3665 519.942626953 -344.659912109 2 1360 513.709716797 -369.773925781
0.135623332217 0.971019150785 0.928764251449
29 37 35
3 0 3955 189.569824219 -1011.4831543 1 3664 519.942626953 -344.659912109 2 1361 513.709716797 -369.773925781
0.0405076255429 0.716149152793 0.951763952826
67 66 59
4 0 3979 -25.4836425781 -512.287963867 1 2675 251.515869141 469.895019531 2 1299 256.422607422 417.028320313 3 2695 -0.229125976563 403.56628418
0.0225985169869 0.786931689365 0.946787388464
18 23 24
4 0 3981 -69.3872070313 -657.713623047 1 3702 208.914306641 245.792480469 2 1326 207.328125 202.439819336 3 2667 -54.3551025391 193.327148438
0.0645598591318 0.850470901024 0.947186492536
31 23 19
4 0 4003 29.1625976563 -772.332275391 1 4894 315.111572266 33.6160888672 2 1411 324.443603516 16.5357666016 3 3700 71.9216308594 3.25219726563
-0.0400655110248 0.884386752505 0.938480341972
64 63 62
4 0 4060 -217.28527832 -849.560058594 1 1949 43.3249511719 -73.9953613281 2 1135 42.4702148438 -91.349609375 3 2026 -244.124511719 -99.3571777344
0.189076730616 0.955923606833 0.924051446654
28 39 36
3 0 4086 314.720458984 -993.720458984 1 3935 655.424316406 -295.287719727 3 2384 454.700927734 -318.661987305
0.189229227432 0.956164584 0.924315481388
28 39 36
4 0 4087 314.720458984 -993.720458984 1 3936 655.424316406 -295.287719727 2 1510 674.455322266 -328.989746094 3 2385 454.700927734 -318.661987305
0.137189989137 0.898259393663 0.941355063987
52 49 40
2 0 4125 196.426025391 -865.029541016 1 3170 503.940917969 -117.70324707
0.762521258172 1.34114892258 7.65080615206
157 158 153
2 0 4172 235.075439453 958.729492188 1 4043 -1174.16259766 -164.254760742
0.00117656926506 0.925772454725 0.93802106529
63 61 59
4 0 4463 -122.659179688 -921.890380859 1 2406 158.592041016 -212.131347656 2 1263 149.182128906 -213.674926758 3 2306 -117.66418457 -224.468017578
0.0497357729446 0.940545344149 0.940587245142
76 75 76
4 0 199 -0.0723876953125 -943.344970703 2 58 279.80859375 -258.480712891 1 129 280.078125 -255.817016602 3 129 26.5625 -269.457519531
0.124339921706 0.566883040302 0.963480992439
32 29 15
2 0 157 193.418701172 -178.921386719 2 59 492.62890625 901.541442871
0.0652003502393 0.836484357132 0.949636691599
42 31 25
2 0 167 31.5178222656 -743.249511719 2 61 328.766113281 58.3537597656
0.0415313871241 0.593968789198 0.955404353345
25 27 24
3 0 220 -16.5125732422 -250.243774414 2 91 255.139404297 780.491027832 3 177 -2.42041015625 764.153259277
0.0952869692156 0.858084617346 0.947317161711
66 59 53
4 0 263 103.71875 -785.474609375 2 92 409.321044922 -3.82214355469 1 226 390.463134766 7.87121582031 3 181 164.854980469 -20.3739013672
0.177878655091 0.601702928141 0.968071685614
19 21 17
3 0 260 329.359619141 -250.334228516 2 105 661.585449219 819.948486328 3 207 396.614257813 732.036682129
-0.0309527043539 0.554150504277 0.94574700978
21 23 20
4 0 234 -215.738647461 -175.146240234 2 130 54.0202636719 867.208862305 3 197 -214.709106445 889.875610352 1 240 79.3854980469 1038.97424316
0.0278915566122 0.86932684143 0.943194638101
22 27 30
4 0 410 -56.7967529297 -811.734863281 2 136 222.163085938 -43.8232421875 1 268 227.166503906 -26.6380615234 3 248 -41.0217285156 -52.7489013672
0.147440687873 0.565190432555 0.966477632048
19 21 18
3 0 333 252.479003906 -171.58581543 2 147 565.051025391 910.92388916 3 287 313.270019531 847.81439209
0.192380309737 0.585874615696 0.96788696015
78 64 15
4 0 478 363.019287109 -211.727416992 2 198 703.072998047 878.357543945 3 418 443.0625 778.70916748 1 570 598.418457031 800.388427734
0.0316236574704 0.844686705267 0.945158859582
29 35 34
3 0 476 -48.7126464844 -766.78125 2 203 233.456054688 30.4095458984 3 348 -27.6915283203 20.8798828125
0.204092509536 0.70608033373 0.960682075813
19 18 16
3 0 704 379.098632813 -474.98449707 2 211 741.137451172 499.48046875 3 445 481.871337891 429.118774414
0.16792531191 0.565592026801 0.966214731398
77 63 14
2 0 533 307.196289063 -171.419311523 2 219 623.449462891 928.665466309
0.167851629988 0.565603025052 0.966311757799
77 63 14
3 0 534 307.196289063 -171.419311523 2 220 623.449462891 928.665466309 3 450 372.523681641 838.496704102
0.100562045519 0.843623871517 0.947434355992
38 38 35
3 0 591 115.379638672 -759.342285156 2 236 425.351806641 40.7023925781 3 399 178.904296875 22.9361572266
0.191481127492 0.544842719416 0.969751125718
77 65 15
3 0 595 368.848876953 -120.859985352 2 241 698.821533203 1005.40466309 3 522 440.956787109 897.785888672
0.177899245809 0.553146505707 0.96864009329
20 22 19
4 0 606 333.876220703 -141.355712891 2 243 656.379882813 971.249938965 3 484 401.443603516 873.078796387 1 739 562.842529297 907.481811523
0.0208463833852 0.565355333543 0.952672750166
24 26 23
3 0 511 -76.7154541016 -190.912719727 2 247 195.207763672 856.807495117 3 421 -58.7551269531 850.851928711
0.167821631536 0.584515154413 0.968313622831
77 63 16
4 0 637 305.107910156 -212.268066406 2 252 627.346191406 868.998413086 3 474 371.775634766 781.827087402 1 548 537.494873047 817.732971191
0.0773077848238 0.844637863984 0.947375083398
29 21 18
4 0 802 58.1577148438 -759.814941406 2 253 360.481933594 35.4046630859 1 599 349.721435547 50.2509765625 3 490 108.446777344 21.1042480469
0.167584230099 0.542580931802 0.96729084779
78 64 17
3 0 721 308.258544922 -117.649536133 2 258 620.824951172 1000.73638916 3 602 373.330810547 903.787719727
0.0298452760275 0.552725084782 0.953497507548
81 67 18
2 0 635 -52.6097412109 -161.196777344 2 270 218.901367188 898.280273438
0.211772600274 0.587876934258 0.969730907005
77 63 16
4 0 799 414.686523438 -217.031738281 2 272 765.715332031 881.298095703 3 584 500.499755859 770.646850586 1 726 632.998779297 788.829772949
0.21189868783 0.588027072286 0.969307930858
77 63 16
3 0 800 414.686523438 -217.031738281 2 273 765.715332031 881.298095703 3 583 500.499755859 770.646850586
0.111365854731 0.555472855577 0.962728619769
77 63 16
4 0 661 161.814697266 -156.064819336 2 275 454.658203125 928.317321777 3 579 207.6796875 870.77722168 1 886 418.78515625 940.678771973
0.160547738023 0.552085390662 0.966349871179
20 22 19
2 0 925 290.786621094 -140.529174805 2 282 599.603515625 966.109008789
0.00883122752476 0.704642318191 0.949407072633
24 39 42
3 0 950 -106.523803711 -493.250610352 2 284 170.772216797 443.022460938 3 525 -95.2873535156 439.083496094
-1.62571252537 1.69982793875 2.87832909456
162 158 146
2 0 421 -1543.58422852 -158.138061523 3 434 -1689.27233887 -859.781982422
0.10438278981 0.5676321156 0.961577164308
22 24 21
3 0 654 140.942626953 -183.826782227 2 289 434.093017578 889.504150391 3 573 187.613037109 836.944519043
0.10438278981 0.5676321156 0.961577164308
22 24 21
3 0 655 140.942626953 -183.826782227 2 290 434.093017578 889.504150391 3 572 187.613037109 836.944519043
0.0100916563278 0.553488979134 0.949828599936
81 67 20
4 0 643 -107.877929688 -165.94909668 2 308 163.625244141 888.017578125 1 534 188.353515625 1011.91339111 3 485 -92.6413574219 887.01361084
0.121008335985 0.90564735432 0.941486204841
69 62 54
2 0 1147 158.844726563 -879.141357422 2 315 481.983154297 -154.461914063
0.200839060754 0.576672553768 0.970481913566
19 21 18
3 0 851 388.859130859 -190.770507813 2 323 731.121826172 911.807556152 3 941 466.5703125 801.279418945
0.115473326325 0.583049192386 0.963301249563
79 65 18
2 0 722 169.094238281 -214.926269531 2 329 468.1796875 846.799926758
0.115626238068 0.583130176659 0.963234435754
79 65 18
3 0 723 169.094238281 -214.926269531 2 330 468.1796875 846.799926758 3 644 221.117675781 789.606933594
0.0053951113102 0.595069682753 0.950557553666
78 64 18
4 0 700 -117.418701172 -257.91394043 2 345 153.588378906 763.756469727 3 588 -105.44909668 764.993408203 1 782 169.9140625 875.522277832
0.00505540482843 0.594646776782 0.951021144301
78 64 18
3 0 701 -117.418701172 -257.91394043 2 346 153.588378906 763.756469727 3 589 -105.44909668 764.993408203
-0.067491224421 0.907701876245 0.934968261398
84 80 79
4 0 1055 -278.237915039 -897.709960938 2 350 -29.4094238281 -160.80078125 1 576 -34.6502685547 -154.107299805 3 611 -327.302734375 -169.978759766
0.206958210724 0.718094353787 0.960359304463
62 66 51
4 0 1123 381.185791016 -499.760620117 2 353 752.167724609 461.666137695 1 1062 635.66796875 414.396240234 3 743 491.298339844 394.246459961
0.0914621173669 0.581889540943 0.960761790445
78 66 17
3 0 784 107.027832031 -215.717163086 2 360 396.771728516 838.52355957 3 645 150.485107422 795.975646973
-0.0519785192711 0.927299249292 0.935193271368
82 80 81
3 0 1237 -241.331420898 -929.158203125 2 365 10.1429443359 -217.282836914 3 595 -281.388061523 -229.426391602
0.159871303128 0.621941694645 0.964539792335
68 69 60
3 0 1038 278.388183594 -297.097412109 2 370 602.841796875 748.069519043 3 783 350.134033203 675.033691406
0.160854531255 0.563598702588 0.967284406862
76 62 13
3 0 1058 286.339355469 -166.409179688 2 374 604.415283203 930.51953125 3 779 352.926513672 843.680236816
0.160854531255 0.563598702588 0.967284406862
76 62 13
3 0 1057 286.339355469 -166.409179688 2 375 604.415283203 930.51953125 3 780 352.926513672 843.680236816
-0.0478789625654 0.61159350139 0.943832021158
85 84 77
3 0 1141 -255.466308594 -306.793579102 2 377 13.8909912109 694.640991211 3 709 -266.14831543 720.530944824
-0.0478789625654 0.61159350139 0.943832021158
85 84 77
3 0 1140 -255.466308594 -306.793579102 2 378 13.8909912109 694.640991211 3 708 -266.14831543 720.530944824
-0.00448293911445 0.576328680946 0.949775841581
23 25 20
3 0 860 -141.959960938 -218.782958984 2 384 125.910888672 811.364501953 3 648 -134.316162109 822.085205078
-0.00448293911445 0.576328680946 0.949775841581
23 25 20
3 0 861 -141.959960938 -218.782958984 2 385 125.910888672 811.364501953 3 649 -134.316162109 822.085205078
0.160835847502 0.575202518127 0.966899716624
20 22 20
3 0 1247 287.298095703 -192.39855957 2 406 604.393798828 894.639221191 3 768 351.322998047 809.471252441
0.160835847502 0.575202518127 0.966899716624
20 22 20
3 0 1248 287.298095703 -192.39855957 2 407 604.393798828 894.639221191 3 767 351.322998047 809.471252441
0.11089949232 0.854080414026 0.947215596288
21 29 31
4 0 1718 135.966552734 -777.866943359 2 412 457.2734375 9.11450195313 1 1030 432.665039063 19.9320068359 3 905 209.195800781 -8.02807617188
0.0681480050876 0.788493531173 0.949479328513
38 29 24
3 0 1211 39.259765625 -655.293701172 2 417 333.941162109 204.916381836 3 787 81.9145507813 189.324707031
0.0681480050876 0.788493531173 0.949479328513
38 29 24
3 0 1212 39.259765625 -655.293701172 2 418 333.941162109 204.916381836 3 786 81.9145507813 189.324707031
0.0825716802719 0.617058659131 0.959176515545
59 59 53
4 0 1319 83.9755859375 -296.903808594 2 419 372.567138672 728.260009766 1 851 349.732177734 766.514770508 3 924 125.682861328 692.374084473
0.0825716802719 0.617058659131 0.959176515545
59 59 53
4 0 1320 83.9755859375 -296.903808594 2 420 372.567138672 728.260009766 1 852 349.732177734 766.514770508 3 925 125.682861328 692.374084473
-0.0534054311288 0.681961299357 0.941365807244
52 33 26
4 0 1177 -262.536499023 -458.56640625 2 424 -1.18676757813 493.064697266 3 746 -282.428100586 509.389892578 1 814 12.1531982422 620.362915039
0.0620343224756 0.778358843857 0.949701621561
29 21 18
3 0 1542 27.0876464844 -634.291015625 2 437 314.922119141 235.001831055 3 846 63.41015625 218.089111328
0.227452620941 0.722133048309 0.960428582905
31 43 35
3 0 1362 431.0546875 -507.796508789 2 451 818.536132813 455.838134766 3 981 551.802490234 381.97277832
-0.061959403026 0.696367555338 0.939980939804
15 14 12
4 0 946 -285.667236328 -488.645751953 2 462 -21.7800292969 447.894775391 1 761 -9.34155273438 573.710266113 3 647 -309.759033203 468.471069336
-0.00359257392529 0.603713414142 0.950797548161
22 24 21
4 0 1011 -140.244018555 -280.411865234 2 463 133.440185547 732.921081543 1 724 141.749023438 857.362060547 3 865 -130.394165039 736.906555176
0.17454820034 0.622686993734 0.965448726445
86 86 78
3 0 1270 314.900390625 -297.43359375 2 472 648.557373047 752.501098633 3 916 393.007324219 672.35357666
0.17454820034 0.622686993734 0.965448726445
86 86 78
3 0 1269 314.900390625 -297.43359375 2 473 648.557373047 752.501098633 3 917 393.007324219 672.35357666
0.0101815034902 0.614349317337 0.950141132417
70 70 60
4 0 1276 -104.582397461 -301.705810547 2 489 167.916992188 708.452697754 1 798 182.223876953 812.802734375 3 825 -91.4675292969 707.14453125
0.244493720925 0.742475303254 0.958613106402
33 30 25
2 0 1432 470.285888672 -549.831787109 2 492 874.348632813 394.200561523
0.244493720925 0.742475303254 0.958613106402
33 30 25
2 0 1433 470.285888672 -549.831787109 2 493 874.348632813 394.200561523
0.126691718987 0.971595663604 0.929977768208
21 31 28
4 0 1655 170.4375 -1010.63671875 2 507 488.268554688 -368.793334961 3 907 261.428222656 -366.182128906 1 1099 495.523193359 -348.205566406
0.0790518312744 0.69803515255 0.954822743529
29 25 22
4 0 1479 69.0043945313 -469.57409668 2 509 363.9375 482.811096191 1 1264 347.257080078 514.456054688 3 950 114.345703125 455.344604492
0.0595009201937 0.960291916416 0.935248175334
41 35 27
4 0 995 15.3095703125 -986.126464844 2 516 303.466796875 -320.713012695 1 1061 316.483154297 -316.529541016 3 637 56.923828125 -334.92980957
0.125817939208 0.778106761455 0.95428090549
23 31 33
4 0 2387 176.398925781 -626.614013672 2 528 504.042724609 247.577148438 1 1416 459.319335938 253.953857422 3 1202 252.254882813 218.715454102
0.244213695447 0.783472344138 0.951305285534
20 28 31
2 0 1227 461.949707031 -641.114990234 2 532 871.335449219 259.41003418
-0.0400547818678 0.868861459644 0.938745889215
60 62 48
3 0 1578 -219.888916016 -822.000976563 2 543 42.2653808594 -46.1973876953 3 849 -243 -52.0385742188
0.218148627677 0.725481513058 0.96014316644
24 27 24
4 0 1821 407.201660156 -513.071044922 2 575 787.752929688 442.784057617 3 1312 524.348632813 372.551391602 1 2237 660.927978516 387.530883789
0.0815289828166 0.575663820822 0.958849727245
25 25 22
4 0 1446 82.052734375 -204.961181641 2 585 366.773925781 853.596496582 3 1071 120.713867188 814.666931152 1 1562 352.915283203 894.908447266
0.206402267576 0.624390875032 0.967406428469
37 36 31
3 0 1643 394.287841797 -298.135131836 2 587 749.8125 762.600402832 3 1138 485.610839844 665.510375977
0.137485291068 0.862208659531 0.945974913256
31 35 33
3 0 1946 200.507324219 -794.066162109 2 594 532.141601563 -15.4604492188 3 1145 290.930419922 -32.4337158203
0.0658113705629 0.55980738439 0.957374788488
26 27 21
2 0 1618 43.1711425781 -170.858520508 2 599 319.405761719 893.692199707
0.0658113705629 0.55980738439 0.957374788488
26 27 21
2 0 1619 43.1711425781 -170.858520508 2 600 319.405761719 893.692199707
0.0621523747731 0.713690402573 0.952803048093
17 17 15
4 0 2206 23.8583984375 -504.209716797 2 629 316.962158203 430.983520508 1 1450 307.994384766 469.307739258 3 1022 64.78515625 410.948120117
0.0659466627747 0.697268265067 0.953342840227
30 25 22
4 0 1639 36.4017333984 -470.5 2 633 326.542480469 481.512084961 3 1059 74.6066894531 457.795532227 1 1231 317.404541016 522.030761719
0.0305844127003 0.615985571318 0.953493141612
34 31 28
3 0 1753 -49.9478759766 -301.265991211 2 636 225.632080078 711.037536621 3 1119 -30.9499511719 700.633544922
0.030682083576 0.616056458503 0.953294656825
34 31 28
4 0 1754 -49.9478759766 -301.265991211 2 637 225.632080078 711.037536621 1 1161 230.499755859 794.601989746 3 1120 -30.9499511719 700.633544922
0.0153825796438 0.587510484639 0.951440199134
24 25 20
3 0 1333 -91.2379150391 -242.088867188 2 644 180.847167969 790.698486328 3 936 -74.8718261719 785.083251953
0.0153825796438 0.587510484639 0.951440199134
24 25 20
3 0 1334 -91.2379150391 -242.088867188 2 645 180.847167969 790.698486328 3 937 -74.8718261719 785.083251953
0.141450418548 0.904164127847 0.940387167726
64 61 52
4 0 2014 206.493652344 -877.043212891 2 653 541.075439453 -149.971435547 1 1640 515.516357422 -136.301513672 3 1173 303.343994141 -158.560913086
0.168607150985 0.965886247804 0.92527704531
38 53 50
4 0 2541 267.664794922 -1009.5300293 2 671 610.397705078 -357.264160156 1 1719 604.355957031 -326.055175781 3 1233 391.156982422 -350.294555664
0.0635612317928 0.722856792592 0.954125552721
31 40 37
4 0 1936 31.2088623047 -522.760253906 2 693 322.714599609 403.88269043 3 1133 68.2998046875 382.9453125 1 1474 305.779296875 440.325195313
0.186516392434 0.589000589308 0.968427428834
77 64 17
2 0 1763 349.440917969 -220.703491211 2 694 685.769287109 864.314453125
0.186516392434 0.589000589308 0.968427428834
77 64 17
2 0 1764 349.440917969 -220.703491211 2 695 685.769287109 864.314453125
0.124342825993 0.620388933726 0.962332980303
32 32 26
3 0 1851 188.491943359 -297.315917969 2 706 495.619140625 736.812316895 3 1328 246.273681641 681.206665039
0.124342825993 0.620388933726 0.962332980303
32 32 26
3 0 1852 188.491943359 -297.315917969 2 707 495.619140625 736.812316895 3 1329 246.273681641 681.206665039
0.236147522549 0.857699663529 0.941239310562
21 28 33
2 0 1644 433.990722656 -793.102539063 2 714 839.399658203 7.17309570313
0.0760582870566 0.871494966541 0.945592464685
23 23 18
4 0 2635 54.5471191406 -812.802001953 2 723 356.884521484 -48.533203125 1 1673 346.833251953 -32.5313720703 3 1407 105.660644531 -59.7897949219
0.0650912763322 0.567265359113 0.958055968109
80 66 19
3 0 1896 38.8276367188 -187.828857422 2 726 320.491943359 871.336303711 3 1346 72.3491210938 840.787597656
0.0140639839639 0.858922506768 0.943117032968
24 24 20
3 0 2794 -90.8735351563 -795.703857422 2 729 184.890380859 -13.1684570313 3 1258 -79.6684570313 -22.6359863281
0.00606652666268 0.605620695592 0.950356773107
22 24 21
4 0 1840 -114.214599609 -283.582275391 2 731 156.511474609 731.928039551 1 1367 169.668701172 844.377258301 3 1266 -102.682983398 732.786376953
0.0535868423114 0.692893454525 0.952093708801
27 45 47
3 0 2210 8.9345703125 -463.206542969 2 750 289.395507813 491.009094238 3 1434 37.2375488281 472.269165039
0.219278783018 0.712661994905 0.962202025665
25 25 21
2 0 2777 412.290771484 -486.729248047 2 756 793.283691406 483.431213379
0.219278783018 0.712661994905 0.962202025665
25 25 21
2 0 2776 412.290771484 -486.729248047 2 757 793.283691406 483.431213379
0.109798848334 0.619614736148 0.960845687537
35 34 29
2 0 1694 151.673583984 -297.817993164 2 758 451.905029297 733.090759277
0.19769502309 0.725113261422 0.960410301056
29 24 21
3 0 2289 358.507080078 -514.508544922 2 761 723.788818359 436.601928711 3 1273 463.001220703 372.791625977
0.154532460071 0.965440163624 0.928204384419
35 50 47
4 0 3034 235.081298828 -1004.03540039 2 763 568.805908203 -352.807983398 1 1650 564.07421875 -325.971801758 3 1462 349.406738281 -347.61328125
0.154532460071 0.965440163624 0.928204384419
35 50 47
4 0 3033 235.081298828 -1004.03540039 2 764 568.805908203 -352.807983398 1 1651 564.07421875 -325.971801758 3 1463 349.406738281 -347.61328125
0.0236252109307 0.855781332681 0.943674976268
23 24 20
4 0 2903 -67.0561523438 -788.544677734 2 769 210.073242188 -3.62805175781 1 1430 213.793212891 20.1086425781 3 1445 -51.4802246094 -13.0491943359
0.155592231172 0.95884525113 0.929527583953
24 33 30
2 0 2872 234.867431641 -990.270996094 2 775 575.684570313 -330.668212891
0.155756464349 0.958796363766 0.929219566307
24 33 30
4 0 2873 234.867431641 -990.270996094 2 776 575.684570313 -330.668212891 1 1766 568.050048828 -305.315917969 3 1524 350.919433594 -327.229858398
-0.05969794402 0.707167121288 0.940051778429
68 68 57
3 0 2138 -276.869750977 -511.747070313 2 784 -15.896484375 417.783447266 3 1347 -302.755126953 434.866333008
-0.00436657001018 0.706080923268 0.947084672329
32 24 21
3 0 2011 -137.900390625 -498.623535156 2 787 132.188964844 434.936767578 3 1260 -135.056274414 435.541015625
0.0769771964806 0.723722829356 0.954228690845
32 42 40
3 0 1992 64.0627441406 -521.617797852 2 798 358.659667969 404.092041016 3 1423 108.010253906 379.892456055
-0.0188277332922 0.61343253758 0.947645762643
28 28 22
3 0 1815 -178.776000977 -304.240478516 2 817 90.1442871094 699.501831055 3 1354 -177.823608398 712.222045898
-0.0188277332922 0.61343253758 0.947645762643
28 28 22
3 0 1816 -178.776000977 -304.240478516 2 818 90.1442871094 699.501831055 3 1355 -177.823608398 712.222045898
0.1480668723 0.712991160345 0.959782744297
35 27 22
3 0 2243 238.1875 -491.56262207 2 826 569.467529297 458.668823242 3 1522 317.684570313 409.039916992
-0.0745905963993 0.711483235703 0.938137545527
24 24 24
3 0 2079 -314.807006836 -523.897460938 2 830 -53.8583984375 402.832519531 3 1327 -348.229858398 421.879882813
-0.0770750395996 0.859597332841 0.935048103361
20 21 16
3 0 2386 -306.146484375 -811.302978516 2 849 -54.5723876953 -21.4304199219 3 1320 -357.741577148 -24.6975097656
0.0230794401506 0.691203508156 0.950904528991
29 43 44
3 0 3035 -71.4421386719 -463.718017578 2 864 209.00390625 486.888793945 3 1615 -52.4084472656 478.506347656
0.235372267644 0.755290285659 0.957695310519
45 42 37
4 0 2622 445.829101563 -575.074951172 2 903 843.634765625 350.796142578 3 2058 576.697998047 284.657470703 1 2520 700.369628906 298.124511719
0.00838004623237 0.926786052778 0.938574329331
79 78 76
4 0 3183 -103.779785156 -922.669189453 2 904 168.450683594 -216.981079102 1 1660 177.021972656 -214.821289063 3 1616 -96.9412841797 -227.25
0.0451996042967 0.922072489269 0.94034817471
39 37 40
4 0 2240 -17.2972412109 -909.076660156 2 936 267.330078125 -204.496704102 1 2261 273.847900391 -197.915283203 3 1465 13.4066162109 -211.506713867
0.0469900021977 0.775509928426 0.950324097744
25 20 17
2 0 3712 -13.2631835938 -630.758300781 2 937 278.031738281 241.760986328
0.142376398182 0.7208403703 0.958978911075
79 78 69
4 0 3086 224.306152344 -508.418457031 2 956 552.342773438 431.81652832 1 2417 491.286621094 423.162109375 3 1963 300.328125 386.885009766
-0.0733254943498 0.74004362767 0.939234364485
29 24 20
2 0 1666 -308.14440918 -578.898193359 2 957 -47.3532714844 320.115722656
0.244788548545 0.512877216026 0.973461698598
64 66 52
3 0 3139 513.254394531 -44.5106201172 2 969 871.239746094 1143.15625 3 1188 591.477783203 987.275817871
0.130596321992 0.620208707767 0.96252025991
22 22 20
2 0 2736 204.303222656 -296.56262207 2 1033 513.885498047 740.345397949
0.130887311872 0.620769559789 0.962399678955
22 22 20
4 0 2737 204.303222656 -296.56262207 2 1034 513.885498047 740.345397949 3 2324 265.811767578 679.12689209 1 3923 464.154052734 727.635986328
0.193118522102 0.720057860716 0.960494326677
60 62 49
4 0 2910 347.863037109 -503.026367188 2 1036 708.134033203 451.497558594 3 2283 450.013427734 388.455444336 1 4331 604.766601563 410.413574219
0.205120676369 0.734121312995 0.958622028111
27 22 18
3 0 2796 374.6796875 -534.954956055 2 1041 746.348388672 410.07043457 3 2118 486.422119141 347.225585938
-0.0551392687251 0.713131162342 0.940751058125
28 21 18
4 0 2457 -265.055419922 -524.26159668 2 1062 -1.95751953125 401.559448242 1 2543 6.35485839844 515.933044434 3 1857 -289.144897461 416.545654297
0.142831537496 0.621856735128 0.963825621724
21 21 19
2 0 3060 235.332763672 -297.905883789 2 1094 551.143798828 740.231628418
-0.0254934698932 0.612758231585 0.946419283379
21 23 20
3 0 2345 -196.771850586 -304.473510742 2 1095 71.3720703125 700.189575195 3 1914 -197.431152344 714.024169922
-0.0254934698932 0.612758231585 0.946419283379
21 23 20
3 0 2346 -196.771850586 -304.473510742 2 1096 71.3720703125 700.189575195 3 1913 -197.431152344 714.024169922
0.0470241601438 0.804747375083 0.947703361684
70 63 57
3 0 2583 -11.4523925781 -688.840087891 2 1104 275.131347656 153.0859375 3 1862 18.474609375 139.926147461
0.0471437786253 0.804704242035 0.947578648909
70 63 57
2 0 2584 -11.4523925781 -688.840087891 2 1105 275.131347656 153.0859375
0.113225482915 0.791016536327 0.952859127456
23 30 31
3 0 3084 148.232421875 -654.076660156 2 1130 465.50390625 206.451416016 3 2903 215.046142578 179.793823242
0.146843732364 0.871713013141 0.945045442014
34 49 46
3 0 4200 221.122314453 -813.168457031 2 1131 560.655761719 -46.5849609375 3 2393 318.889160156 -59.1611328125
0.0140567126476 0.585325993306 0.951513055392
25 26 19
3 0 2522 -94.7178955078 -237.057739258 2 1140 177.244384766 796.239318848 3 1659 -78.6784667969 791.607971191
0.0716268478992 0.71408708328 0.953709172151
61 64 51
4 0 3361 50.6059570313 -503.524169922 2 1181 343.154296875 432.325195313 1 2900 329.621582031 465.318481445 3 2240 91.7294921875 408.994262695
0.0716268478992 0.71408708328 0.953709172151
61 64 51
4 0 3360 50.6059570313 -503.524169922 2 1182 343.154296875 432.325195313 1 2899 329.621582031 465.318481445 3 2239 91.7294921875 408.994262695
-0.0192426965234 0.885549287998 0.939947552557
71 71 69
3 0 4022 -168.618408203 -848.740234375 2 1208 96.552734375 -94.2513427734 3 2227 -180.426147461 -102.635620117
0.248862295929 0.747367175417 0.95674272975
28 36 37
2 0 4208 480.476806641 -562.209716797 2 1221 887.636474609 379.864379883
0.250871579743 0.793794754677 0.949744055106
23 28 31
2 0 3674 478.132080078 -661.866943359 2 1233 892.006347656 225.620483398
0.115310249991 0.619994051818 0.961516920189
21 21 19
3 0 4062 164.552490234 -297.893066406 2 1240 468.853759766 734.397338867 3 2641 220.502441406 682.856140137
0.115310249991 0.619994051818 0.961516920189
21 21 19
3 0 4063 164.552490234 -297.893066406 2 1241 468.853759766 734.397338867 3 2640 220.502441406 682.856140137
0.10974652591 0.778197788016 0.953235450842
27 23 19
4 0 3683 139.551757813 -629.162353516 2 1251 454.814453125 244.933227539 3 2369 205.834228516 218.094604492 1 2926 420.945800781 256.62121582
-0.0261327170056 0.848930988182 0.941152886182
65 60 28
3 0 4231 -185.645019531 -780.978515625 2 1254 78.2922363281 12.5418701172 1 2481 81.1357421875 46.1239013672
-0.0888352700048 0.745051678585 0.93482016099
28 22 19
3 0 2359 -348.469116211 -595.6875 2 1272 -91.0600585938 300.338012695 3 1257 -391.083251953 325.237548828
-0.0366655346118 0.742711098786 0.942969147507
28 20 17
3 0 3828 -215.590209961 -578.037353516 2 1297 47.6069335938 320.366088867 3 1819 -233.68762207 327.252929688
-0.0619004906551 0.873939707825 0.936970170724
59 60 53
4 0 4276 -269.78527832 -833.088378906 2 1372 -14.7840576172 -62.5083007813 1 2270 -17.4788818359 -38.5899658203 3 2158 -309.8125 -67.0264892578
0.0442229899764 0.782468218717 0.948964266364
30 26 23
2 0 4461 -18.2757568359 -644.884033203 2 1393 267.680175781 219.596191406
-0.024530384497 0.717323258408 0.944475012929
25 36 36
4 0 3693 -188.553100586 -526.135620117 2 1401 79.9091796875 396.982421875 1 2898 88.8125 488.73260498 3 3148 -197.188476563 403.286987305
0.0961092668171 0.840883776158 0.948189321257
83 82 72
4 0 3830 104.224853516 -753.915527344 2 1418 413.930908203 47.7668457031 1 4778 393.101806641 65.2828369141 3 2539 165.850585938 30.1590576172
0.137781291232 0.705714113487 0.959056223844
28 40 42
4 0 3532 214.048828125 -479.457763672 2 1422 537.813720703 477.360717773 1 4566 480.162597656 471.465454102 3 3568 287.970703125 431.747070313
-0.046691948161 0.707254692516 0.942076402332
29 19 18
4 0 3010 -245.348632813 -508.836669922 2 1460 19.439453125 421.429321289 1 3126 29.99609375 530.836364746 3 2405 -262.82019043 433.616699219
0.00118127070432 0.614239617823 0.949427887871
25 25 23
4 0 3747 -127.215454102 -303.107788086 2 1474 143.539550781 705.358947754 1 3189 158.213623047 818.399597168 3 2675 -118.01184082 707.903381348
0.16761720209 0.622396642294 0.965344474665
22 22 19
3 0 4160 297.119628906 -296.652832031 2 1502 626.921875 750.11541748 3 3371 373.383300781 672.891113281
0.16761720209 0.622396642294 0.965344474665
22 22 19
3 0 4161 297.119628906 -296.652832031 2 1503 626.921875 750.11541748 3 3370 373.383300781 672.891113281
0.0989750539457 0.618667041913 0.959392569024
26 26 25
4 0 4335 123.998779297 -297.726074219 2 1587 419.345703125 731.631530762 3 3453 172.288330078 687.726745605 1 5029 392.590820313 751.750610352
0.0989750539457 0.618667041913 0.959392569024
26 26 25
4 0 4336 123.998779297 -297.726074219 2 1588 419.345703125 731.631530762 3 3454 172.288330078 687.726745605 1 5030 392.590820313 751.750610352
0.0722513951847 0.700955171255 0.954340465378
60 63 49
4 0 4362 52.7512207031 -476.401367188 2 1650 344.763916016 472.250610352 3 3246 93.5285644531 447.613525391 1 4069 330.688720703 506.594299316
-0.0335558069782 0.709941001509 0.943910496444
61 62 49
4 0 4180 -211.838378906 -510.706787109 2 1884 54.2404785156 415.998168945 1 4214 64.6970214844 515.677062988 3 3057 -222.850341797 425.943725586
-0.0130295357005 0.924965359951 0.936994909924
81 77 76
2 0 3517 -153.327270508 -923.154052734 2 2023 111.658691406 -210.414306641
0.0988778102105 0.818428339116 0.951135990962
21 17 14
2 1 193 395.962158203 134.829223633 2 63 423.860107422 116.202880859
-0.00609819557129 0.734339628636 0.946244855904
14 19 22
3 1 139 138.301025391 424.228515625 2 69 132.4140625 352.038574219 3 146 -145.978149414 352.374145508
-0.00609819557129 0.734339628636 0.946244855904
14 19 22
3 1 140 138.301025391 424.228515625 2 70 132.4140625 352.038574219 3 147 -145.978149414 352.374145508
-0.0098473600899 0.938855947447 0.935977005965
48 47 43
3 1 134 130.897216797 -258.02746582 2 73 118.638183594 -252.705932617 3 160 -154.113525391 -263.801147461
-0.0098473600899 0.938855947447 0.935977005965
48 47 43
3 1 135 130.897216797 -258.02746582 2 74 118.638183594 -252.705932617 3 161 -154.113525391 -263.801147461
-0.0466632753178 0.730391251072 0.944492228212
18 14 13
3 1 118 23.1791992188 451.932250977 2 84 24.0681152344 351.428222656 3 155 -260.724121094 364.873779297
0.0750464420147 0.704171836198 0.957231616252
28 30 29
2 1 194 331.687988281 493.506469727 2 99 356.389404297 463.379638672
0.0842330444988 0.761737178272 0.955300539054
17 26 25
3 1 211 354.213134766 311.314575195 2 111 382.781494141 290.540405273 3 194 130.711181641 266.602783203
0.0358826946942 0.915032038823 0.941699725262
26 25 24
2 1 236 246.328857422 -173.861083984 2 126 244.239746094 -181.965332031
0.0358826946942 0.915032038823 0.941699725262
26 25 24
2 1 237 246.328857422 -173.861083984 2 127 244.239746094 -181.965332031
0.187480962655 0.730545934274 0.958055344865
19 18 16
3 1 500 595.728271484 387.020629883 2 145 688.813476563 415.575561523 3 277 435.292236328 354.57043457
0.0614455678114 0.916058023346 0.940779404729
49 48 44
3 1 326 314.516357422 -173.550537109 2 148 311.583984375 -186.904541016 3 245 63.5185546875 -196.29296875
0.108427329819 0.904597577401 0.941376902314
40 35 31
3 1 337 432.255126953 -138.37121582 2 153 443.92578125 -150.029052734 3 298 205.497802734 -160.26574707
0.108898785734 0.904574464794 0.941478331652
40 35 31
4 1 336 432.255126953 -138.37121582 2 154 443.92578125 -150.029052734 0 578 135.790039063 -877.027099609 3 299 205.497802734 -160.26574707
-0.0498244751982 0.912456206363 0.935795725432
30 30 28
2 1 251 17.6641845703 -171.025146484 2 155 16.0643310547 -173.227416992
0.142361019653 0.65504002768 0.964050933248
44 45 39
2 1 362 485.086669922 620.462524414 2 159 553.067626953 636.058349609
-0.0446332897559 0.719261165355 0.941619790332
14 13 11
2 1 317 35.8354492188 492.04864502 2 167 25.1052246094 384.211791992
0.0642993364611 0.860330011638 0.946814076351
38 35 30
2 1 338 314.452880859 3.19116210938 2 170 324.452148438 -14.2919921875
0.0210997196694 0.565499201135 0.952050846159
16 17 19
3 1 516 210.204101563 964.828369141 2 246 195.207763672 856.807495117 3 422 -58.7551269531 850.851928711
0.0415246097141 0.706286077767 0.95339987709
15 23 25
2 1 582 252.761230469 500.219055176 2 285 260.826904297 446.192138672
0.0472813522481 0.859641013108 0.946099477434
37 34 29
3 1 708 270.760498047 6.62744140625 2 313 275.83203125 -13.5391845703 3 546 21.6413574219 -24.6937255859
0.0539003975294 0.875076776842 0.944697202402
21 27 25
3 1 757 290.548095703 -43.7076416016 2 363 294.021484375 -59.7717285156 3 656 39.7825927734 -71.1923828125
-0.0639400575365 0.706783008958 0.939751815451
37 38 32
2 1 692 -17.0769042969 539.8203125 2 388 -25.7197265625 418.358276367
0.036606095037 0.829228148754 0.947487682929
22 17 14
4 1 1066 245.210693359 101.975463867 2 422 246.601806641 76.6220703125 0 923 -36.8865966797 -730.180908203 3 660 -12.6861572266 68.765625
0.209953332219 0.957688229264 0.919971758345
12 16 15
3 1 1200 710.544677734 -298.571777344 2 434 736.188964844 -337.669799805 3 1044 521.852294922 -325.677246094
0.0442083672817 0.859424948751 0.94452384408
38 35 30
3 1 810 266.904052734 7.10168457031 2 449 266.876464844 -12.95703125 3 775 9.97204589844 -23.9215087891
0.143516798948 0.956664035246 0.93047538749
14 18 17
2 1 1014 536.411621094 -299.411987305 2 461 538.778320313 -322.732910156
0.0679254244213 0.801563552474 0.949601361808
21 17 14
3 1 1399 322.284179688 188.763305664 2 494 334.052001953 164.807128906 3 781 81.0290527344 151.53125
0.0679254244213 0.801563552474 0.949601361808
21 17 14
3 1 1398 322.284179688 188.763305664 2 495 334.052001953 164.807128906 3 782 81.0290527344 151.53125
0.126533954081 0.971536943302 0.930059993047
12 15 14
2 1 1098 495.523193359 -348.205566406 2 506 488.268554688 -368.793334961
0.182609351621 0.958474373295 0.924125518419
19 23 22
3 1 1451 638.311767578 -302.654785156 2 525 650.404541016 -334.084106445 3 1430 439.119873047 -328.681884766
-0.0300209645335 0.87420627781 0.939129808639
14 18 19
4 1 843 72.1955566406 -39.0053710938 2 534 68.4558105469 -61.2489013672 0 1581 -194.995117188 -830.541503906 3 847 -213.93371582 -68.9034423828
0.00587719109759 0.95739197097 0.935780908013
23 28 24
2 1 1007 173.347412109 -317.812255859 2 593 159.520263672 -308.903076172
0.219202595143 0.965722764969 0.915386084107
21 30 27
3 1 1546 741.412353516 -323.156982422 2 607 763.536376953 -366.83605957 3 1240 551.01171875 -353.404541016
0.0142555402238 0.849926196738 0.943504566812
38 39 31
3 1 1251 189.505126953 39.5755615234 2 639 185.702880859 13.2769775391 3 1001 -80.4505615234 5.01623535156
0.188622814914 0.97215153698 0.919925278453
9 13 12
4 1 1686 662.842041016 -344.82019043 2 664 668.16796875 -383.525878906 0 2664 311.729980469 -1027.06567383 3 1339 455.267822266 -371.322631836
0.168488570146 0.965857344942 0.925619101399
19 25 23
3 1 1718 604.355957031 -326.055175781 2 670 610.397705078 -357.264160156 3 1232 391.156982422 -350.294555664
0.0199577339387 0.844391982821 0.944013367958
14 15 17
2 1 1538 203.963134766 56.8879394531 2 691 200.368896484 31.0708007813
-0.0564471509808 0.906799318478 0.936190230504
19 19 19
2 1 1388 -2.20739746094 -150.74230957 2 709 0.14794921875 -157.874511719
0.172041023686 0.958638312345 0.926711785967
10 14 13
3 1 1825 610.884521484 -303.995605469 2 774 622.474609375 -333.098876953 3 1509 401.408203125 -327.30090332
-0.0137252097721 0.919729647396 0.937776003153
21 21 21
3 1 1343 117.798339844 -193.735107422 2 790 109.921875 -195.606933594 3 1092 -165.204833984 -205.264404297
-0.055096668646 0.864713281054 0.938352732171
13 13 12
4 1 1183 1.10314941406 -6.99060058594 2 795 3.82189941406 -34.6876220703 0 2590 -253.481567383 -814.384277344 3 1226 -290.05456543 -39.5461425781
-0.0131197583175 0.907744001924 0.938876140267
23 23 23
2 1 1644 118.035400391 -152.405883789 2 844 111.920166016 -159.885253906
-0.0774288431274 0.859619710229 0.935756865501
14 15 11
4 1 1499 -62.3057861328 12.9110107422 2 850 -54.5723876953 -21.4304199219 0 2385 -306.146484375 -811.302978516 3 1321 -357.741577148 -24.6975097656
0.050257930836 0.785841662685 0.948905147833
10 10 8
2 1 2119 278.993652344 243.790405273 2 862 283.706298828 209.924682617
-0.04372131113 0.907023669499 0.937160426973
19 19 19
3 1 1456 33.8253173828 -151.064086914 2 874 33.3114013672 -156.881225586 3 1154 -256.259887695 -169.228149414
-0.0442797834803 0.919037338386 0.936413866432
18 18 18
3 1 1446 32.6873779297 -193.301391602 2 880 31.5423583984 -193.197021484 3 1325 -258.067382813 -203.511108398
0.0208919481093 0.845888888053 0.943917732964
12 16 17
2 1 2199 206.567871094 51.9409179688 2 923 202.786132813 26.6324462891
0.0532632173566 0.953222366779 0.937346545703
45 44 40
2 1 2638 297.937988281 -298.073730469 2 946 287.773681641 -299.754760742
0.0278669910694 0.909207351077 0.94064087464
17 16 16
2 1 1918 227.309814453 -155.256591797 2 947 220.949462891 -164.551513672
-0.0569373700134 0.893260939156 0.936370960021
49 48 44
2 1 1582 -3.05249023438 -104.958251953 2 963 -1.64904785156 -117.526000977
-0.0569103429163 0.893203018965 0.936386552855
49 48 44
3 1 1583 -3.05249023438 -104.958251953 2 964 -1.64904785156 -117.526000977 3 1666 -295.501708984 -125.84362793
0.0456267388877 0.909670410476 0.941214723043
16 16 15
3 1 2287 273.403320313 -155.206176758 2 979 269.354003906 -166.093383789 3 1582 14.708984375 -176.102172852
0.143113440695 0.963939393614 0.929543162098
19 25 23
3 1 2555 536.83203125 -322.928833008 2 1003 536.90234375 -345.661743164 3 2112 312.176757813 -343.097167969
0.143113440695 0.963939393614 0.929543162098
19 25 23
3 1 2554 536.83203125 -322.928833008 2 1004 536.90234375 -345.661743164 3 2113 312.176757813 -343.097167969
0.0875169026055 0.744679806772 0.954202685577
11 10 10
3 1 2516 366.091308594 365.751098633 2 1017 389.793212891 342.59777832 3 1949 139.824951172 317.534545898
0.0693109811011 0.873799308756 0.945482183638
34 33 28
2 1 2421 328.999023438 -39.1363525391 2 1060 337.419433594 -56.3233642578
0.178167517539 0.964650721639 0.924303292374
21 27 25
3 1 2562 629.793457031 -321.29296875 2 1069 639.533691406 -355.441162109 3 1923 420.818603516 -346.786376953
-0.037425041513 0.9245001505 0.936461964335
47 46 42
4 1 1757 52.1079101563 -211.395385742 2 1085 48.1721191406 -208.679443359 0 3555 -209.875732422 -922.120605469 3 1703 -235.786743164 -221.116455078
-0.0250909898343 0.889526525017 0.939828861098
28 28 26
2 1 2129 83.6171875 -91.2204589844 2 1086 81.9384765625 -106.090698242
0.0153437451738 0.860606822213 0.942473843672
15 14 11
2 1 2600 193.282958984 4.72229003906 3 2579 -76.4122314453 -27.5911865234
-0.0400437723166 0.8843807591 0.938522900205
48 47 45
3 1 1948 43.3249511719 -73.9953613281 2 1134 42.4702148438 -91.349609375 3 2025 -244.124511719 -99.3571777344
-0.0296310275542 0.92488126799 0.936972282724
47 46 42
4 1 1978 73.650390625 -211.884521484 2 1138 68.7272949219 -210.13659668 0 3728 -190.337890625 -922.013671875 3 2045 -213.43359375 -221.97265625
-0.182285032233 1.46087677148 7.96545725323
175 176 178
2 1 1923 -1634.26171875 -213.564208984 2 1150 1594.84716797 -245.168823242
-0.182285032233 1.46087677148 7.96545725323
175 176 178
2 1 1924 -1634.26171875 -213.564208984 2 1151 1594.84716797 -245.168823242
0.0273581783229 0.774468589496 0.947733259235
15 14 12
3 1 2495 221.22265625 285.419921875 2 1155 219.802734375 240.505737305 3 1798 -39.4119873047 229.718017578
0.0865844809485 0.817390273096 0.950300617055
49 44 38
4 1 3242 367.539794922 136.657592773 2 1156 387.464599609 119.22265625 0 2767 82.6359863281 -706.210693359 3 1928 136.923095703 102.802001953
-0.0266307491074 0.93014747827 0.936924366233
21 19 20
3 1 2143 81.7624511719 -229.383056641 2 1159 76.4748535156 -225.646240234 3 2056 -203.914306641 -238.016967773
0.0468804507615 0.803937092585 0.948204277258
44 39 35
2 1 3790 270.368164063 186.857177734 2 1180 274.994628906 154.007202148
-0.0584555009672 0.853567746912 0.938043655359
12 12 10
3 1 1957 -8.08020019531 32.3063964844 2 1183 -5.802734375 -2.98303222656 3 2093 -299.171875 -6.11206054688
0.0829439774605 0.869120000932 0.945499504057
38 35 30
2 1 3134 363.852050781 -25.8193359375 2 1205 375.041748047 -39.9982910156
0.00656620702594 0.863555142481 0.9419372831
15 19 20
3 1 2407 169.858154297 -4.80993652344 2 1216 163.513916016 -28.0148925781 3 2216 -102.381591797 -36.2185058594
0.119392924158 0.860649008331 0.947257603798
20 29 26
3 1 2615 451.330566406 0.0223388671875 2 1230 481.481201172 -11.5416259766 3 2376 234.865478516 -27.5954589844
0.119392924158 0.860649008331 0.947257603798
20 29 26
3 1 2614 451.330566406 0.0223388671875 2 1231 481.481201172 -11.5416259766 3 2377 234.865478516 -27.5954589844
0.197453543232 0.957638573385 0.922506918993
18 27 25
2 1 3282 677.827148438 -298.826660156 2 1238 698.790527344 -334.478271484
-0.0306832039796 0.845740344851 0.941238573889
13 13 11
3 1 2222 67.3818359375 56.6911621094 2 1243 66.1745605469 21.9149169922 3 2303 -213.780639648 17.8662109375
-0.0455134913908 0.893899681059 0.937350827678
48 47 43
3 1 2155 29.5393066406 -106.897705078 2 1249 28.9056396484 -119.424316406 3 2346 -262.490966797 -127.911621094
-0.0455134913908 0.893899681059 0.937350827678
48 47 43
3 1 2156 29.5393066406 -106.897705078 2 1250 28.9056396484 -119.424316406 3 2347 -262.490966797 -127.911621094
0.0191918521341 0.926278842739 0.93837478562
50 49 45
3 1 2307 207.764892578 -212.021728516 2 1257 196.962158203 -216.25 3 2218 -66.6519775391 -226.180419922
-0.0197627219232 0.89040926871 0.938838232574
25 24 22
3 1 2871 100.161865234 -94.3228759766 2 1258 93.3571777344 -108.497192383 3 3063 -181.979614258 -117.694213867
-0.0439162346832 0.888978083676 0.938023584239
21 20 20
3 1 2226 32.4730224609 -89.8804931641 2 1269 32.2353515625 -104.840454102 3 2252 -255.596313477 -113.190795898
-0.0439162346832 0.888978083676 0.938023584239
21 20 20
3 1 2225 32.4730224609 -89.8804931641 2 1270 32.2353515625 -104.840454102 3 2251 -255.596313477 -113.190795898
0.189041766221 0.700413352545 0.961291354777
19 19 18
3 1 4382 595.151611328 471.36706543 2 1289 695.605957031 511.864135742 3 3731 436.791259766 446.102294922
-0.0930825817069 0.860604073741 0.931993954356
11 11 9
3 1 2236 -102.576660156 7.35388183594 2 1300 -96.4713134766 -24.9079589844 3 2677 -407.51184082 -25.4610595703
-0.032859220257 0.929848476734 0.936558498409
28 25 25
2 1 2538 64.5187988281 -228.953613281 2 1307 60.2844238281 -224.646728516
0.102117058695 0.71911837404 0.95588527643
53 52 47
3 1 3367 401.005371094 440.450195313 2 1311 431.768310547 425.462402344 3 2730 181.821533203 393.177612305
-0.0256600426598 0.712977838136 0.944233453554
52 49 42
3 1 2653 86.2084960938 503.400634766 2 1316 75.5600585938 409.78515625 3 2410 -200.118774414 416.155395508
0.102972214491 0.801958879727 0.951444335709
9 9 9
2 1 4216 406.376953125 183.215454102 2 1317 434.525634766 170.452758789
-0.0672213479956 0.893052687136 0.936036564333
49 48 46
2 1 2379 -33.1337890625 -104.379638672 2 1337 -26.998046875 -117.111816406
-0.0671365531915 0.893065045381 0.936080970524
49 48 46
3 1 2380 -33.1337890625 -104.379638672 2 1338 -26.998046875 -117.111816406 3 2314 -326.28125 -125.920410156
0.174354655933 0.723892490423 0.958978617764
17 17 15
3 1 4614 565.129882813 406.631103516 2 1369 649.288574219 431.985839844 3 3362 394.888671875 377.538452148
-0.00627345539596 0.890621076474 0.940162940766
23 23 21
3 1 2413 135.676269531 -94.5806884766 2 1375 129.620361328 -108.933105469 3 2453 -141.078613281 -118.224243164
-0.00627345539596 0.890621076474 0.940162940766
23 23 21
3 1 2414 135.676269531 -94.5806884766 2 1376 129.620361328 -108.933105469 3 2454 -141.078613281 -118.224243164
0.0446187882627 0.782296669816 0.948470087521
19 18 16
2 1 2683 265.315917969 256.334838867 2 1394 267.680175781 219.596191406
0.102620219227 0.723345387465 0.955900719127
18 23 24
3 1 3327 402.171630859 426.8515625 2 1397 433.842773438 412.215209961 3 3680 182.854736328 381.334838867
-0.00240865971827 0.907019935136 0.938881196804
13 13 13
2 1 3075 148.038818359 -149.173950195 2 1398 139.209228516 -158.303100586
-0.0422503322687 0.9292455029 0.936368011838
22 22 20
3 1 2568 37.5574951172 -227.921264648 2 1438 36.5085449219 -222.604736328 3 3012 -250.973876953 -235.042480469
-0.0619862665137 0.89775864584 0.93606168725
30 29 27
3 1 2511 -17.7767333984 -120.606201172 2 1455 -13.9600830078 -130.621582031 3 2573 -311.211669922 -140.087646484
0.0148322493273 0.900218273169 0.940504615622
29 28 26
3 1 2939 192.845214844 -126.306762695 2 1457 185.703125 -137.298583984 3 3158 -77.9410400391 -146.881958008
-0.0771118496403 0.937138792711 0.933347265769
33 33 31
2 1 2605 -61.3698730469 -259.26574707 2 1469 -51.9888916016 -244.112426758
-0.0449261505801 0.879517319393 0.937787888671
20 20 21
2 1 2503 30.720703125 -57.4483642578 2 1486 28.9404296875 -77.3853759766
0.00300611654694 0.930925829075 0.937739050916
32 31 29
3 1 2831 163.662841797 -229.375 2 1488 153.288574219 -229.193115234 3 2776 -114.296508789 -240.143432617
-0.0417796188193 0.709057937989 0.942511200897
37 38 31
3 1 3578 42.9282226563 522.31842041 2 1494 32.3315429688 417.324829102 3 2399 -248.188110352 429.067016602
-0.0673274693417 0.888357772179 0.93544409278
30 28 29
3 1 2446 -32.0533447266 -88.2720947266 2 1497 -28.4477539063 -103.712646484 3 2485 -327.55078125 -111.477783203
-0.0673274693417 0.888357772179 0.93544409278
30 28 29
3 1 2447 -32.0533447266 -88.2720947266 2 1498 -28.4477539063 -103.712646484 3 2486 -327.55078125 -111.477783203
-0.061195244515 0.937189618182 0.934185188497
26 25 23
2 1 2274 -14.8731689453 -257.450927734 2 1499 -12.4658203125 -245.084472656
-0.061195244515 0.937189618182 0.934185188497
26 25 23
2 1 2275 -14.8731689453 -257.450927734 2 1500 -12.4658203125 -245.084472656
-0.302932558695 0.574818670676 8.0449759101
155 156 153
2 1 3120 -1688.90905762 177.177124023 2 1511 1531.45263672 128.289794922
0.0318300966708 0.798891397174 0.947000546864
10 10 9
3 1 3475 233.364990234 203.983032227 2 1547 232.930175781 168.021118164 3 2905 -27.0369873047 158.337890625
-0.0488670841508 0.69107820062 0.940886911991
12 10 11
3 1 2839 26.7873535156 588.250610352 2 1550 11.8087158203 467.714233398 3 3546 -270.528808594 482.430603027
-1.58119369034 1.70378834762 3.18444359343
163 161 148
2 0 135 -1394.90405273 -30.1956787109 3 151 -1492.06445313 -783.741210938
0.0406733153834 0.905149702836 0.941172674364
45 44 40
4 1 3361 260.729492188 -141.124633789 2 1579 255.92578125 -152.634643555 0 4418 -27.6265869141 -880.211425781 3 3151 -0.376586914063 -161.552368164
-0.0361611373614 0.8894835998 0.938998246387
22 21 21
3 1 2475 53.0798339844 -91.5334472656 2 1591 52.7150878906 -106.01159668 3 3163 -231.651611328 -114.573120117
0.0332286619887 0.904835455265 0.941438109171
46 44 40
3 1 2955 239.964355469 -140.677368164 2 1592 235.400634766 -151.463623047 3 3255 -21.6141357422 -160.438598633
-0.039074836361 0.665073624335 0.943645204319
14 14 13
3 1 3416 51.6958007813 670.747802734 2 1596 37.724609375 544.629699707 3 2985 -239.635742188 559.991271973
0.0256522837231 0.926405996636 0.939091303491
48 47 43
2 1 3145 223.127929688 -212.189941406 2 1599 214.055419922 -216.568969727
-0.0301156972663 0.893428643764 0.939307671855
46 45 43
2 1 4030 69.9211425781 -104.777099609 2 1601 68.8605957031 -117.378173828
-0.0185531441302 0.841800358551 0.942238031417
14 14 12
3 1 3221 101.09375 69.5296630859 2 1602 98.8220214844 34.5744628906 3 2982 -178.620239258 29.0090332031
0.0199936962688 0.901116259212 0.940663508779
31 30 28
3 1 3353 206.370849609 -128.893310547 2 1610 199.338378906 -140.079589844 3 3010 -62.0844726563 -149.700561523
-0.0490930001596 0.873561826779 0.938274630903
13 12 10
3 1 3106 18.1480712891 -37.0910644531 2 1611 19.2364501953 -60.1350097656 3 3123 -271.659545898 -66.4968261719
-0.0697338272858 0.897520465504 0.935177265776
25 24 22
3 1 2634 -39.4163818359 -120.4375 2 1612 -33.9650878906 -130.006103516 3 2921 -335.008422852 -139.155639648
-0.0252000968535 0.884393473349 0.939178608121
46 45 43
3 1 2667 85.0786132813 -74.1446533203 2 1618 80.67578125 -90.9591064453 3 2674 -199.6171875 -99.2186279297
0.130411880629 0.698431493709 0.958711402103
20 22 20
3 1 4844 465.051757813 494.213256836 2 1620 515.199707031 498.642028809 3 3745 264.845947266 453.429443359
-0.0632281580323 0.712594778673 0.939946776585
14 14 12
3 1 2788 -15.9498291016 519.643920898 2 1622 -23.7060546875 401.522216797 3 3065 -312.869384766 418.922363281
-0.050917640913 0.877620685033 0.937898225255
45 46 44
3 1 3117 13.0855712891 -50.5426025391 2 1635 14.3216552734 -72.1110839844 3 2898 -277.059936523 -79.2255859375
-0.0537839643506 0.870596086377 0.938071169492
36 37 29
3 1 3288 4.40393066406 -26.5793457031 2 1647 6.51818847656 -52.0856933594 3 3209 -284.770751953 -57.4587402344
-0.310382936501 1.04559090335 3.50082116099
96 93 73
2 1 2709 -1567.12756348 -142.201416016 2 1652 1069.61230469 -167.061157227
-0.025381622514 0.920740466764 0.937247650145
15 15 15
3 1 3057 85.095703125 -197.920288086 2 1653 79.0151367188 -198.586303711 3 2221 -199.432495117 -208.26953125
-0.0552346186945 0.900805308056 0.936671588926
48 49 45
3 1 3035 1.19152832031 -130.995361328 2 1662 3.84533691406 -139.596191406 3 2922 -291.013061523 -148.82824707
0.0447242100055 0.90141907981 0.941614583727
22 19 20
3 1 4029 270.862060547 -129.673828125 2 1671 266.960205078 -140.686157227 3 3287 11.8940429688 -150.057495117
0.0650400010248 0.878420342842 0.944263698661
23 26 22
2 1 4688 320.083740234 -54.7913818359 2 1692 324.282226563 -69.8752441406
0.0516278372222 0.747653393255 0.950658155532
17 18 15
2 1 4951 281.576416016 364.356689453 2 1714 286.903564453 326.736572266
-0.0460983796617 0.9202225373 0.936212166863
21 21 21
3 1 3573 27.3917236328 -197.888061523 2 1726 26.4660644531 -196.027832031 3 2750 -263.059448242 -207.314086914
-0.0151588893309 0.906315128651 0.938582618225
23 22 23
3 1 3769 112.918945313 -147.078979492 2 1743 106.198730469 -155.394287109 3 2802 -168.860473633 -166.610107422
0.0317110182088 0.84352181367 0.944884834488
17 18 18
3 1 4806 234.051269531 59.9888916016 2 1745 232.693115234 34.4410400391 3 3282 -27.2857666016 23.0025634766
-0.03705369432 0.90242932197 0.938223629929
46 45 43
3 1 3596 51.552734375 -135.511962891 2 1746 50.9987792969 -143.965454102 3 3580 -235.703613281 -153.970703125
0.0145099429562 0.692661297878 0.94936315223
17 17 15
3 1 3675 189.081787109 554.963134766 2 1764 183.022460938 479.650085449 3 3398 -78.0844726563 474.763305664
0.00310676830198 0.903812342063 0.939395416785
47 46 45
3 1 3641 162.899169922 -138.437011719 2 1770 154.400634766 -148.15222168 3 3957 -114.250976563 -158.212524414
-0.0333150186255 0.920483482582 0.937033753524
11 10 10
3 1 3389 62.9733886719 -197.518432617 2 1811 59.2177734375 -197.651977539 3 2535 -224.010253906 -207.607421875
-0.313196334997 0.403385532119 8.04767064096
159 163 165
2 1 3143 -1692.67871094 252.483154297 2 1813 1524.79003906 199.710449219
-0.0250410563764 0.905947210359 0.937999751033
18 18 18
3 1 2909 85.9794921875 -147.1953125 2 1826 80.4248046875 -153.514160156 3 2546 -198.868774414 -165.372436523
-0.0371585513727 0.898482615804 0.938319170606
23 22 22
3 1 3387 50.6147460938 -122.211547852 2 1827 49.5256347656 -132.587768555 3 3518 -234.405273438 -141.713256836
0.03039923067 0.900946573013 0.941929858103
30 29 27
3 1 3625 232.619384766 -127.859130859 2 1839 229.493896484 -139.675415039 3 3170 -31.9565429688 -148.727905273
-0.0502441358646 0.9377806428 0.934873046818
25 25 23
2 1 2879 16.33984375 -258.332763672 2 1840 15.3063964844 -247.075561523
-0.0504788101348 0.937698711741 0.934766134633
25 25 23
3 1 2880 16.33984375 -258.332763672 2 1841 15.3063964844 -247.075561523 3 3631 -277.655761719 -260.872802734
0.00619382852095 0.698988909069 0.948200995965
19 23 24
3 1 4437 168.426025391 538.569396973 2 1852 160.59765625 458.984985352 3 3080 -103.390869141 455.088012695
0.0993856100128 0.846328193085 0.947817086143
20 22 21
3 1 5056 401.839355469 46.9627685547 2 1858 422.936279297 30.3342285156 3 3574 175.670410156 15.4700927734
-0.288197165468 1.04516666249 3.49323944566
67 55 41
2 1 3508 -1541.51000977 -141.719604492 2 1860 1088.57470703 -167.458374023
0.038598744944 0.901021662818 0.941641863074
23 23 21
3 1 4223 254.252197266 -127.880859375 2 1873 249.963623047 -139.583862305 3 4130 -5.73107910156 -149.444335938
-0.00540576589062 0.871340020943 0.941374772826
18 23 19
3 1 4028 137.831054688 -30.3430175781 2 1889 133.265136719 -51.5842285156 3 3911 -139.724487305 -59.8172607422
-0.0712858235319 0.860392092492 0.936350694312
35 33 18
3 1 3470 -43.8657226563 9.04260253906 2 1897 -38.7132568359 -22.7294921875 3 3274 -338.726806641 -27.1306152344
0.0260537248703 0.904269826055 0.940468115964
44 43 39
2 1 3539 223.095458984 -139.182128906 2 1901 215.542480469 -149.660522461
-0.364184228366 1.0433249083 3.49898100578
63 50 38
2 1 3365 -1628.51000977 -140.288696289 2 1918 1019.73901367 -165.084960938
-0.364184228366 1.0433249083 3.49898100578
63 50 38
2 1 3366 -1628.51000977 -140.288696289 2 1919 1019.73901367 -165.084960938
0.0747202007699 0.709720049975 0.953557327058
18 17 15
3 1 4684 337.652832031 478.703796387 2 1921 351.050048828 446.75402832 3 3596 101.163085938 421.67590332
-0.00654547584417 0.700553592622 0.946994303048
37 38 32
2 1 4368 135.3046875 537.001403809 2 1928 126.272460938 451.22253418
-0.00276836573956 0.7103084516 0.947185883507
17 16 13
3 1 4616 144.766601563 503.058776855 2 1931 136.841064453 423.450561523 3 3701 -130.250366211 423.254516602
-0.0184169579904 0.902858488838 0.938814636429
48 47 45
3 1 3620 103.806152344 -136.489624023 2 1939 98.4926757813 -145.41809082 3 3081 -179.268920898 -154.772338867
-0.0329020598744 0.905885356805 0.937450290802
10 10 10
4 1 3358 63.501953125 -146.801391602 2 1949 60.7006835938 -153.344238281 0 4032 -199.186645508 -890.529052734 3 2971 -222.459228516 -164.832641602
0.157677571739 0.759630104365 1.93859495803
246 249 238
2 1 3670 -537.557617188 187.647583008 2 1964 1226.30053711 177.639038086
-0.004799835971 0.881628011855 0.940595169334
34 34 32
3 1 4115 139.851806641 -64.787109375 2 2024 133.777587891 -82.1638183594 3 3904 -137.128295898 -90.7860107422
-0.0300282729101 0.899254603553 0.938308259772
26 26 26
2 1 4817 71.5825195313 -124.937011719 2 2028 67.9436035156 -134.27331543
0.0294973770421 0.904604945812 0.940795702321
45 44 40
3 1 5087 231.827636719 -140.269775391 2 2125 225.349853516 -150.202880859 3 4335 -34.1376953125 -160.35144043
-0.0314560212484 0.88864039695 0.938778472462
46 45 43
3 1 4353 67.4682617188 -88.681640625 2 2129 64.5454101563 -104.149047852 3 3679 -218.30090332 -111.410888672
-0.0314560212484 0.88864039695 0.938778472462
46 45 43
3 1 4354 67.4682617188 -88.681640625 2 2130 64.5454101563 -104.149047852 3 3678 -218.30090332 -111.410888672
-0.313371911484 1.02757051814 8.00256481346
151 158 163
2 1 4704 -1696.93334961 -22.970703125 2 2141 1529.82006836 -60.2723388672
-0.0228884544769 1.47651062056 7.96373752151
147 148 147
2 1 4953 -1556.72766113 -218.66027832 2 2167 1671.88647461 -253.569213867
0.0706138283283 0.72111918485 0.952903867803
28 35 31
3 0 93 46.2768554688 -519.916137695 3 52 89.5305175781 388.274291992 2 32 340.762207031 411.387207031
-0.00200964600768 0.557337802289 0.949042672136
55 47 22
3 0 142 -137.334472656 -178.764648438 3 143 -128.423461914 876.595825195 2 78 131.833251953 872.475769043
-0.022533813716 0.702709330471 0.946656187982
62 64 50
2 0 211 -184.989746094 -492.895507813 3 175 -188.530883789 445.758422852
-0.0237416908218 0.892808958925 0.93879874764
65 63 66
3 0 340 -177.034423828 -862.365966797 3 203 -194.671386719 -124.934570313 2 128 82.7321777344 -116.216552734
-0.0529044615989 0.887593000895 0.937135080792
42 40 41
2 0 401 -248.342407227 -857.618164063 3 244 -282.447021484 -109.160522461
-0.0411442754845 0.675399376424 0.942560015381
25 20 17
2 0 552 -232.692138672 -443.443115234 3 440 -246.385742188 529.56628418
-0.0411442754845 0.675399376424 0.942560015381
25 20 17
2 0 553 -232.692138672 -443.443115234 3 441 -246.385742188 529.56628418
0.00840112497907 0.578113896928 0.95052692256
46 41 22
2 1 512 177.778564453 931.495605469 3 398 -96.4378662109 815.473388672
0.0940780482321 0.557576603592 0.96115594086
80 66 17
2 0 622 114.451171875 -161.352294922 3 481 158.416748047 866.687255859
0.0840684212871 0.737645581675 0.953769219351
17 16 15
3 0 688 81.1770019531 -549.913330078 3 454 128.587158203 338.634399414 2 248 379.098388672 363.888916016
0.0431922570431 0.915971859297 0.940036055611
21 20 20
2 0 761 -20.1376953125 -900.512207031 3 375 6.21838378906 -194.510742188
0.0431922570431 0.915971859297 0.940036055611
21 20 20
2 0 762 -20.1376953125 -900.512207031 3 374 6.21838378906 -194.510742188
0.200839060754 0.576672553768 0.970481913566
19 21 18
3 0 850 388.859130859 -190.770507813 3 940 466.5703125 801.279418945 2 322 731.121826172 911.807556152
0.0957588664004 0.8311406543 0.951779068657
40 29 25
3 0 890 104.644775391 -727.973632813 3 665 165.343994141 61.3507080078 2 393 414.638427734 76.5572509766
-0.0652620170483 0.866660776212 0.937407418535
23 24 18
2 0 907 -278.408325195 -820.136474609 3 479 -320.302001953 -45.8229980469
0.0755973397377 0.778160095793 0.950894162392
10 9 7
2 2 562 355.054931641 238.75769043 3 969 104.041748047 218.535888672
0.0653975467339 0.838245765769 0.95082820598
42 31 25
2 0 963 31.9594726563 -744.777832031 3 691 73.2622070313 39.5859375
0.159871303176 0.621941688007 0.964539795717
68 69 60
3 0 1039 278.388183594 -297.097412109 3 784 350.134033203 675.033691406 2 369 602.841796875 748.069519043
0.0482161266566 0.617177722205 0.955018403033
80 80 70
2 0 1365 -4.74523925781 -301.38293457 3 833 21.6938476563 695.671020508
0.24634288181 0.774924140248 0.952990605283
80 77 65
2 0 1482 469.875732422 -621.106201172 3 1088 611.80859375 227.859863281
0.0727035505947 0.581010106721 0.960568803588
48 43 23
3 1 866 326.369628906 879.130187988 3 879 95.2897949219 798.308532715 2 557 344.342285156 833.311828613
0.0127300576457 0.765139771259 0.948476843388
85 81 70
3 0 1726 -91.4641113281 -615.041259766 3 1009 -84.0673828125 258.711425781 1 956 179.090087891 319.373168945
0.0127300576457 0.765139771259 0.948476843388
85 81 70
3 0 1727 -91.4641113281 -615.041259766 3 1008 -84.0673828125 258.711425781 1 955 179.090087891 319.373168945
-0.0317672673218 0.612719515043 0.945733072447
43 42 39
2 0 1805 -212.715698242 -305.768798828 3 1374 -217.129272461 715.3515625
-0.0317477366763 0.612917979375 0.945968050873
43 42 39
3 0 1806 -212.715698242 -305.768798828 3 1373 -217.129272461 715.3515625 1 1549 72.1411132813 841.35144043
0.00620704162947 0.605760954436 0.950425232427
22 24 21
2 0 1839 -114.214599609 -283.582275391 3 1265 -102.682983398 732.786376953
0.0936928793916 0.619129750582 0.959709293018
30 27 23
2 0 1986 110.773925781 -298.518432617 3 1519 156.480957031 686.672302246
0.243148140518 0.857478005554 0.940378817812
65 64 59
2 0 2063 450.584716797 -793.785400391 3 1458 610.352783203 -17.9763183594
0.209331717084 0.965264920943 0.917277107903
37 52 49
2 0 2200 361.707763672 -1020.52392578 3 1200 520.065917969 -350.915039063
0.209327000597 0.965233593393 0.917248174899
37 52 49
3 0 2201 361.707763672 -1020.52392578 3 1201 520.065917969 -350.915039063 1 1423 715.201171875 -322.044677734
0.032334635364 0.927227832805 0.938555001535
81 78 79
3 0 2281 -46.4001464844 -922.566162109 3 1446 -25.7846679688 -228.714233398 2 869 231.118896484 -219.549194336
0.00974203929881 0.621819507229 0.95180786754
15 16 17
2 1 1461 176.325439453 788.030456543 3 1330 -92.2160644531 683.406433105
-0.0831152445506 0.871505642425 0.934129262419
23 24 19
3 0 2472 -321.449584961 -832.770263672 3 1401 -376.554443359 -59.5935058594 1 1865 -75.083984375 -31.0493164063
0.0902651114785 0.845251301941 0.947618751213
42 31 25
3 0 2475 91.4270019531 -761.850097656 3 1398 147.964111328 18.7591552734 2 771 396.164550781 33.7827148438
0.0140567126476 0.585325993306 0.951513055392
25 26 19
3 0 2521 -94.7178955078 -237.057739258 3 1658 -78.6784667969 791.607971191 2 1139 177.244384766 796.239318848
-0.106208801663 0.87024967563 0.929701023796
14 20 18
2 1 1286 -140.682006836 -24.7352294922 3 1333 -447.789428711 -56.5959472656
0.0757846835484 0.871438731578 0.945604837065
23 23 18
2 0 2634 54.5471191406 -812.802001953 3 1406 105.660644531 -59.7897949219
0.0279875312572 0.93134847254 0.938938174197
22 21 19
2 1 5070 229.365966797 -228.198730469 3 4531 -38.4875488281 -241.169555664
-0.0318848868885 0.560984814722 0.992934821646
81 68 19
2 0 2738 -212.962402344 -127.748779297 3 2412 -205.797241211 830.75579834
0.0148417248582 0.546053790741 0.951864174841
12 12 11
2 2 1166 177.070556641 911.323303223 3 2433 -77.0822753906 908.262023926
-0.0961419430459 0.732027149351 0.932866197238
69 61 57
2 0 2790 -367.461303711 -573.95703125 3 2085 -416.14831543 362.844360352
-0.0990920684856 0.846399146742 0.93264631398
20 28 30
2 0 3320 -362.139160156 -792.055908203 3 2427 -424.504394531 15.5318603516
0.0273047404645 0.920730101912 0.939373815788
8 8 6
2 2 749 218.433105469 -199.755615234 3 1164 -40.5316162109 -208.693847656
0.0722050655363 0.945448617302 0.94129872925
39 51 47
2 0 3549 44.6009521484 -948.086914063 3 3120 94.6750488281 -283.030517578
-0.0885399455755 0.659538319393 0.936546170432
33 25 18
2 2 1088 -92.0036621094 545.82989502 3 1663 -390.929077148 580.416687012
-0.047152561211 0.85080138154 0.939375241108
21 22 17
2 0 3620 -235.661865234 -788.007568359 3 1724 -265.507568359 2.13525390625
-0.0465648819566 0.869133978651 0.939720589517
36 37 29
2 1 2371 23.1964111328 -21.5908203125 3 2089 -263.439697266 -53.2967529297
0.0354372589386 0.838757165094 0.945460756953
86 82 73
2 0 3809 -39.3570556641 -754.908691406 3 2473 -15.8972167969 38.2703857422
-0.0633440007341 0.883107538599 0.936343566744
78 77 76
2 0 3914 -270.581665039 -851.032470703 3 1730 -316.471557617 -95.6882324219
0.221718570282 0.699151799258 0.961427719042
24 38 40
2 0 3965 421.092529297 -460.620361328 3 3923 534.208496094 449.466308594
0.209696055764 0.730612210576 0.958628069411
34 36 35
2 1 3565 643.963378906 378.463745117 3 2988 500.021728516 357.029418945
-0.0931253408975 0.664080723757 0.93425618202
69 72 56
3 0 4168 -368.342407227 -432.845581055 3 3216 -405.697265625 567.850036621 2 1586 -106.377197266 532.343200684
0.0722347649356 0.700964835163 0.954316006665
60 63 49
3 0 4363 52.7512207031 -476.401367188 3 3245 93.5285644531 447.613525391 1 4068 330.688720703 506.594299316
0.020611280069 0.615212540538 0.952012048828
26 26 24
2 0 4364 -76.7957763672 -301.694580078 3 3273 -59.5865478516 703.586730957
0.0171983277384 0.931087855033 0.938222665114
26 25 23
3 1 3942 201.614501953 -228.355712891 3 3475 -71.2286376953 -240.683227539 2 1641 190.897949219 -230.415039063
0.0721749615835 0.631090214962 1.02801527325
38 39 33
2 1 0 201.963623047 687.293762207 3 1 87.2353515625 608.894470215
0.0923682319521 0.791418321758 0.95152601286
9 9 9
3 1 294 380.291015625 215.317504883 3 223 154.573974609 180.826049805 2 122 403.294677734 202.137939453
0.0283044784199 0.57925104181 0.952532176416
47 40 21
2 1 597 227.482910156 916.088989258 3 514 -36.9017333984 809.421447754
-0.0979274713976 0.877664221819 0.931405682894
57 56 52
2 1 682 -118.079467773 -49.8540039063 3 540 -421.843994141 -80.6845703125
0.0367201013932 0.811681743218 0.946705169067
22 18 14
2 1 1040 245.945800781 164.548217773 3 655 -11.9533691406 117.026489258
0.0785619516379 0.814304000368 0.949679136642
16 12 9
2 1 1331 348.239013672 147.995483398 3 818 113.042480469 111.513671875
0.0102955020999 0.614479762683 0.949857102128
42 42 39
3 1 797 182.223876953 812.802734375 3 824 -91.4675292969 707.14453125 2 488 167.916992188 708.452697754
0.00060546290038 0.543261334259 0.948962969279
16 17 19
2 1 1318 161.614013672 1052.05566406 3 909 -119.77331543 920.079589844
0.244592877288 0.782594247376 0.952117647692
17 21 22
2 1 2102 729.491943359 221.941894531 3 1185 607.122070313 204.331176758
-0.0198237962489 0.92574125523 0.937639933499
51 50 46
2 1 1470 100.126953125 -213.145751953 3 1190 -183.132324219 -225.120849609
0.0650613533571 0.775259532374 0.951697375333
17 13 12
2 1 4193 312.533935547 273.588012695 3 4490 72.5388183594 227.772460938
0.0170690031563 0.904265903889 0.941094564283
44 42 38
2 1 4512 197.629882813 -139.341308594 3 4479 -71.3157958984 -159.093505859
0.00177540377623 0.752925791312 0.943114621234
29 28 26
2 1 1520 162.064453125 362.105712891 3 1497 -117.176147461 296.968383789
2.33224489667 -0.0565159357482 8.92156606957
253 253 253
2 1 5104 -684.447143555 340.084594727 3 4409 764.797363281 304.203857422
0.198440827002 0.965589574187 0.918864479333
18 27 24
2 1 1866 687.315917969 -323.661376953 3 1595 485.743408203 -351.783691406
0.121596851669 0.695486562647 0.961096411816
18 26 28
2 1 1774 439.303466797 505.946838379 3 1664 238.796630859 460.442871094
-0.00236846239092 0.921057490744 0.937791586098
22 22 22
2 1 2391 149.218505859 -197.475830078 3 1763 -130.303833008 -209.477416992
-0.0806141984151 0.87668559976 0.93261815148
48 47 44
3 1 4484 -66.3237304688 -44.9699707031 3 1908 -369.345825195 -77.7884521484 2 1042 -65.0650634766 -72.5463867188
0.00526237211827 0.84778306838 0.94333753883
13 13 11
2 1 2089 164.967773438 47.3782958984 3 2027 -106.666625977 11.3508300781
0.0567174256462 0.747528142009 0.950715646302
32 31 27
2 1 2963 294.731201172 364.490722656 3 2202 47.7199707031 310.259277344
-0.0252107404307 0.614200343586 0.945530344554
15 16 18
2 1 3066 91.3588867188 834.466308594 3 2271 -197.616088867 711.317504883
0.207697549735 0.725604631474 0.95937332154
20 19 17
3 1 3879 638.140136719 392.895019531 3 2617 494.106201172 372.252319336 2 1129 753.717773438 437.751831055
0.00119125642635 0.614299000735 0.949229706612
16 16 15
2 1 3188 158.213623047 818.399597168 3 2676 -118.01184082 707.903381348
0.0715518469187 0.954756837841 0.937725047378
20 26 23
2 1 4975 344.413085938 -301.920776367 3 2679 93.263671875 -310.107299805
-0.03985554758 0.933693691882 0.936476336178
50 49 45
2 1 2631 44.1486816406 -242.788818359 3 2700 -243.953979492 -248.710693359
-0.0752437354719 0.847695325558 0.936145638209
11 15 16
2 1 2754 -54.3981933594 53.7601318359 3 2763 -351.203613281 11.7261962891
0.19658258292 0.957436635689 0.921596867037
18 27 25
2 1 3283 677.827148438 -298.826660156 3 2847 478.729003906 -325.224365234
0.189463518104 0.960081771216 0.923481083389
19 27 24
2 1 3876 657.531738281 -307.014160156 3 2883 455.998291016 -332.825073242
0.189463518104 0.960081771216 0.923481083389
19 27 24
2 1 3877 657.531738281 -307.014160156 3 2884 455.998291016 -332.825073242
0.0920829699823 0.846622194823 0.947958565167
23 17 13
2 1 3819 383.408447266 44.3096923828 3 2906 153.707763672 15.5739746094
0.0365539983905 0.863017657721 0.945534814697
11 15 16
2 1 1802 244.298095703 -5.39306640625 3 2940 -12.5397949219 -33.1938476563
0.0896672172746 0.728388305546 0.95535185163
19 16 14
3 1 3122 370.137451172 414.918945313 3 3027 146.098144531 365.787231445 2 1378 395.966552734 393.61315918
-0.0114973784535 0.873024655613 0.939594557382
18 20 18
2 1 4801 123.625732422 -35.9329833984 3 4293 -157.651367188 -64.943359375
0.0966308565257 0.71867354638 0.956254570975
19 20 19
3 1 3865 386.490966797 443.278320313 3 3595 166.151611328 394.364257813 2 2022 416.302734375 424.939331055
-0.0609873605999 0.888560955296 0.936813163282
29 26 27
2 1 3709 -15.5461425781 -88.4786376953 3 3728 -307.8359375 -112.271606445
-0.0609873605999 0.888560955296 0.936813163282
29 26 27
2 1 3710 -15.5461425781 -88.4786376953 3 3729 -307.8359375 -112.271606445
0.189041766221 0.700413352545 0.961291354777
19 19 18
3 1 4383 595.151611328 471.36706543 3 3732 436.791259766 446.102294922 2 1290 695.605957031 511.864135742
0.00672176894124 0.544746501598 0.948481735947
17 18 19
2 1 4445 179.136474609 1044.06921387 3 3823 -101.525634766 915.7734375
-0.00156543503036 0.878931305762 0.940894781959
46 45 42
2 1 4785 148.552734375 -55.4117431641 3 3848 -127.507202148 -83.0321044922
-0.00764543288605 0.903600325539 0.93842199564
45 44 42
2 1 3846 134.512939453 -138.782836914 3 3892 -146.186035156 -157.112670898
-0.105283726743 0.738992901119 0.932446863869
14 13 11
2 1 3944 -133.150756836 444.974731445 3 3899 -443.5546875 341.128662109
-0.00290354743563 0.902916681787 0.938918379907
47 46 44
2 1 4675 146.870117188 -136.347900391 3 3986 -131.790893555 -154.870727539
-0.0172885408077 0.880553327273 0.939832754401
33 32 33
2 1 4748 106.367431641 -61.0623779297 3 4011 -175.0859375 -87.6668701172
-0.099060508143 0.735844070499 0.932732079145
16 15 13
2 1 4398 -113.926269531 453.940307617 3 4043 -424.547485352 350.779907227
-0.0334958806807 0.855346854458 0.939801360979
12 13 10
2 1 4735 61.9040527344 25.0153808594 3 4118 -223.991821289 -11.9577636719
0.0383044233056 0.760447233945 0.949157893759
12 14 13
2 1 4165 248.788818359 327.455078125 3 4291 -7.25988769531 272.386108398
-0.0562833467363 0.878668108612 0.936987934581
21 21 21
2 1 4457 -1.20617675781 -54.5080566406 3 4275 -293.55871582 -82.1020507813
0.0383044233056 0.760447233945 0.949157893759
12 14 13
2 1 4164 248.788818359 327.455078125 3 4290 -7.25988769531 272.386108398
0.0717162422228 0.634819001182 1.00809922308
30 31 26
2 2 0 408.456298828 646.54095459 3 0 87.2353515625 608.894470215
0.157658207974 0.682081870114 0.963386550526
35 36 28
2 2 16 599.879882813 559.081970215 3 30 344.299804688 497.677429199
-0.111496240485 0.969644996888 0.949245627559
20 26 22
2 2 38 -104.501220703 -329.184814453 3 103 -454.710693359 -353.202270508
0.148700140673 0.74266860467 0.953286981909
11 17 17
2 2 52 565.8984375 366.158691406 3 135 321.353271484 324.390380859
0.12463934269 0.567010584977 0.962815165019
15 15 10
2 2 60 492.62890625 901.541442871 3 154 247.039794922 837.784606934
0.0565370738933 0.89271490978 0.939033492248
42 41 37
2 2 65 294.661621094 -112.81640625 3 104 47.7216796875 -126.231567383
0.169088524191 0.712687831237 0.958651805275
33 34 26
2 2 67 631.545410156 465.975463867 3 165 379.930175781 411.743530273
0.0703721995616 0.736392596123 0.953681414346
11 10 8
2 2 80 341.307373047 364.30480957 3 166 88.1870117188 342.239013672
0.101651084418 0.597084267927 0.962705152997
11 13 12
2 2 93 429.434082031 797.340637207 3 186 179.402099609 748.958557129
0.0749949238416 0.703781256404 0.95773796012
13 15 12
2 2 97 357.061279297 463.293212891 3 180 101.522460938 437.625854492
0.0131305553446 0.889554392825 0.939685657261
42 41 37
2 2 112 179.3984375 -105.358032227 3 193 -83.3070068359 -114.978027344
0.0777526706455 0.596549000188 0.963940058328
11 11 11
2 2 117 364.762451172 785.566589355 3 213 108.923339844 750.118347168
0.0588502712128 0.762644349865 0.951043266077
15 21 19
2 2 129 308.187011719 282.267333984 3 219 54.0559082031 264.910644531
0.0428439009951 0.789215770937 0.950414072483
6 6 6
2 2 135 266.180175781 197.767211914 3 234 6.341796875 186.80078125
-0.0508880395499 0.912385992531 0.937460144521
18 18 16
2 2 156 16.0643310547 -173.227416992 3 257 -277.08605957 -183.833496094
0.0314977887344 0.844623173206 0.945835413239
14 15 14
2 2 204 233.456054688 30.4095458984 3 347 -27.6915283203 20.8798828125
0.0479314514127 0.859687353056 0.94396629537
31 28 23
2 2 312 275.83203125 -13.5391845703 3 547 21.6413574219 -24.6937255859
0.0765273222606 0.565190246091 0.959355530466
41 36 17
2 2 414 352.971191406 880.924621582 3 654 105.921875 847.609558105
0.200798258427 0.972115770751 0.916962502883
10 12 9
2 2 573 704.385009766 -385.968383789 3 1499 493.955078125 -372.221557617
0.219116806837 0.96575639116 0.915919380541
18 25 23
2 2 608 763.536376953 -366.83605957 3 1239 551.01171875 -353.404541016
0.152298034745 0.971963706357 0.925549187113
13 15 13
2 2 675 560.591064453 -375.196289063 3 1450 341.391357422 -368.565185547
0.109934415541 0.619820266217 0.960568521343
19 19 15
2 2 759 451.905029297 733.090759277 3 1546 204.280517578 683.606933594
0.10036523206 0.549557452389 0.960956977176
12 14 11
2 2 883 419.775390625 942.567565918 3 1577 175.849121094 890.390991211
0.193672495977 0.714638149666 0.960387620693
32 34 28
2 2 1028 709.716552734 468.571044922 3 2107 451.781738281 404.126586914
-0.0506641851675 0.676825889407 0.939529448957
23 15 13
2 2 1048 4.02075195313 507.139099121 3 2642 -275.588867188 527.835571289
0.125324904689 0.872691197596 0.945049839832
48 44 34
2 2 1057 496.510253906 -49.1710205078 3 1792 253.926513672 -63.9193115234
0.178123060054 0.964782306454 0.924486604213
18 24 20
2 2 1070 639.533691406 -355.441162109 3 1924 420.818603516 -346.786376953
0.0469110965412 0.804527037487 0.948174064049
37 36 32
2 2 1179 274.994628906 154.007202148 3 1863 18.474609375 139.926147461
-0.0252123138907 0.613843844581 0.945711872221
9 11 10
2 2 1214 71.5603027344 697.795471191 3 2270 -197.616088867 711.317504883
-0.0140104009871 0.89487819281 0.936408826303
39 38 36
2 2 1215 105.011230469 -122.012084961 3 2236 -165.761352539 -131.339599609
0.196951146852 0.957736254732 0.923891569352
18 24 22
2 2 1237 698.790527344 -334.478271484 3 2846 478.729003906 -325.224365234
0.0911327571617 0.839800731302 0.949030748548
21 16 12
2 2 1256 400.642089844 51.4356689453 3 1986 150.704589844 34.6398925781
-0.0084368294964 0.895230409004 0.939190326926
40 39 35
2 2 1291 123.437255859 -122.750244141 3 2329 -148.46875 -131.982055664
-0.0084368294964 0.895230409004 0.939190326926
40 39 35
2 2 1292 123.437255859 -122.750244141 3 2330 -148.46875 -131.982055664
0.102002524336 0.719052210703 0.956330100664
44 44 36
2 2 1310 431.768310547 425.462402344 3 2729 181.821533203 393.177612305
-0.0375842740653 0.894006124996 0.93677926934
37 36 32
2 2 1356 46.4454345703 -119.646850586 3 2577 -237.038574219 -128.57409668
-0.0375842740653 0.894006124996 0.93677926934
37 36 32
2 2 1357 46.4454345703 -119.646850586 3 2578 -237.038574219 -128.57409668
0.039613730552 0.720618024969 0.950849371029
12 16 17
2 2 1425 253.141113281 403.855102539 3 2910 -3.33312988281 390.516113281
-0.025429426847 0.913752840724 0.938420965227
11 11 11
2 2 1456 80.5959472656 -177.736816406 3 2363 -199.914672852 -187.679077148
0.237984065315 0.746901809618 0.95760337749
39 38 33
2 2 1530 852.422607422 377.743530273 3 3798 584.192626953 310.001342773
0.0918001058997 0.718348664209 0.954975373102
12 14 13
2 2 1580 401.143066406 425.010375977 3 3290 151.749511719 395.717163086
-0.0390443266252 0.66504552031 0.943546985218
9 9 7
2 2 1595 37.724609375 544.629699707 3 2984 -239.635742188 559.991271973
-0.00632537375816 0.885278795551 0.939185234927
40 39 35
2 2 1664 128.125488281 -92.7501220703 3 3011 -142.102905273 -102.400146484
0.0882798177896 0.749315740021 0.953548259794
12 11 9
2 2 1668 391.77734375 328.793701172 3 3351 141.536621094 304.63659668
-0.0111021967357 0.899202502119 0.93826474905
25 25 23
2 2 1670 115.523193359 -134.798217773 3 3490 -156.659301758 -143.948608398
0.139490024959 0.717153476901 0.958665500713
14 19 19
2 2 1718 543.0625 442.270996094 3 3646 292.354736328 398.106933594
-0.0157883501242 0.921202902411 0.937912659163
17 17 17
2 2 1725 104.621826172 -199.947753906 3 3119 -170.871337891 -210.400390625
-0.01552970983 0.899809200443 0.939859115584
22 22 20
2 2 1730 106.7578125 -136.146118164 3 3708 -169.768676758 -145.782348633
-0.091905592345 0.856178747763 0.933641338858
33 36 29
2 2 1733 -91.7630615234 -12.5653076172 3 3660 -402.635498047 -14.2606201172
0.0658122464295 0.752466672546 0.951924074618
14 20 16
2 2 1739 327.609863281 314.797607422 3 2670 74.7509765625 294.834960938
-0.0896962098199 0.668728128869 0.932686675549
13 9 8
2 2 1768 -100.394042969 521.240661621 3 2162 -396.01171875 554.566223145
0.042428915591 0.873092298617 0.938745364603
15 21 19
2 2 1810 254.490966797 -55.9470214844 3 3217 5.14819335938 -64.2388916016
0.225053121608 0.727967050247 0.959463681813
13 16 17
2 2 1824 810.170654297 435.965576172 3 4239 544.895751953 365.219238281
-0.106187902117 0.844919305348 0.930342617039
11 14 13
2 2 1833 -131.0625 16.9287109375 3 2098 -447.408325195 21.3045654297
-0.045691584286 0.905453368749 0.937066698782
17 17 15
2 2 1838 27.7060546875 -152.336181641 3 2853 -261.490722656 -163.788452148
0.145861640983 0.717367340846 0.958830065559
13 12 10
2 2 1864 562.149414063 443.795532227 3 3921 311.145019531 397.219604492
0.246625750812 0.754907652303 0.956249284324
17 16 14
2 2 1935 880.548583984 354.517333984 3 3972 610.542724609 286.037963867
6.24023023399e-005 0.900154864581 0.939913943654
17 17 15
2 2 1961 146.639404297 -136.982055664 3 4122 -122.717895508 -147.017578125
0.174406279303 0.967647420782 0.9241304401
9 11 9
2 2 2010 627.543212891 -364.415771484 3 4343 409.588623047 -355.920654297
0.174406279303 0.967647420782 0.9241304401
9 11 9
2 2 2011 627.543212891 -364.415771484 3 4344 409.588623047 -355.920654297
0.172183775104 0.753221977998 0.95687654711
39 40 35
2 2 2025 642.309082031 338.112060547 3 4425 389.813232422 291.715576172
0.172183775104 0.753221977998 0.95687654711
39 40 35
2 2 2026 642.309082031 338.112060547 3 4426 389.813232422 291.715576172
-0.0226813205324 0.852379664643 0.941638976947
9 11 8
2 2 2046 88.1774902344 3.28137207031 3 3817 -191.016235352 -2.72644042969
-1.55716239517 1.73393136189 3.46861485439
155 154 143
2 0 712 -1285.67529297 54.0004882813 3 599 -1352.77990723 -746.920166016
-1.5779095521 2.03003018411 3.5043393523
149 144 130
2 0 853 -1247.2364502 -129.296020508 3 571 -1357.11291504 -986.405517578
-1.54134300413 1.71088428982 3.51398437478
30 29 24
2 0 917 -1264.70898438 85.4498291016 3 885 -1322.46069336 -718.401855469
4.28870382468 0.782758332643 7.39045629719
115 106 95
2 0 968 1755.46850586 1173.08227539 3 957 1699.22412109 27.4970703125
-1.54362969163 1.16787070591 7.84437634501
159 162 155
2 0 1144 -692.198974609 1049.30175781 3 1565 -601.002319336 -120.088134766
-1.57027933179 1.68114471924 3.51492180932
38 41 34
2 0 1870 -1290.73120117 106.391479492 3 2142 -1346.59094238 -693.304199219
-1.55174899501 1.72039481093 3.49018568399
139 138 125
2 0 2024 -1277.94665527 70.7315673828 3 1821 -1339.796875 -731.101806641
-1.58609867896 1.66477700036 3.51411674395
136 137 116
2 0 2098 -1305.38012695 117.546630859 3 1784 -1360.30688477 -679.745361328
-1.5761610394 1.66619676131 3.41664691317
170 169 156
2 0 2631 -1326.68530273 82.9298095703 3 1836 -1388.34619141 -699.855957031
-1.56402298984 0.983860714055 3.59251477424
170 176 162
2 0 3090 -1371.91943359 651.804260254 3 2511 -1315.37329102 -108.41015625
-1.52044410226 2.02094245611 3.51408036669
81 67 47
2 0 3873 -1206.78662109 -120.527954102 3 2782 -1302.86352539 -976.558349609
-1.55944231337 1.69254589941 3.46845476558
163 163 145
2 0 3927 -1295.21801758 82.3048095703 3 3257 -1353.51416016 -712.016845703
-1.5577960817 1.69322493136 3.50576670496
145 146 131
2 0 3999 -1282.96826172 94.6917724609 3 3928 -1338.55102539 -705.218261719
-1.5577960817 1.69322493136 3.50576670496
145 146 131
2 0 4000 -1282.96826172 94.6917724609 3 3929 -1338.55102539 -705.218261719
-1.59663816694 1.68631320013 3.09706371772
172 170 158
2 0 4323 -1440.64916992 -52.646484375 3 4355 -1546.94445801 -788.586425781
