# Bundle file v0.3
3 114
2996.67602539 0 0
0.999944161586 0.00271597795381 -0.0101854775448
-0.000532606916725 -0.951987270596 -0.306137337184
-0.0105279059611 0.30612559916 -0.951932712534
-0.0193335399752 -0.0373590912148 -0.171366916942
2976.14697266 0 0
0.99005333458 -0.050876010135 0.131170595885
-0.00802934493623 -0.951240832197 -0.308345475344
0.140462274162 0.304224975347 -0.942187073843
-1.01595853381 -0.0303515333367 -0.165468801691
2984.83837891 0 0
0.999999434761 -5.09767117407e-010 1.11535602976e-009
5.09767117407e-010 -0.999999935254 -1.81104426233e-007
-1.11535602976e-009 -1.81104426233e-007 -0.999999705108
0.0180632171863 -1.00393508032 -0.492816184891
-0.6971032738 -0.226977235714 8.04600465559
209 211 205
2 0 7 -302.752929688 -864.437011719 1 5 -240.104736328 -861.087890625
2.10350144961 -1.77708073894 6.72604358025
141 148 149
2 0 254 842.294189453 -168.213867188 1 167 898.263427734 -191.440551758
0.477300691248 -1.31025868722 5.37302950105
36 38 25
2 0 274 210.327392578 -227.53527832 1 238 122.053466797 -239.429077148
-1.15208051592 -1.32142866293 5.63411299752
20 14 10
2 0 5458 -622.345458984 -254.510498047 1 4733 -665.09753418 -246.741699219
-1.15208051592 -1.32142866293 5.63411299752
20 14 10
2 0 5457 -622.345458984 -254.510498047 1 4732 -665.09753418 -246.741699219
-0.618799749655 -1.42610121437 5.18906035
26 19 17
3 0 5135 -375.363037109 -145.130737305 1 4591 -467.562255859 -143.60168457 2 5299 -315.281982422 222.128051758
-0.457462034059 -1.01881984348 5.34458812161
13 10 9
3 0 737 -287.353881836 -378.595092773 1 741 -382.237304688 -376.524780273 2 742 -224.400146484 7.83813476563
0.531249978831 -0.123940443281 7.3186036641
175 191 207
2 0 904 181.974853516 -899.695800781 1 760 201.539550781 -919.390869141
1.35902270641 -2.81923928416 7.94749064577
84 65 43
2 0 613 434.982910156 73.7292480469 1 776 541.829589844 68.1567382813
0.20305076709 -0.734797885928 5.01063943786
23 27 27
2 0 1660 75.71484375 -505.068725586 1 806 -70.4274902344 -514.178588867
-0.522425981318 -1.16386708715 5.26052773616
28 18 9
3 0 4998 -324.140258789 -291.693603516 1 4540 -420.022216797 -290.388427734 2 5279 -261.888549805 82.6810302734
-0.560643109955 -1.05892381222 5.29582091337
22 15 7
3 0 4875 -344.901611328 -352.213745117 1 4459 -440.190185547 -348.515258789 2 4627 -279.765869141 28.1630859375
0.063096900654 -0.884285875802 6.29782535814
80 87 86
2 0 1237 -10.5308837891 -525.061523438 1 976 -38.537109375 -526.938110352
0.040583264162 -0.587391640883 7.17422326804
59 64 58
2 0 1109 -22.3325195313 -696.154785156 1 979 -2.04089355469 -707.347412109
-0.23949320974 -1.27758595653 5.27631643055
45 35 19
3 0 1111 -167.876342773 -234.950561523 1 1004 -266.740112305 -235.905029297 2 893 -115.073242188 142.832397461
-1.06042436419 -1.40410394387 5.69953659518
72 55 29
3 0 1058 -566.708129883 -220.404785156 1 1010 -605.688842773 -215.86328125 2 972 -504.548217773 191.449829102
0.000758805026273 -1.57831207372 5.81690304571
61 42 24
3 0 1055 -41.5600585938 -150.041625977 1 1026 -81.8217773438 -157.804077148 2 501 9.04321289063 269.965698242
-0.583603987118 -1.24401528308 5.22338767715
14 11 9
3 0 939 -358.304321289 -245.524291992 1 1134 -453.12878418 -242.42980957 2 861 -295.050170898 125.136962891
-0.65926792655 -1.3138290982 5.20411827167
50 38 20
3 0 901 -399.357177734 -207.200561523 1 1179 -491.559814453 -201.76159668 2 916 -335.421508789 162.172485352
-0.189181644567 -1.24408544919 5.29571458735
41 32 17
3 0 1231 -142.627441406 -254.264648438 1 1188 -238.569824219 -256.011230469 2 1359 -87.7819824219 124.097167969
0.506316304984 -0.256941842212 7.188218748
227 233 239
2 0 1360 174.077880859 -840.562255859 1 1195 188.875244141 -858.349609375
1.55290251937 -2.41458306614 7.24773239219
93 73 40
2 0 4279 555.963378906 14.9688720703 1 4216 631.664306641 8.55310058594
-0.540433149665 -1.07258908828 5.29023875192
38 27 16
2 0 4206 -333.902587891 -344.299194336 1 4192 -429.987060547 -341.156738281
-0.19088422851 -1.29246587218 5.25805964069
13 12 9
3 0 1366 -143.561889648 -224.070556641 1 1260 -241.672363281 -226.154052734 2 1456 -89.6710205078 149.970703125
-1.0520090638 -1.34605863965 5.65499431057
27 19 12
3 0 1327 -569.425048828 -244.838256836 1 1318 -613.127441406 -238.292236328 2 1180 -501.419921875 166.049072266
-0.640318882096 -1.26693301696 5.23427282138
53 41 22
3 0 1136 -388.459106445 -233.548339844 1 1463 -479.296020508 -232.110961914 2 1188 -323.901733398 136.469360352
-0.412466553285 -1.04309378822 5.35007895346
45 33 16
3 0 2278 -263.548339844 -365.939208984 1 1501 -355.980957031 -364.206176758 2 2176 -201.277587891 19.1234130859
1.96939787694 -1.65555648122 6.64165526805
31 25 18
2 0 2357 800.061279297 -210.515380859 1 1535 844.505859375 -232.720825195
0.216690024186 0.132977950995 6.41106017937
194 199 194
2 0 2097 63.4523925781 -1019.16113281 1 1600 15.8619384766 -1034.39892578
1.29051160825 -1.53429752469 6.00558652707
30 31 22
2 0 1922 566.583007813 -195.006835938 1 1697 548.979003906 -211.264038086
-0.531713380138 -1.08407702341 5.29893346387
35 25 14
3 0 1752 -328.391235352 -339.342529297 1 1716 -424.109985352 -336.34753418 2 1626 -264.358032227 41.7938232422
0.175447335577 -0.828014574689 7.84911420334
54 63 62
2 0 1955 27.9460449219 -624.21484375 1 1768 87.6130371094 -637.577392578
-0.0488979585671 -1.09772600343 5.60586820613
34 26 16
3 0 2304 -65.1483154297 -363.515380859 1 1891 -140.055053711 -366.499511719 2 3416 -16.1326904297 45.4655761719
-0.493639474157 -1.11234050382 5.25938301372
19 11 8
3 0 2479 -309.891235352 -318.97277832 1 1904 -407.458740234 -317.574584961 2 1823 -246.780639648 55.6760253906
-0.145195711998 -1.34748091685 5.25914336652
37 24 16
2 0 2271 -118.88659668 -195.413208008 1 1984 -215.137084961 -197.853149414
1.13436075043 -1.89689160868 3.97523497303
254 254 254
2 0 1874 703.439941406 361.981689453 1 2006 498.223144531 370.903442383
0.297931847661 -1.12164691515 4.99416257577
31 25 21
2 0 2542 127.668212891 -283.009399414 1 2200 -5.0888671875 -291.406982422
0.297736072421 -1.12177085973 4.99494393077
31 25 21
3 0 2541 127.668212891 -283.009399414 1 2201 -5.0888671875 -291.406982422 2 2398 171.558837891 64.0321044922
0.395750013031 -0.525038386228 7.13071685652
234 234 232
2 0 2237 127.018554688 -723.240966797 1 2323 143.789306641 -736.92578125
2.02427607584 -1.89678663733 6.69530338269
77 60 27
2 0 1886 808.532958984 -119.935180664 1 3829 862.375732422 -133.131347656
0.249798675824 -0.606761557937 7.02804203519
30 33 27
2 0 3322 66.7026367188 -682.886962891 1 3820 78.9194335938 -696.732666016
-1.1678149513 -1.44879990851 5.65653438133
77 64 36
2 0 5055 -624.284423828 -194.647094727 1 3787 -661.361328125 -188.604980469
0.247305934492 -0.771464015235 5.06293919205
23 25 21
2 0 2586 99.810546875 -488.489013672 1 2504 -39.2492675781 -497.961547852
-0.508711596169 -1.0931607903 5.24723106513
33 24 13
2 0 5568 -318.511230469 -328.514404297 1 3743 -418.553833008 -326.100219727
0.524693264992 -0.209334506032 7.28432547164
83 89 101
2 0 2940 179.582519531 -864.463378906 1 2578 198.9140625 -879.266113281
-0.95183577256 -1.30122305619 5.67805217824
33 20 9
3 0 2242 -518.478393555 -270.51574707 1 2583 -565.081787109 -262.835449219 2 3153 -450.618530273 144.306884766
-0.614551637084 -1.29944897025 5.20428352551
25 17 9
3 0 2792 -374.82019043 -213.648071289 1 2667 -469.265258789 -210.976318359 2 3397 -312.472167969 154.714477539
1.36768006624 -0.937964819351 5.4644092401
28 30 21
2 0 3514 680.126953125 -430.181884766 1 2679 606.335693359 -459.697631836
4.2871166448 -2.0583311081 7.32165608764
112 110 100
2 0 5556 1595.15112305 -124.174072266 1 3668 1793.98071289 -150.724121094
0.247371155249 0.157928277393 6.43149210905
71 72 66
3 0 3311 77.3520507813 -1030.53100586 1 2696 32.015625 -1047.94018555 2 2748 114.076660156 -501.418701172
0.322186876527 -1.07858623009 5.09090584091
44 41 24
2 0 4783 138.875488281 -319.048828125 1 2725 14.5687255859 -326.825927734
1.35710780582 -0.892174778143 5.44679780972
34 39 42
2 0 4812 678.377197266 -452.830322266 1 2896 601.242919922 -483.137207031
-0.056069724218 -1.1196373788 5.55353274369
14 11 7
3 0 3931 -70.0467529297 -346.766601563 1 2926 -148.280883789 -350.962768555 2 4766 -18.2663574219 57.3071289063
-0.861412745316 -1.16830776205 5.72829834061
16 9 6
3 0 4160 -472.143066406 -339.733764648 1 3598 -520.871582031 -334.21887207 2 4363 -404.838378906 78.57421875
-0.486604287088 -1.14512736869 5.27728990629
43 31 15
3 0 4830 -303.181030273 -305.964355469 1 3012 -401.104980469 -301.250976563 2 3208 -242.540771484 73.9202880859
1.29545879713 -1.49130692418 5.97235604887
18 20 12
2 0 3574 573.128417969 -211.166992188 1 3049 552.244140625 -227.656982422
-0.583162342629 -0.555119367746 8.43416338301
230 232 232
2 0 3089 -246.780517578 -748.075195313 1 3167 -163.117797852 -745.846191406
-1.13932169656 -1.43664178671 5.6637446512
74 59 33
3 0 4380 -609.160644531 -201.909057617 1 3213 -647.470581055 -194.888183594 2 3221 -543.752807617 209.439086914
1.2746056004 -2.42379661029 7.53254637627
52 39 31
3 0 3994 431.395507813 -13.4371337891 1 3260 516.09375 -22.2860107422 2 4789 482.381591797 527.484191895
0.432025947114 -0.316467469369 7.24204140015
117 128 139
2 0 3924 141.166992188 -816.740966797 1 3276 159.90625 -830.634033203
-1.10793701211 -1.41862209507 5.67112502121
70 55 30
3 0 4076 -594.184814453 -211.079467773 1 3303 -632.629394531 -205.117431641 2 3094 -527.061157227 200.575561523
-0.484757438055 -1.26060314111 5.29688535312
31 20 8
2 0 5710 -300.625244141 -245.343505859 1 3365 -390.998046875 -244.581054688
0.0197428283252 -1.65379736574 5.73468835163
71 50 29
2 0 1101 -29.8299560547 -106.706787109 2 821 17.4173583984 311.369995117
0.250706709241 0.0888616275046 6.49986104268
66 66 60
2 0 1220 78.779296875 -996.616699219 2 889 113.842285156 -466.17590332
-1.10988322965 -1.32747970723 5.65558614353
41 28 12
2 0 1347 -598.418579102 -253.766845703 2 1093 -530.085083008 156.888183594
-1.07178297702 -1.3982569269 5.66204991281
68 53 26
2 0 2287 -579.336303711 -219.932983398 2 1191 -508.349365234 191.260620117
-0.586532444368 -1.16819857287 5.24261074568
15 10 7
2 0 1368 -359.924926758 -287.859619141 2 1249 -295.67578125 85.4689941406
-1.24939913291 -1.53209486885 5.60074726522
51 44 26
2 0 2887 -669.127441406 -147.088989258 2 1795 -601.263671875 258.505004883
0.31664561814 -1.14745696228 4.98800424651
16 12 9
2 0 2100 138.173339844 -268.220458984 2 1854 182.337646484 78.1540527344
-0.618799749655 -1.42610121437 5.18906035
29 20 20
3 0 5134 -375.363037109 -145.130737305 2 5298 -315.281982422 222.128051758 1 4590 -467.562255859 -143.60168457
1.25601823661 -2.76554738696 7.7492852546
254 254 254
2 0 4944 412.505859375 79.3212890625 2 1978 457.889404297 636.875915527
0.0811055850797 -1.73439230667 5.72049259837
65 48 34
2 0 4704 -0.339721679688 -67.0230712891 2 2895 47.3701171875 350.775024414
0.286557093454 -1.17923124296 5.00411406692
18 13 11
2 0 3500 121.621826172 -252.611450195 2 3265 164.174804688 95.1551513672
-0.100076726398 -1.14362223153 5.48646356282
29 20 13
2 0 2614 -92.8563232422 -327.683349609 2 3410 -41.1481933594 69.7220458984
-1.05983237453 -1.36010017915 5.6443289652
22 13 6
2 0 4621 -574.14465332 -236.478393555 2 3594 -505.883544922 173.114257813
0.245991086558 -1.04003137171 5.07191154732
17 16 11
2 0 5118 96.7810058594 -337.895507813 2 3601 141.789794922 19.3637695313
-1.17899882336 -1.33816498721 5.64479448208
35 23 13
2 0 5470 -634.240600586 -247.274414063 2 4343 -564.191650391 162.368041992
-1.43451707056 -1.83124169218 5.79170431246
47 37 25
2 0 5101 -729.532104492 -31.8778076172 2 4392 -671.096313477 392.303588867
-1.43451707056 -1.83124169218 5.79170431246
47 37 25
2 0 5102 -729.532104492 -31.8778076172 2 4393 -671.096313477 392.303588867
-0.824451594658 -1.19336054095 5.73903354258
16 9 3
2 0 4732 -452.642944336 -328.758422852 2 4416 -385.936889648 90.6966552734
0.537209562861 -1.69895251579 5.60741971413
68 35 16
2 0 5252 225.858886719 -67.9899902344 2 4679 272.149902344 339.891357422
0.189761164688 -0.950353253859 5.1702248967
19 16 9
2 0 5498 64.1337890625 -397.945800781 2 4932 109.451660156 -28.2424316406
-1.39961703051 -1.7985192642 5.82807074653
48 35 19
2 0 5306 -708.103149414 -51.9318847656 2 4935 -652.891601563 374.458496094
-7.32326404851 -1.16009136786 18.9253708465
141 148 154
2 1 285 -877.052612305 -720.518310547 2 261 -1119.32385254 23.4005126953
-7.40621207386 0.404483591724 15.7159966089
116 117 119
2 1 289 -1176.28662109 -969.902099609 2 279 -1354.00488281 -259.060913086
-7.42646637288 0.819176573854 14.3113489168
122 126 128
2 1 716 -1341.09790039 -1059.98339844 2 535 -1483.00830078 -364.009887695
-7.34242351684 -0.0491096266971 16.8223659433
126 130 133
2 1 916 -1056.88305664 -889.133300781 2 1011 -1256.78955078 -163.783447266
-7.14867135291 -0.733008228537 19.229619869
120 129 135
2 1 960 -841.434326172 -791.409667969 2 854 -1076.50354004 -41.9969482422
-0.732491536072 -1.43167719537 5.20677678889
65 50 23
2 1 1044 -522.087280273 -141.733520508 2 1043 -374.367919922 223.41394043
-0.137110193972 -1.10974665989 5.53722833024
36 28 17
2 1 1077 -191.665527344 -353.434692383 2 1664 -58.5152587891 52.8176269531
-7.24218153765 -0.0346162351392 17.0081472715
132 139 145
2 1 1183 -1026.52099609 -893.839355469 2 1125 -1226.38586426 -164.141479492
-0.19295395546 -1.34061792973 5.23293049221
48 36 20
2 1 1461 -243.903442383 -198.006469727 2 1481 -90.6514892578 176.033203125
5.39062523516 -4.82645227646 17.1528576544
104 104 97
2 1 1944 1187.89624023 -134.683105469 2 1987 911.887451172 644.495483398
-0.572690120111 -1.36951731563 5.31042593349
76 60 29
2 1 2287 -429.083129883 -189.504882813 2 3618 -284.939086914 188.224243164
-7.20499932187 1.55228997057 17.3123482971
97 97 104
2 1 2481 -1038.33203125 -1182.91699219 2 2303 -1198.95703125 -426.122802734
-7.20499932187 1.55228997057 17.3123482971
97 97 104
2 1 2482 -1038.33203125 -1182.91699219 2 2302 -1198.95703125 -426.122802734
-1.13576993381 -1.40595601849 5.63027848117
21 15 12
2 1 2529 -653.286499023 -206.272705078 2 2531 -544.216430664 195.916870117
-7.19419303279 -2.87983896001 18.6723378506
111 111 103
2 1 2558 -838.311767578 -452.217163086 2 2556 -1113.64379883 290.798583984
5.32794937368 -4.82446822383 17.3099423
102 102 97
2 1 2686 1170.41235352 -141.669189453 2 3056 893.037109375 638.18170166
-7.20236146325 -0.293371734347 17.634263456
129 136 144
2 1 2775 -966.711914063 -852.508544922 2 3085 -1177.63452148 -115.712402344
-7.20236146325 -0.293371734347 17.634263456
129 136 144
2 1 2776 -966.711914063 -852.508544922 2 3084 -1177.63452148 -115.712402344
0.885707979957 -1.95378704379 6.66108458634
78 76 61
2 1 2797 358.809326172 -100.520507813 2 2772 377.047119141 396.244384766
0.885707979957 -1.95378704379 6.66108458634
78 76 61
2 1 2798 358.809326172 -100.520507813 2 2773 377.047119141 396.244384766
-7.28155837866 -0.938110035003 18.9655813925
134 143 143
2 1 3124 -873.266845703 -756.248291016 2 3263 -1110.62658691 -10.4898681641
-7.22780243476 1.37753958507 17.6579529078
129 134 137
2 1 3203 -1009.96807861 -1146.6159668 2 4110 -1180.46875 -389.97644043
-0.0691259490651 -1.35117521634 5.31559317181
23 18 15
2 1 3364 -169.741577148 -204.378417969 2 3561 -25.8618164063 178.818603516
-7.3618144154 1.07616398683 13.3859556244
75 76 78
2 1 3444 -1449.37866211 -1124.19238281 2 3853 -1568.06445313 -444.785522461
-7.28654021744 -0.268499339419 17.1086845069
89 88 86
2 1 3457 -1019.503479 -852.168212891 2 3189 -1227.09375 -123.966064453
2.85150475102 -7.42973166624 16.3257024467
90 79 76
2 1 3925 738.899169922 338.140136719 2 3799 507.126220703 1135.47644043
-6.98169809636 -3.2770231382 18.5260149216
102 105 100
2 1 3953 -808.955200195 -390.033813477 2 4348 -1088.51708984 355.75769043
-1.22072659802 -1.46498043725 5.59815775116
34 24 15
2 1 4151 -694.980834961 -173.322021484 2 4142 -588.756103516 225.600585938
-7.26065397311 1.62255382198 17.0076783948
127 132 135
2 1 4162 -1073.7487793 -1198.54907227 2 4680 -1229.47937012 -446.063110352
1.59644776031 -2.27108734408 7.08802500797
90 72 35
2 1 4308 654.821533203 -27.9702148438 2 4756 634.672363281 498.143005371
-0.468997464042 -1.10986175668 5.27432557545
45 32 16
2 1 4325 -393.19543457 -320.767578125 2 4666 -233.343139648 54.8186035156
