# Bundle file v0.3
4 613
1508.33911133 0 0
0.999333634543 -0.00878995856489 -0.0354465745347
0.00929153822998 -0.87746795627 0.479545842193
-0.0353184178107 -0.479554992953 -0.876800979239
0.0264376019613 0.266153163637 0.715248535432
1444.16430664 0 0
1.00000036929 -1.00559627847e-008 1.38459897436e-008
1.00559627847e-008 -1.00000035974 5.19327455706e-007
-1.38459897436e-008 5.19327455706e-007 -1.00000044518
-0.0321808722785 1.6277084027 0.501860451196
1439.72924805 0 0
0.846292239193 0.0236064434692 0.532196029026
0.0240102807197 -0.999693045414 0.00616266895616
0.532178022821 0.00756312405004 -0.846598756561
-0.830490643197 1.62052634688 0.23587063418
1561.43945313 0 0
0.85009407877 -0.0232721091329 -0.52611666204
-0.0148258706496 -0.999684943256 0.0202648364375
-0.526422316685 -0.00942640402152 -0.850171258398
0.956916690718 1.6065189016 0.288875323341
0.0626740492229 1.56769716977 1.62307862522
18 7 1
2 0 56 16.4093017578 -341.606567383 1 44 40.8200683594 77.334777832
0.0669672763835 1.47610077532 1.63241493146
4 10 8
3 0 102 23.2219238281 -260.431152344 1 62 44.46484375 194.85949707 2 38 170.309936523 203.655151367
-0.017974126891 1.28372574893 1.63007678941
31 25 3
2 0 150 -68.4663085938 -89.3704833984 1 128 -64.1864013672 438.319976807
0.130126032188 1.29490351259 1.64492790474
17 14 4
3 0 163 96.5217285156 -89.4110717773 1 147 123.276611328 418.643493652 2 66 246.703735352 450.710906982
-0.0422451284512 1.45549454835 1.62691187712
36 38 24
3 0 215 -92.7438354492 -247.348571777 1 167 -94.3187866211 222.544311523 2 135 41.5729980469 215.382019043
-0.0423418807377 1.67501988992 1.61635549117
37 35 36
3 0 338 -88.188293457 -430.641113281 1 190 -96.0288696289 -61.3463745117 2 129 41.3312988281 -57.0990600586
-0.0423418807377 1.67501988992 1.61635549117
37 35 36
3 0 339 -88.188293457 -430.641113281 1 191 -96.0288696289 -61.3463745117 2 128 41.3312988281 -57.0990600586
0.0828862374922 1.52227735572 1.63251271099
6 22 21
4 0 303 36.2059326172 -299.450805664 1 193 65.6181640625 134.304443359 2 123 192.220214844 147.114440918 3 203 179.441162109 157.291503906
-0.0517424832992 1.27934541542 1.6266529391
0 2 2
4 0 233 -107.991333008 -87.4912719727 1 199 -107.38458252 444.947753906 2 142 27.0146484375 433.526947021 3 221 39.7189941406 519.402954102
0.0361705740592 1.55195088721 1.62546115039
0 0 0
4 0 340 -13.0897216797 -328.436767578 1 201 5.04229736328 96.2509765625 2 124 134.511352539 104.771789551 3 211 134.744995117 121.548522949
0.191709460425 1.33631542383 1.64908898906
0 2 3
3 0 265 163.642578125 -125.311279297 1 209 197.614379883 365.492218018 2 108 329.726928711 409.008575439
0.0770569523108 1.33128812589 1.64115828015
1 3 2
3 0 276 37.9139404297 -126.886169434 1 212 55.2153320313 374.762908936 2 138 182.318237305 392.401245117
-0.0322014376156 1.32458853444 1.63149569468
0 2 1
4 0 292 -80.4668579102 -127.712280273 1 215 -81.1606445313 386.859405518 2 149 49.7889404297 379.224761963 3 192 55.4345703125 449.441986084
-0.0764890843866 1.6693937148 1.61558778504
39 38 37
2 0 391 -124.449890137 -428.493530273 1 216 -139.72064209 -53.9876098633
0.0186468500484 1.64886494538 1.62135405219
0 6 9
4 0 482 -24.6885986328 -406.237915039 1 252 -19.2515258789 -26.9201049805 2 159 112.219848633 -22.4343261719 3 262 114.047363281 -13.5885620117
0.0100593837093 1.32982550786 1.63501032008
1 2 2
3 0 382 -38.6083984375 -130.651672363 1 276 -27.7930297852 379.173858643 2 161 102.139404297 381.694091797
0.077622134095 1.71620919818 1.61490594915
12 27 23
4 0 372 31.1597900391 -462.287719727 1 296 58.3286132813 -114.96081543 2 160 181.804321289 -111.821899414 3 348 181.696166992 -104.317810059
1.00736397526 2.86844038343 8.53766325188
126 126 118
2 0 1641 131.499389648 341.263183594 3 1756 -565.838134766 -225.826721191
0.11185483388 1.6893201371 1.61654375878
43 36 27
4 0 597 68.1242675781 -438.555175781 1 329 104.357055664 -80.2957763672 2 170 221.040283203 -74.728515625 3 338 216.692871094 -69.1892700195
0.0351070890561 1.70231545417 1.61576909435
12 12 12
2 0 924 -9.66088867188 -450.383544922 1 371 3.02331542969 -96.733215332
0.0351070890561 1.70231545417 1.61576909435
12 12 12
2 0 923 -9.66088867188 -450.383544922 1 372 3.02331542969 -96.733215332
0.134335225651 1.75218724179 1.60784632494
10 26 21
2 0 544 85.2336425781 -490.533813477 1 404 134.408325195 -162.336425781
0.102040373344 1.61852202839 1.62429576813
17 20 15
3 0 584 57.3863525391 -380.026245117 1 410 89.7353515625 12.0163574219 2 264 212.7421875 19.9758300781
0.0459647578931 1.62187452042 1.62507862898
6 0 0
4 0 670 2.42034912109 -382.571289063 1 411 18.7421264648 7.43341064453 2 232 143.753662109 13.6317138672 3 446 141.276489258 23.6224975586
0.209477537277 1.31677890019 1.65071252376
53 41 1
3 0 475 181.753540039 -105.858337402 1 417 221.704345703 389.272155762 2 198 352.994384766 439.093841553
0.082024973884 1.49319796339 1.63209262282
0 0 0
3 0 707 40.4343261719 -273.805053711 1 440 63.3466796875 171.212402344 2 243 187.512695313 184.400878906
-0.063849618892 1.42246064046 1.62215411618
2 0 0
2 0 547 -116.80682373 -222.803588867 1 454 -123.60144043 264.064147949
-0.0640144741153 1.42182783227 1.62215270248
2 0 0
4 0 548 -116.80682373 -222.803588867 1 455 -123.60144043 264.064147949 2 324 15.4155273438 256.079803467 3 575 22.9993286133 320.689239502
0.0750561804635 1.61943911265 1.62535386186
7 0 0
4 0 791 29.29296875 -379.680786133 1 475 54.6971435547 10.7204589844 2 279 180.51550293 17.9819335938 3 509 174.665771484 25.7131958008
0.180417838576 1.31601398067 1.64939707024
52 39 2
4 0 640 152.43737793 -106.206176758 1 479 185.257202148 390.576019287 2 277 312.964477539 433.966583252 3 564 268.646972656 408.604522705
0.0949639923302 1.28366516789 1.64276059844
52 41 1
3 0 614 57.4251708984 -80.544921875 1 484 79.4302978516 433.426239014 2 298 202.310546875 457.662261963
0.0731083076203 1.43538528252 1.63473969393
38 40 27
2 0 852 29.6346435547 -223.628601074 1 485 53.2360839844 244.852233887
0.143307927684 1.65321281005 1.62062314407
0 0 0
4 0 779 97.8343505859 -408.248291016 1 488 143.188476563 -32.9573974609 2 283 264.23425293 -26.0980224609 3 593 248.156738281 -19.9703979492
0.192879296951 1.27914182215 1.64986551418
1 5 6
3 0 638 166.927124023 -70.6255493164 1 504 201.081787109 436.336120605 2 287 328.373046875 485.713745117
0.208591523864 1.26912810285 1.65081521963
53 42 3
3 0 596 184.462890625 -60.5690917969 1 513 220.541137695 448.776550293 2 262 349.524169922 502.914733887
0.0412626381466 1.63750621948 1.62326262794
40 33 26
3 0 995 -2.83721923828 -396.492797852 1 561 10.2564697266 -12.4544067383 2 322 139.769775391 -7.18286132813
-0.00497952494076 1.4561939244 1.62964713169
1 16 20
3 0 1011 -52.9002075195 -246.666381836 1 563 -47.8473510742 219.560852051 2 353 85.5305175781 221.443969727
-0.0873889708945 1.44469510212 1.62174608794
0 0 0
3 0 915 -142.672607422 -243.859008789 1 568 -154.205871582 235.586914063 2 326 -7.61975097656 226.52532959
0.115079383675 1.2818748602 1.64414106982
52 40 1
3 0 668 80.6667480469 -77.8679199219 1 592 103.833984375 435.424346924 2 312 227.545043945 464.250274658
0.106645474947 1.29599904173 1.64303666571
0 3 3
3 0 685 70.4672851563 -92.0142822266 1 597 93.7434082031 418.0496521 2 347 217.114624023 444.28326416
0.232281759289 1.31992442439 1.64983148484
52 40 1
3 0 805 207.467407227 -108.559509277 1 598 250.364135742 385.323059082 2 306 382.905273438 440.587585449
0.232281759289 1.31992442439 1.64983148484
52 40 1
3 0 804 207.467407227 -108.559509277 1 599 250.364135742 385.323059082 2 305 382.905273438 440.587585449
-0.026341455151 1.34986888647 1.62907633884
40 39 35
3 0 1069 -75.7863769531 -151.85357666 1 603 -75.2606811523 354.684875488 2 356 56.9226074219 350.825836182
-0.026341455151 1.34986888647 1.62907633884
40 39 35
3 0 1070 -75.7863769531 -151.85357666 1 604 -75.2606811523 354.684875488 2 357 56.9226074219 350.825836182
-0.00903582976234 1.32758264783 1.63147648556
50 38 0
4 0 712 -58.4916992188 -128.944580078 1 609 -52.6795654297 382.444915771 2 402 76.7825927734 382.251159668 3 834 84.9508056641 437.797637939
-0.00940666126318 1.32705875645 1.63196591007
50 38 0
3 0 713 -58.4916992188 -128.944580078 1 610 -52.6795654297 382.444915771 2 403 76.7825927734 382.251159668
0.140887347115 1.46333570365 1.63999534931
1 17 21
4 0 1034 103.611572266 -244.456787109 1 611 137.989257813 208.381103516 2 336 263.564331055 230.498046875 3 643 232.912353516 228.770568848
0.180496573397 1.26635911773 1.64836263426
53 42 4
3 0 724 154.121948242 -58.7838745117 1 629 186.649658203 451.89050293 2 289 310.100952148 500.531494141
-0.0759239270177 1.71638146344 1.61388508866
54 53 52
4 0 1211 -120.394042969 -464.585205078 1 633 -140.266174316 -114.685119629 2 444 5.48864746094 -108.807800293 3 613 4.56976318359 -111.149902344
-0.0941985100779 1.69420423676 1.61413545249
56 53 52
4 0 1171 -138.592956543 -448.898193359 1 650 -163.516052246 -85.4060058594 2 401 -14.5726928711 -81.0903320313 3 525 -18.5762329102 -78.9912719727
0.0540865386529 1.75697427637 1.61082842742
17 11 2
2 0 1029 7.73742675781 -493.302612305 1 654 28.5541992188 -168.224243164
-0.0208427805439 1.30629537287 1.6310849199
1 2 2
2 0 859 -71.4081420898 -110.37713623 1 662 -67.7786254883 409.421295166
-0.0208427805439 1.30629537287 1.6310849199
1 2 2
2 0 860 -71.4081420898 -110.37713623 1 663 -67.7786254883 409.421295166
0.0916736985473 1.3124970559 1.64206849625
51 40 0
3 0 793 53.5983886719 -107.973815918 1 680 75.3083496094 397.851715088 2 417 198.642822266 419.321105957
-0.07161565318 1.34698940653 1.62419049851
44 43 38
3 0 1198 -127.880310059 -153.437805176 1 682 -132.923706055 360.028900146 2 351 6.10461425781 347.127838135
-0.07161565318 1.34698940653 1.62419049851
44 43 38
3 0 1199 -127.880310059 -153.437805176 1 683 -132.923706055 360.028900146 2 350 6.10461425781 347.127838135
-0.0140153698463 1.26462949629 1.62968446707
1 3 3
4 0 1259 -66.2022094727 -71.3486938477 1 690 -58.6985473633 462.892211914 2 428 69.6029052734 460.26852417 3 972 82.1959228516 527.943664551
0.0275051009096 1.60137176175 1.62593565729
20 9 3
4 0 955 -18.3367919922 -364.790893555 1 716 -6.14178466797 35.0882568359 2 502 123.104736328 38.4686889648 3 1152 122.817871094 51.4630737305
0.0963928551011 1.60399600884 1.62936243499
18 7 2
3 0 944 52.2596435547 -364.34765625 1 735 82.6994628906 30.8610229492 2 496 206.994628906 38.1766357422
0.0407912379587 1.35360108176 1.63576516244
47 46 40
2 0 1222 -3.41253662109 -150.705566406 1 737 11.3334960938 348.148223877
0.0407912379587 1.35360108176 1.63576516244
47 46 40
2 0 1223 -3.41253662109 -150.705566406 1 738 11.3334960938 348.148223877
-0.116651657501 1.63251493702 1.61231745446
36 40 28
3 0 1244 -165.44342041 -403.565917969 1 739 -193.389709473 -6.61376953125 3 804 -42.9765625 13.771484375
-0.0414642094776 1.68293427219 1.61656681053
49 47 47
4 0 1370 -86.70703125 -437.119262695 1 745 -95.8187255859 -71.4672851563 2 474 43.4782714844 -66.6581420898 3 730 46.1961669922 -61.530090332
0.0610895223413 1.61215955121 1.62697869129
20 9 3
4 0 987 16.1361694336 -371.834838867 1 769 36.4653320313 19.4612426758 2 524 163.508666992 26.7102661133 3 1156 158.850463867 36.1412963867
0.2201731306 1.30594645526 1.65111426811
1 5 6
3 0 825 194.788696289 -95.0192871094 1 770 234.966064453 401.972961426 2 355 366.503295898 456.616363525
0.2201731306 1.30594645526 1.65111426811
1 5 6
3 0 826 194.788696289 -95.0192871094 1 771 234.966064453 401.972961426 2 354 366.503295898 456.616363525
0.226178554761 1.47213743156 1.63875649964
37 41 26
4 0 1080 191.103149414 -249.861022949 1 787 245.863037109 197.159667969 2 406 376.243774414 230.816101074 3 1139 317.893066406 207.237426758
-0.00320359811795 1.35036187614 1.63126313155
44 43 37
4 0 1207 -52.2093505859 -150.893249512 1 802 -45.1642456055 353.484710693 2 497 84.6882324219 354.244812012 3 818 90.9943847656 406.154815674
0.171453301035 1.35966736632 1.64520230939
45 45 39
3 0 1073 139.194335938 -148.471923828 1 812 175.208984375 337.426635742 2 423 301.555541992 373.886413574
-0.0814737540446 1.70310113321 1.61701417958
13 12 13
2 0 1000 -126.635986328 -452.459228516 1 813 -147.330932617 -97.5753173828
-0.0814737540446 1.70310113321 1.61701417958
13 12 13
2 0 999 -126.635986328 -452.459228516 1 814 -147.330932617 -97.5753173828
0.172638929482 1.29115279594 1.6482287742
52 40 3
3 0 1077 143.088623047 -83.4906005859 1 816 176.392944336 421.937805176 2 445 302.11328125 465.300445557
0.173300485827 1.29173806349 1.64601744481
52 40 3
4 0 1076 143.088623047 -83.4906005859 1 817 176.392944336 421.937805176 2 446 302.11328125 465.300445557 3 819 268.252929688 441.107574463
-0.077610945891 1.4297753596 1.62224165867
28 9 3
2 0 1249 -131.251586914 -229.363708496 1 828 -141.56036377 254.625030518
-0.0778633067591 1.42948055368 1.62129215698
28 9 3
4 0 1250 -131.251586914 -229.363708496 1 829 -141.56036377 254.625030518 2 576 -0.58447265625 246.61428833 3 998 6.37072753906 309.903289795
0.104854135853 1.76700761265 1.60550917094
6 15 11
3 0 1422 57.0035400391 -503.255493164 1 833 95.3453369141 -182.167724609 3 926 217.711914063 -175.093566895
0.172450592625 1.30481287902 1.64784797884
1 3 4
3 0 1241 143.313354492 -96.2886352539 1 876 175.707275391 404.805267334 2 484 301.800292969 447.107635498
0.172450592625 1.30481287902 1.64784797884
1 3 4
3 0 1240 143.313354492 -96.2886352539 1 877 175.707275391 404.805267334 2 483 301.800292969 447.107635498
0.080923800027 1.35378036755 1.64003518105
44 43 38
4 0 1290 41.8254394531 -148.437438965 1 885 62.4252929688 346.302185059 2 452 185.900512695 363.999389648 3 905 174.83190918 383.1328125
0.0811391548593 1.353657426 1.64032534716
44 43 38
3 0 1291 41.8254394531 -148.437438965 1 886 62.4252929688 346.302185059 3 906 174.83190918 383.1328125
0.0642240833852 1.55394214422 1.62803058903
15 7 1
3 0 1230 19.68359375 -327.455932617 1 890 40.8459472656 95.0037841797 2 559 167.058227539 102.990783691
0.0642240833852 1.55394214422 1.62803058903
15 7 1
3 0 1231 19.68359375 -327.455932617 1 891 40.8459472656 95.0037841797 2 558 167.058227539 102.990783691
0.0701049157663 1.31207120411 1.64018581064
52 41 0
2 0 1337 30.5319824219 -109.078674316 1 921 47.3604736328 398.936798096
0.18856810735 1.36048543483 1.64587939538
48 47 41
3 0 1215 157.420166016 -148.664428711 1 934 196.63671875 336.136047363 2 505 324.363769531 376.334320068
0.188572906712 1.36050051098 1.6458780597
48 47 41
4 0 1216 157.420166016 -148.664428711 1 935 196.63671875 336.136047363 2 506 324.363769531 376.334320068 3 1368 279.181762695 352.04397583
-0.0436223846123 1.66392728353 1.61891866085
44 44 43
3 0 2079 -90.5124511719 -421.812255859 1 946 -98.1044921875 -46.3414306641 2 563 42.8360595703 -42.7580566406
0.0789545882231 1.46789143646 1.63435919465
0 0 0
4 0 1402 36.8470458984 -251.336486816 1 948 59.5364990234 203.645935059 2 557 184.542480469 216.962341309 3 1564 175.258666992 230.080749512
0.131462991446 1.53290873399 1.63209107896
58 56 43
3 0 1580 89.1060791016 -305.616821289 1 955 126.857543945 120.826171875 3 1047 230.340942383 138.602661133
0.131462991446 1.53290873399 1.63209107896
58 56 43
3 0 1581 89.1060791016 -305.616821289 1 956 126.857543945 120.826171875 3 1048 230.340942383 138.602661133
-0.0195768246156 1.33858838163 1.63156237362
0 1 1
2 0 1088 -70.1884765625 -140.378417969 1 988 -65.5863647461 368.422149658
-0.0498947946633 1.65385783252 1.61784682736
10 17 17
4 0 1715 -97.3388061523 -415.003173828 1 1003 -106.564453125 -34.0393676758 2 625 35.3237304688 -29.7871704102 3 991 36.3067626953 -19.1371459961
0.003132105334 1.31946166842 1.63203476039
1 3 2
4 0 1312 -45.2103881836 -121.462524414 1 1005 -37.0895996094 392.034423828 2 690 90.9669189453 394.424194336 3 1279 98.5925292969 447.311950684
0.0582186790059 1.46559177702 1.63284305727
0 0 0
4 0 1385 14.3110961914 -250.951049805 1 1043 32.984375 206.373291016 2 646 159.563232422 217.660705566 3 1423 154.549194336 236.458984375
0.250203886063 1.47739615351 1.63736250966
8 22 14
4 0 1386 215.336914063 -253.687316895 1 1062 276.12121582 190.764953613 2 547 409.331176758 228.060302734 3 2525 342.209228516 196.447692871
0.13156782488 1.54300126624 1.63345051499
1 9 11
3 0 2065 88.6856689453 -313.911254883 1 1077 126.673217773 108.274902344 2 572 252.352661133 123.187194824
0.11094226475 1.7585523249 1.6061805798
9 25 20
2 0 1993 64.7711181641 -496.794189453 1 1102 102.166748047 -170.979614258
0.20443664227 1.75915806785 1.59318751173
10 26 22
4 0 1930 156.061401367 -505.566040039 1 1112 227.337280273 -173.166015625 2 644 336.469116211 -179.033874512 3 1529 329.351196289 -160.586181641
0.0767932501548 1.44850302638 1.63474326282
7 3 0
3 0 1623 34.3658447266 -234.94140625 1 1117 56.9165039063 228.076904297 2 642 181.897216797 241.809051514
0.0207246128664 1.35240747841 1.63408900817
26 25 21
4 0 1861 -25.1375732422 -150.579284668 1 1131 -14.5255126953 350.205627441 2 679 112.769897461 355.572235107 3 1148 115.517578125 397.329711914
0.0207246128664 1.35240747841 1.63408900817
26 25 21
4 0 1862 -25.1375732422 -150.579284668 1 1132 -14.5255126953 350.205627441 2 680 112.769897461 355.572235107 3 1149 115.517578125 397.329711914
0.101882505114 1.27208220258 1.64314853086
1 3 4
3 0 1509 65.7331542969 -68.9857177734 1 1183 88.0352783203 447.19229126 2 549 210.197265625 474.661102295
0.23325949032 1.76800374769 1.58310965344
6 17 13
2 0 2152 186.256958008 -518.901855469 1 1189 267.796508789 -186.930175781
0.00799917276855 1.61886731398 1.62268934844
0 6 9
4 0 1628 -38.1050415039 -382.279052734 1 1208 -31.2700195313 11.4727172852 2 733 99.9619140625 16.5461425781 3 1764 102.10168457 28.3054199219
-0.0926973532961 1.64689112569 1.61558152037
0 1 0
4 0 2687 -140.906555176 -411.802490234 1 1224 -162.573791504 -24.9964599609 2 702 -11.6643676758 -22.1298828125 3 1068 -14.6056518555 -8.51953125
-0.0640667417485 1.63859717932 1.61784676762
6 6 2
4 0 2309 -112.09375 -403.116088867 1 1226 -124.958618164 -14.1587524414 2 790 19.4655151367 -11.2252807617 3 1144 19.7510375977 3.10302734375
0.225481782164 1.3624585712 1.64735785624
27 27 21
3 0 1668 196.984375 -148.969787598 1 1237 242.786621094 332.902374268 2 604 374.393188477 381.354553223
0.0618086633594 1.44744621926 1.63326144118
8 2 0
4 0 1808 18.315612793 -235.137756348 1 1239 37.5316162109 229.38104248 2 815 163.499633789 241.326049805 3 1635 158.704345703 260.855987549
-0.00165118278237 1.53621148059 1.62493754165
1 8 12
3 0 1777 -47.8934326172 -315.942504883 1 1246 -43.7857666016 117.581665039 2 710 88.0462646484 120.739257813
0.0800005429072 1.30516064348 1.63999794672
3 4 3
4 0 1561 41.0328369141 -102.486999512 1 1249 60.2619628906 407.372375488 2 691 183.547485352 426.789337158 3 1791 176.56237793 447.302703857
0.127879889933 1.67921671144 1.6178897893
1 2 0
4 0 2249 82.8920898438 -430.562866211 1 1261 124.013549805 -66.9014282227 2 655 243.291870117 -61.5836791992 3 1486 233.015380859 -54.4901733398
0.127879889933 1.67921671144 1.6178897893
1 2 0
4 0 2250 82.8920898438 -430.562866211 1 1262 124.013549805 -66.9014282227 2 656 243.291870117 -61.5836791992 3 1487 233.015380859 -54.4901733398
0.0594647713986 1.47783383189 1.633110724
6 17 15
3 0 2080 15.7437133789 -261.468688965 1 1334 34.4620361328 191.268615723 2 891 161.744873047 201.519287109
-0.0308391277278 1.66660567247 1.61908228029
45 44 43
3 0 2391 -76.6479492188 -422.707275391 1 1349 -81.6678466797 -49.8899536133 3 1648 57.5986328125 -38.1307983398
0.149289657231 1.68884296791 1.61522219818
39 36 27
3 0 1813 103.096069336 -438.384887695 1 1360 151.720825195 -79.0549926758 3 1603 257.758789063 -68.159362793
0.227992441847 1.7599476303 1.58717023752
11 28 23
3 0 2262 180.600830078 -510.242797852 1 1362 260.240966797 -175.541564941 3 1549 356.900634766 -161.195861816
0.180681317017 1.760609768 1.59671013813
10 26 22
4 0 2596 133.644287109 -504.771606445 1 1373 195.617797852 -175.359741211 2 760 304.875488281 -178.447753906 3 1802 302.136230469 -163.157165527
-0.122675367728 1.46199056294 1.61437047593
1 1 1
2 0 1957 -179.434631348 -263.413574219 1 1381 -200.857910156 214.684265137
-0.122675367728 1.46199056294 1.61437047593
1 1 1
2 0 1958 -179.434631348 -263.413574219 1 1382 -200.857910156 214.684265137
-0.079418576371 1.643181689 1.61724607942
2 2 0
4 0 2711 -126.754638672 -407.14440918 1 1387 -144.904296875 -19.6401367188 2 967 2.45220947266 -17.2261962891 3 1273 0.75390625 -3.86328125
0.238973589527 1.76028853067 1.58445417016
13 30 27
4 0 2827 190.471191406 -512.057983398 1 1427 274.764648438 -176.608337402 2 721 382.078125 -183.549133301 3 1682 370.75769043 -161.64630127
-0.00811370494598 1.3403707478 1.63117963151
0 2 1
3 0 1979 -56.9637451172 -141.89263916 1 1443 -51.1345214844 366.283843994 2 866 78.3325195313 365.746612549
0.129866946662 1.35768886576 1.64303637571
31 30 24
3 0 1954 94.2160644531 -148.618408203 1 1447 123.134277344 340.673919678 2 802 247.641235352 368.414093018
-0.105295566489 1.6371759138 1.61378711722
0 0 0
3 0 2501 -152.874328613 -405.642456055 1 1455 -178.820068359 -12.4107055664 2 1021 -27.2499389648 -10.6671142578
-0.105634158086 1.63716006766 1.61446939724
0 0 0
4 0 2500 -152.874328613 -405.642456055 1 1456 -178.820068359 -12.4107055664 2 1022 -27.2499389648 -10.6671142578 3 1673 -30.9721679688 6.53527832031
-0.020367449966 1.45774602537 1.627132006
10 2 0
2 0 2165 -68.8096923828 -249.369140625 1 1458 -67.4928588867 217.862121582
0.0608614267871 1.29514021907 1.63956546981
52 40 0
3 0 1973 19.4132080078 -93.9128417969 1 1467 36.2302246094 420.324615479 2 847 160.704833984 435.829345703
-0.0374401609913 1.34907780839 1.62837685063
27 26 21
3 0 1936 -89.463684082 -152.198974609 1 1476 -88.8572387695 356.190917969 2 931 45.0596923828 349.897491455
-0.0374401609913 1.34907780839 1.62837685063
27 26 21
3 0 1937 -89.463684082 -152.198974609 1 1477 -88.8572387695 356.190917969 2 930 45.0596923828 349.897491455
-0.102720874047 1.46392359797 1.6179723846
3 4 5
4 0 2112 -157.366088867 -261.929443359 1 1481 -174.20715332 210.685302734 2 918 -27.1498413086 201.736816406 3 1649 -23.4346313477 264.19052124
0.23890369599 1.48056547589 1.63836350324
3 7 5
3 0 1970 203.677734375 -257.015380859 1 1492 262.171875 186.022705078 2 678 394.030029297 221.471008301
-0.0526886265355 1.34833800788 1.62635562009
30 29 25
4 0 1883 -106.456604004 -152.913391113 1 1496 -108.49041748 357.904632568 2 959 27.244140625 348.803131104 3 1537 36.1007080078 420.79019165
-0.0525789853153 1.34812219575 1.62638072854
30 29 25
2 0 1882 -106.456604004 -152.913391113 1 1497 -108.49041748 357.904632568
0.214769509226 1.4808196741 1.63819303884
8 2 0
3 0 2384 179.063598633 -257.496398926 1 1505 231.518188477 186.317016602 2 767 360.473266602 217.074768066
0.0886758358011 1.47751194017 1.63459260165
52 50 42
4 0 2566 45.6871337891 -259.210021973 1 1513 71.9965820313 191.248046875 2 812 197.336914063 205.375244141 3 1939 185.518920898 216.315429688
0.240864405813 1.46572119127 1.64029465598
4 5 2
3 0 3196 205.853027344 -243.093688965 1 1523 264.905151367 204.91784668 2 807 396.848999023 241.851135254
-0.0850446419275 1.45907639118 1.62054710196
42 42 32
2 0 2214 -138.402648926 -256.034301758 1 1544 -151.343017578 217.334289551
-0.0178961270644 1.70771493853 1.61595160436
14 13 14
2 0 2815 -63.8096923828 -455.354736328 1 1565 -64.598815918 -103.665527344
0.0898731209031 1.62058078283 1.62560372401
20 8 2
4 0 2505 45.521484375 -380.696044922 1 1583 74.0455322266 9.45855712891 2 899 198.143920898 16.9638061523 3 2061 189.283813477 23.9067382813
0.0735061715914 1.65101107418 1.62293135683
2 3 0
4 0 2826 27.4587402344 -406.457397461 1 1589 52.8640136719 -29.9385375977 2 822 178.626708984 -24.2930297852 3 1841 173.472900391 -16.3141479492
0.164746123691 1.7597777369 1.59876665919
9 26 21
3 0 3125 117.606079102 -502.053100586 1 1595 174.194335938 -173.887084961 2 883 284.196166992 -176.336730957
0.16431487428 1.76017274389 1.6005520301
9 26 21
4 0 3124 117.606079102 -502.053100586 1 1596 174.194335938 -173.887084961 2 884 284.196166992 -176.336730957 3 1829 281.87487793 -163.119018555
0.14412108591 1.35713714424 1.6431343038
41 42 35
3 0 1657 109.375366211 -148.192810059 1 1602 140.956298828 341.299468994 2 762 265.969726563 372.344207764
-0.0285451685839 1.50933841502 1.62499840331
27 23 20
3 0 2636 -76.5778808594 -294.104736328 1 1604 -77.969543457 152.063476563 2 885 57.2333984375 152.041320801
0.0745139455784 1.47881292725 1.63397621668
7 20 17
3 0 2137 31.955078125 -260.950927734 1 1608 53.9298095703 189.896972656 2 1045 179.475219727 201.646850586
0.0122052153295 1.63290399684 1.6220150649
4 3 1
4 0 2969 -33.6035766602 -394.350463867 1 1609 -25.8160400391 -6.72784423828 2 859 105.106689453 -1.95233154297 3 1417 106.51184082 9.595703125
0.047397293325 1.44265728548 1.6321242989
3 22 24
3 0 2358 4.71234130859 -231.810852051 1 1610 18.5979003906 236.108520508 2 880 145.215087891 245.304534912
0.143754331953 1.75755946263 1.60559927649
10 26 21
2 0 2560 95.4516601563 -495.885620117 1 1612 146.237915039 -169.691467285
0.239413925911 1.75233132621 1.58644941022
7 16 14
4 0 2466 192.753295898 -505.075561523 1 1620 275.060058594 -165.592956543 2 849 382.643066406 -171.788085938 3 2069 368.752685547 -150.76361084
0.239413925911 1.75233132621 1.58644941022
7 16 14
4 0 2465 192.753295898 -505.075561523 1 1621 275.060058594 -165.592956543 2 848 382.643066406 -171.788085938 3 2070 368.752685547 -150.76361084
0.161450593715 1.76779731059 1.59788904297
3 10 9
2 0 2550 113.696289063 -508.703125 1 1622 170.077026367 -184.319885254
-0.126773635048 1.49627982567 1.61388955249
39 31 24
3 0 2059 -181.915588379 -292.3984375 1 1642 -205.86529541 170.640136719 2 1210 -53.5835571289 158.916931152
-0.108191595448 1.5057183052 1.61777670478
5 18 18
4 0 3223 -162.719238281 -298.491455078 1 1651 -180.96673584 157.694274902 2 1188 -30.7153320313 150.977416992 3 1846 -31.961730957 201.910095215
0.184627547314 1.75236937532 1.59845275571
4 10 8
3 0 3324 136.382324219 -497.146118164 1 1713 200.669555664 -163.925415039 2 927 311.229003906 -166.84552002
0.094099638117 1.35625972363 1.64057506059
29 28 23
3 0 2140 55.2893066406 -149.291320801 1 1719 78.3615722656 343.21572876 2 974 202.369995117 363.644287109
0.0228309642709 1.56555096671 1.62644100679
0 0 0
2 0 3040 -23.3787841797 -338.221069336 1 1725 -11.6133422852 79.8220214844
0.112730188381 1.55161609766 1.63123287046
50 45 34
2 0 2644 69.8764648438 -322.153564453 1 1735 102.911376953 97.2546386719
0.130705073191 1.65250442105 1.62145314162
56 44 30
3 0 2901 85.5684814453 -407.512573242 1 1739 126.786254883 -32.1027832031 2 1039 248.379882813 -24.7649536133
0.157393012474 1.46599253174 1.63883561165
11 3 0
3 0 2377 118.924072266 -245.811889648 1 1782 158.846679688 204.890869141 2 983 284.594238281 229.583190918
-0.014181514299 1.65433986958 1.61968688881
2 1 0
4 0 3106 -59.6922607422 -412.546386719 1 1805 -59.799621582 -34.4212646484 2 1055 74.1309814453 -30.2954711914 3 1824 77.0445556641 -20.2591552734
-0.0626771694919 1.50790520219 1.62066320795
24 21 17
3 0 3394 -111.403076172 -295.692749023 1 1820 -122.630493164 154.266052246 2 1072 16.7360839844 150.548339844
0.0117227756135 1.44052374832 1.63136367008
5 21 23
3 0 3127 -35.5189819336 -231.792297363 1 1834 -26.1012573242 239.109130859 2 1032 104.747192383 243.400146484
-0.0431128733775 1.50878709418 1.62438529236
26 23 18
2 0 3253 -92.2634277344 -294.638549805 1 1898 -96.8487548828 152.878234863
-0.0588231140833 1.71290774431 1.61463447235
48 46 46
4 0 3591 -105.111816406 -460.810180664 1 1955 -117.648010254 -110.549621582 2 1217 24.4943847656 -104.311828613 3 1876 25.9069824219 -105.595336914
-0.0257014235327 1.60796158154 1.62164181404
36 38 29
3 0 3600 -71.8823852539 -375.830932617 1 1978 -75.0713500977 25.3801879883 2 1153 61.5556640625 28.3909912109
-0.0257014235327 1.60796158154 1.62164181404
36 38 29
3 0 3599 -71.8823852539 -375.830932617 1 1979 -75.0713500977 25.3801879883 2 1154 61.5556640625 28.3909912109
0.0170840569696 1.53789862525 1.62734774479
8 0 0
4 0 2849 -28.6776123047 -316.045043945 1 1992 -19.6080322266 115.000976563 2 1075 111.253540039 119.825866699 3 2726 110.655639648 142.857177734
0.150792308764 1.47525954504 1.63825328988
51 50 42
3 0 2760 111.883544922 -254.124267578 1 2012 150.349609375 193.504272461 2 1019 276.205688477 216.009521484
0.0862666076469 1.57536967777 1.62902073393
52 42 30
4 0 2655 42.0712890625 -343.628295898 1 2014 69.1547851563 66.6382446289 2 1205 194.751464844 76.4166870117 3 3405 184.009887695 86.3248291016
-0.0106214082902 1.62296479182 1.61988552101
0 1 0
4 0 2820 -57.7946777344 -387.332763672 1 2031 -54.1758422852 5.74206542969 2 821 76.7386474609 10.2337646484 3 2452 82.6715087891 23.6339111328
-0.0451196960562 1.34821185208 1.6278763034
0 2 2
2 0 2436 -98.2363891602 -151.949401855 1 2098 -98.6956176758 357.338775635
-0.0451287511538 1.34780359252 1.62706090472
0 2 2
3 0 2437 -98.2363891602 -151.949401855 1 2099 -98.6956176758 357.338775635 2 1144 35.8298339844 351.219177246
0.0393911685718 1.57298157467 1.62644369859
45 40 35
4 0 2530 -5.78216552734 -344.570678711 1 2103 9.20501708984 69.9898071289 2 1157 137.502319336 76.0357055664 3 3723 135.19519043 92.9877319336
0.0393911685718 1.57298157467 1.62644369859
45 40 35
4 0 2531 -5.78216552734 -344.570678711 1 2104 9.20501708984 69.9898071289 2 1158 137.502319336 76.0357055664 3 3724 135.19519043 92.9877319336
-0.0586849952926 1.50055159725 1.62227577599
7 0 0
4 0 3116 -108.591491699 -288.598022461 1 2118 -116.796142578 163.743652344 2 1065 22.1519775391 160.731872559 3 2862 27.1358642578 202.858581543
0.239665153926 1.52170243224 1.63431258016
5 17 15
2 0 3122 201.382080078 -293.790893555 1 2121 264.540161133 134.926147461
0.178755106632 1.48269317149 1.63871898256
3 14 17
4 0 3517 142.056762695 -260.601379395 1 2166 185.848510742 183.734069824 2 1160 312.749145508 209.949951172 3 2602 271.395874023 199.379272461
0.258897551261 1.51566682346 1.63483192515
25 23 17
4 0 2714 223.034301758 -287.647949219 1 2223 288.446777344 142.141906738 2 963 421.663330078 175.096862793 3 2625 350.054077148 149.115478516
-0.080049702813 1.46594439646 1.62083219594
8 0 0
4 0 2912 -132.952758789 -262.094665527 1 2246 -144.809997559 208.375 2 1203 -0.826904296875 200.173278809 3 3130 2.85723876953 258.22064209
-0.0885771199613 1.49870114342 1.61964478353
6 1 0
4 0 2695 -141.014770508 -289.53137207 1 2257 -155.842529297 166.722351074 2 1480 -10.5592041016 160.518249512 3 3020 -7.67370605469 209.254150391
-0.0620777061466 1.66606152703 1.61711615528
50 49 48
3 0 4392 -108.726867676 -424.715087891 1 2300 -121.618103027 -49.6253662109 3 2218 21.0928955078 -36.8674926758
-0.0620777061466 1.66606152703 1.61711615528
50 49 48
3 0 4393 -108.726867676 -424.715087891 1 2301 -121.618103027 -49.6253662109 3 2219 21.0928955078 -36.8674926758
0.223682877819 1.49127956762 1.63658560734
5 1 0
3 0 2959 187.273803711 -267.628356934 1 2305 243.029663086 173.347839355 2 1131 372.948242188 204.22668457
-0.0874574718239 1.65401636067 1.61571048197
33 35 27
4 0 4416 -134.94720459 -416.520507813 1 2309 -154.746337891 -33.4375610352 2 1450 -7.12591552734 -31.3548583984 3 2512 -8.68408203125 -19.6600952148
-0.120374386052 1.4136214975 1.61478000105
11 2 0
3 0 2917 -178.921691895 -220.547058105 1 2325 -197.774902344 277.013916016 2 1326 -48.4270629883 260.030914307
-0.0886438351405 1.47553005383 1.61886682983
5 0 0
4 0 2799 -141.827941895 -271.786621094 1 2333 -155.853210449 196.18170166 2 1510 -11.0934448242 188.155883789 3 2911 -6.95532226563 245.483551025
0.15140745733 1.75842467436 1.60174521678
9 25 20
4 0 3988 103.452270508 -499.876708984 1 2335 156.105712891 -171.545654297 2 1061 268.754272461 -172.858886719 3 2795 269.118896484 -161.462646484
0.189560547208 1.47977959581 1.63803995564
5 1 0
2 0 3165 152.323852539 -257.445556641 1 2339 199.541259766 187.697631836
0.189406400096 1.47975159944 1.63772503454
5 1 0
3 0 3166 152.323852539 -257.445556641 1 2340 199.541259766 187.697631836 2 1191 326.259033203 215.288391113
0.0808854670146 1.50783062424 1.63267438882
36 31 26
4 0 3355 37.7973632813 -286.119995117 1 2362 62.037109375 152.880432129 2 1277 187.719482422 164.750671387 3 3377 177.564453125 176.949768066
0.068309119906 1.46735377617 1.633409214
36 37 25
4 0 3265 25.3553466797 -251.740234375 1 2397 45.9150390625 204.476745605 2 1271 171.570556641 216.07989502 3 2961 164.840576172 232.669006348
0.068309119906 1.46735377617 1.633409214
36 37 25
4 0 3264 25.3553466797 -251.740234375 1 2398 45.9150390625 204.476745605 2 1272 171.570556641 216.07989502 3 2960 164.840576172 232.669006348
0.117095963348 1.55728106514 1.63077820178
0 8 12
4 0 2725 74.5677490234 -327.439819336 1 2406 108.355834961 89.9382324219 2 1256 232.849121094 102.805419922 3 3765 215.188476563 108.088317871
0.209827250092 1.47416772298 1.6388464863
35 37 25
3 0 3066 173.807739258 -251.804931641 1 2427 225.134643555 194.523620605 2 1119 354.065429688 225.783874512
0.0511728164128 1.50642144922 1.63036556899
31 33 26
4 0 3292 6.97247314453 -286.865600586 1 2466 24.0961914063 155.105224609 2 1295 150.969116211 163.543151855 3 3032 147.504882813 182.064941406
-0.0796709221786 1.41578987052 1.62204642163
7 0 0
3 0 3540 -134.154541016 -217.611083984 1 2488 -143.728210449 272.543701172 3 2068 3.86987304688 330.697906494
-0.0457430555397 1.62477289612 1.61989973104
39 34 6
4 0 4296 -92.8020629883 -390.599487305 1 2494 -100.710510254 3.92596435547 2 1328 39.2961425781 6.06951904297 3 2700 40.5119628906 22.9927368164
-0.0511793058837 1.62107959057 1.61993765411
2 3 0
4 0 4609 -97.6526489258 -387.86340332 1 2500 -107.389343262 8.70855712891 2 1395 32.7342529297 10.8441162109 3 2406 33.5360107422 28.2537841797
-0.0453660527533 1.46573590798 1.62449338397
51 49 36
4 0 3481 -96.1089477539 -258.146606445 1 2554 -99.9769897461 208.020690918 2 1332 38.0828857422 204.946228027 3 2734 43.0510253906 251.732910156
-0.0378302482662 1.66745837511 1.61813532575
49 48 46
3 0 4385 -84.3397216797 -424.346435547 1 2575 -90.3340454102 -51.4330444336 2 1322 48.0484619141 -47.0297241211
0.112377676843 1.54210766996 1.63148152559
6 1 0
4 0 3658 69.5255126953 -314.537231445 1 2598 102.84362793 109.262451172 2 1224 226.615600586 122.579223633 3 3057 210.309448242 128.465393066
0.146126579649 1.69618703661 1.6133297722
11 26 21
4 0 4353 99.5543212891 -445.668334961 1 2608 148.694580078 -88.6915893555 2 1109 265.040527344 -86.2017822266 3 3435 255.466186523 -76.9255371094
0.156123824327 1.65099783789 1.62022266109
10 27 24
4 0 3915 110.580444336 -406.186889648 1 2619 159.598632813 -29.8172607422 2 1244 280.63293457 -23.2331542969 3 2509 261.86340332 -17.2731933594
0.204760980448 1.74838047283 1.59518584473
12 27 25
3 0 4335 157.312866211 -496.552246094 1 2629 227.265991211 -158.560058594 2 1660 337.436645508 -163.064697266
0.204359928589 1.74783990662 1.59408825472
12 27 25
2 0 4336 157.312866211 -496.552246094 1 2630 227.265991211 -158.560058594
0.151848504633 1.35992701179 1.64443683207
1 3 3
4 0 3237 117.650756836 -148.798828125 1 2649 150.794067383 337.81427002 2 1288 275.796020508 369.362518311 3 4400 245.095214844 359.030670166
0.096717337275 1.61519941691 1.62574141677
57 53 44
4 0 3995 52.0701904297 -376.842895508 1 2674 82.865234375 15.1674194336 2 1543 206.911132813 24.270324707 3 4453 196.513427734 32.5470581055
0.0608897873213 1.5129441587 1.62972631647
8 21 19
2 0 2744 16.5394287109 -292.628417969 1 2675 37.1099853516 146.88293457
0.0454232459542 1.5022556139 1.63026008904
0 0 0
4 0 3573 0.668212890625 -283.277832031 1 2688 16.7357788086 160.34777832 2 1533 144.044311523 168.401672363 3 3729 141.694091797 188.23059082
-0.0699968201233 1.45878174805 1.62194770989
9 0 0
4 0 3471 -122.435058594 -254.396789551 1 2719 -131.524597168 217.159179688 2 1648 9.58520507813 211.244812012 3 3513 14.8699951172 265.809661865
0.0658620659343 1.35406959228 1.63756411907
3 4 3
2 0 3363 24.4597167969 -149.645202637 1 2720 42.7669677734 346.984100342
0.181054605716 1.47695482972 1.63818387179
47 47 39
4 0 3450 144.172729492 -255.223815918 1 2733 189.252075195 191.011535645 2 1270 314.975585938 218.074768066 3 2729 274.84375 206.20300293
0.104566136983 1.47906870308 1.63460707598
4 16 18
4 0 2879 62.9696044922 -260.908691406 1 2743 91.7998046875 189.60345459 2 1417 217.030517578 205.789611816 3 2457 201.659912109 212.025695801
0.103691136406 1.4731622465 1.63572121354
53 52 42
2 0 4124 62.4498291016 -254.737304688 1 2771 90.9953613281 196.628295898
0.103823904027 1.47319534595 1.6354056475
53 52 42
4 0 4125 62.4498291016 -254.737304688 1 2772 90.9953613281 196.628295898 2 1396 215.838989258 212.734069824 3 3336 200.692382813 220.254943848
0.0262305369187 1.6120558856 1.62359937281
59 55 47
4 0 3859 -19.5629882813 -377.268066406 1 2783 -7.77697753906 19.8760986328 2 1591 121.803222656 25.4696044922 3 4072 121.727172852 38.7412719727
0.0242605420622 1.62806453425 1.6234263766
56 55 46
3 0 4576 -21.2963867188 -388.938110352 1 2898 -10.0078125 0.127014160156 2 1975 119.169189453 3.81274414063
0.226835969424 1.48101341162 1.63771614599
5 5 2
3 0 4219 191.480957031 -257.875976563 1 2904 246.973999023 186.011047363 2 1299 376.907470703 218.759155273
0.119527832409 1.35725275319 1.6425354125
1 2 2
3 0 4266 82.5072021484 -148.848266602 1 2931 110.330810547 341.426849365 2 1377 234.772705078 367.092651367
-0.0139867461136 1.35018349801 1.63016653017
2 3 2
4 0 4065 -63.6218261719 -151.552734375 1 2940 -58.9711914063 353.9609375 2 1634 71.8038330078 352.709869385 3 3595 79.2095947266 409.052978516
-0.044494473171 1.66607589455 1.61707568756
49 46 47
4 0 4360 -91.4971313477 -423.498046875 1 2994 -99.6099243164 -49.6005859375 2 1857 40.3032226563 -45.4996337891 3 2582 43.5181884766 -37.4512939453
0.16170416001 1.35925487885 1.64480524033
1 2 3
3 0 4218 128.383666992 -148.477661133 1 3151 163.243774414 338.121673584 2 1492 288.798217773 372.469604492
0.0321228601609 1.69027667918 1.61835845826
46 45 44
4 0 4691 -13.7189941406 -440.125244141 1 3174 -0.293334960938 -80.8670043945 2 1716 127.922729492 -76.3212890625 3 3562 130.138549805 -70.6490478516
-0.124355973288 1.40838930464 1.61447487534
44 45 33
2 0 4139 -184.138122559 -216.452392578 1 3201 -202.809753418 283.870727539
0.069060434145 1.45198992126 1.63420127837
34 36 25
4 0 4165 26.3770751953 -238.207824707 1 3245 46.9422607422 223.871154785 2 1613 172.357788086 236.104919434 3 3974 165.352172852 253.233337402
0.069060434145 1.45198992126 1.63420127837
34 36 25
4 0 4166 26.3770751953 -238.207824707 1 3246 46.9422607422 223.871154785 2 1612 172.357788086 236.104919434 3 3973 165.352172852 253.233337402
0.0914186181848 1.47194242493 1.63580896137
8 14 14
2 0 4379 49.40625 -253.845031738 1 3272 75.4833984375 198.177185059
0.0313267482079 1.71445442245 1.61575348938
51 48 47
2 0 4580 -14.6384277344 -459.410888672 1 3421 -0.988586425781 -112.430419922
0.205820023113 1.45175050423 1.64078308675
7 5 1
4 0 4418 170.731079102 -231.909423828 1 3509 218.890991211 222.783203125 2 1146 349.264770508 255.361480713 3 4556 297.85559082 235.417541504
0.205820023113 1.45175050423 1.64078308675
7 5 1
4 0 4419 170.731079102 -231.909423828 1 3510 218.890991211 222.783203125 2 1147 349.264770508 255.361480713 3 4555 297.85559082 235.417541504
0.261952620748 1.50583436605 1.63489345108
43 39 32
3 0 4511 226.473144531 -279.956542969 1 3603 292.109863281 154.996826172 2 1524 426.239624023 188.789306641
0.180479607988 1.36016930729 1.64592216591
2 4 3
3 0 4524 148.572387695 -148.255981445 1 3661 186.816650391 336.405487061 2 1670 313.516601563 375.00769043
0.100221254559 1.35565136677 1.64030587137
4 4 5
3 0 4654 61.9873046875 -148.821655273 1 3722 86.1435546875 343.971740723 2 1726 209.605102539 365.840515137
0.100221254559 1.35565136677 1.64030587137
4 4 5
3 0 4655 61.9873046875 -148.821655273 1 3723 86.1435546875 343.971740723 2 1725 209.605102539 365.840515137
-0.137927765097 1.49669548278 1.6105994065
9 6 2
2 0 4260 -194.203369141 -295.806274414 1 3793 -221.549743652 170.32800293
-0.131882950021 1.48384306476 1.61383630187
4 2 2
2 0 4215 -188.681335449 -282.646606445 1 3987 -212.600769043 186.501647949
0.0607699202719 1.35026977473 1.63738089175
52 52 45
3 0 4680 18.8884887695 -146.395324707 1 4296 36.2890625 351.654052734 2 2315 160.911376953 365.70223999
0.0607699202719 1.35026977473 1.63738089175
52 52 45
3 0 4681 18.8884887695 -146.395324707 1 4297 36.2890625 351.654052734 2 2316 160.911376953 365.70223999
1.00736397526 2.86844038343 8.53766325188
126 126 118
2 0 1640 131.499389648 341.263183594 3 1757 -565.838134766 -225.826721191
0.130088080625 1.2949052521 1.64496741216
20 15 3
2 0 162 96.5217285156 -89.4110717773 2 65 246.703735352 450.710906982
0.0614604222016 1.61064815444 1.62763938628
24 10 3
3 0 173 15.67578125 -371.260009766 2 67 164.765258789 29.719909668 3 160 158.181030273 37.3811035156
0.0956333335819 1.63498580285 1.62459973701
50 43 35
3 0 261 52.0384521484 -392.473022461 2 93 204.657104492 -1.65277099609 3 201 195.270507813 4.26013183594
0.0318103651467 1.32620906722 1.63910370709
4 6 2
4 0 218 -8.13439941406 -125.453796387 2 94 126.865600586 389.925689697 1 171 -1.38903808594 381.949584961 3 183 121.656005859 430.398742676
0.061203998267 1.63789979769 1.62462809751
52 43 35
4 0 637 20.8326416016 -394.822265625 2 181 162.026855469 -7.30401611328 1 306 35.9250488281 -13.2631225586 3 325 157.819824219 1.64556884766
0.180631637989 1.29342626254 1.64685605795
63 46 0
2 0 539 153.512817383 -85.7069091797 2 246 311.034179688 464.26763916
0.052071888652 1.49297679447 1.63224342697
0 0 0
2 0 801 6.29693603516 -275.630981445 2 267 153.984130859 181.729309082
0.00892293739323 1.29273957481 1.63378382704
3 6 2
2 0 537 -38.3400268555 -95.5036621094 2 286 97.6126708984 428.394927979
0.0196346005396 1.27799654393 1.6348693623
67 51 0
2 0 628 -26.2655029297 -80.5481567383 2 307 109.769165039 449.023864746
0.0353299155 1.4589066867 1.63254348453
4 23 27
3 0 883 -6.80084228516 -247.197631836 2 334 131.589599609 222.635192871 3 650 127.807250977 249.756011963
0.106645489845 1.29599904157 1.64303666543
0 3 0
3 0 684 70.4672851563 -92.0142822266 2 346 217.114624023 444.28326416 1 596 93.7434082031 418.0496521
-0.0031589929788 1.27830284825 1.63069150408
68 51 0
3 0 631 -53.7468261719 -82.8770751953 2 361 82.2996826172 444.419799805 3 521 94.3504638672 506.188415527
0.119699368367 1.31382094525 1.64443910054
65 48 0
2 0 719 84.4647216797 -107.543273926 2 386 234.170043945 423.505584717
0.119806902683 1.3139847423 1.6445083775
65 48 0
3 0 720 84.4647216797 -107.543273926 2 387 234.170043945 423.505584717 1 679 110.54309082 394.672607422
0.267962994899 1.38299309912 1.64753791609
46 49 32
2 0 1341 240.427124023 -167.004882813 2 416 434.858764648 361.964782715
0.171453301035 1.35966736632 1.64520230939
53 54 44
3 0 1072 139.194335938 -148.471923828 2 422 301.555541992 373.886413574 1 811 175.208984375 337.426635742
0.264784966305 1.52867410706 1.6324222549
15 11 5
2 0 1157 228.508300781 -299.912109375 2 498 429.872680664 156.493164063
0.271413411308 1.53847081561 1.62882078574
66 61 48
2 0 1456 234.740234375 -310.449707031 2 516 438.717773438 143.68536377
0.271413411308 1.53847081561 1.62882078574
66 61 48
2 0 1455 234.740234375 -310.449707031 2 517 438.717773438 143.68536377
0.269696790523 1.50037104002 1.63536563962
12 8 3
2 0 1533 234.967651367 -274.957275391 2 589 437.246826172 197.579101563
0.00299546832738 1.31925333535 1.63247597506
4 5 0
4 0 1588 -45.9890136719 -120.445922852 2 689 90.9669189453 394.424194336 1 1004 -37.0895996094 392.034423828 3 1278 98.5925292969 447.311950684
0.223848924394 1.76125192849 1.5954749259
4 19 14
2 1 1774 252.559204102 -176.441345215 2 720 364.512573242 -182.058410645
0.0614236235414 1.28635914964 1.63881112244
5 6 0
2 0 1692 21.118347168 -85.4127197266 2 711 159.86315918 446.883850098
0.0614236235414 1.28635914964 1.63881112244
5 6 0
2 0 1693 21.118347168 -85.4127197266 2 712 159.86315918 446.883850098
0.0323468853555 1.62765710277 1.62438351358
25 11 4
3 0 2671 -14.3805541992 -388.372558594 2 747 130.067260742 6.33660888672 3 2442 127.840087891 15.6743164063
0.12999157057 1.35797752172 1.64311041828
43 43 34
3 0 1953 94.2160644531 -148.618408203 2 801 247.641235352 368.414093018 3 1997 224.030517578 365.899688721
-0.0353268340355 1.63847454872 1.61932924368
45 49 34
2 0 2543 -81.6622924805 -401.154418945 2 869 50.3515625 -10.6009521484
0.270786911108 1.45229841128 1.63881812439
4 22 25
3 0 3444 239.034301758 -231.36529541 2 881 437.087158203 265.167144775 1 2803 303.869628906 222.398864746
-0.118492993963 1.50234462444 1.61352634945
8 0 0
3 0 2426 -174.16394043 -297.838623047 2 981 -44.1858520508 152.020080566 3 1329 -41.1347045898 210.323120117
-0.0249258538208 1.61493995196 1.62156824435
1 3 0
3 0 3096 -71.9873046875 -381.791748047 2 990 63.046875 19.7243652344 3 1776 64.3132324219 36.2887573242
-0.00782445525417 1.45123641346 1.62919523018
6 23 26
2 0 3365 -55.9374389648 -242.459777832 2 1136 81.5264892578 227.36315918
-0.0453163273233 1.34710959864 1.62722667533
0 3 1
2 0 2232 -98.1851196289 -151.220703125 2 1145 35.8298339844 351.219177246
0.0829907844465 1.28308430894 1.64078854474
6 6 0
2 0 2843 44.7153320313 -81.1911010742 2 1163 186.759399414 455.925537109
0.0829907844465 1.28308430894 1.64078854474
6 6 0
2 0 2844 44.7153320313 -81.1911010742 2 1164 186.759399414 455.925537109
0.137298391438 1.35739222449 1.64296892215
1 2 0
2 0 2950 102.176391602 -148.303405762 2 1176 256.90612793 370.385375977
0.137298391438 1.35739222449 1.64296892215
1 2 0
2 0 2951 102.176391602 -148.303405762 2 1177 256.90612793 370.385375977
0.0314093796066 1.60916832567 1.62590589128
25 11 3
2 0 2765 -14.0299682617 -372.609375 2 1339 128.488037109 29.2013549805
0.274666656846 1.50620938123 1.63349189248
9 18 18
2 0 4504 240.221557617 -280.809326172 2 1369 443.783935547 190.026550293
0.120014028671 1.35735943152 1.64142611002
2 2 0
3 0 4265 82.5072021484 -148.848266602 2 1376 234.772705078 367.092651367 3 3380 216.073120117 369.250854492
0.0909946816089 1.3223810972 1.64023009227
2 4 0
2 0 2681 52.5963134766 -118.559814453 2 1383 197.484741211 407.207580566
0.0298577965207 1.52128045546 1.62877349993
1 10 6
3 0 4736 -16.020324707 -300.711791992 2 1446 126.032348633 142.489990234 3 3420 124.812133789 163.862121582
0.0298577965207 1.52128045546 1.62877349993
1 10 6
3 0 4735 -16.020324707 -300.711791992 2 1447 126.032348633 142.489990234 3 3419 124.812133789 163.862121582
0.0310833310915 1.47521134873 1.62991863949
8 20 22
2 0 3850 -14.0116577148 -261.478149414 2 1469 126.293334961 201.640808105
0.180353759653 1.36007871971 1.64597172659
2 3 1
2 0 4525 148.572387695 -148.255981445 2 1669 313.516601563 375.00769043
0.132929291473 1.45235819455 1.63912336112
53 55 47
4 0 4683 94.5064697266 -234.894836426 2 1717 253.019775391 244.058013916 1 3524 127.686523438 222.369140625 3 4254 227.151489258 243.855957031
0.104278936453 1.35220071554 1.64042599037
60 59 49
4 0 4673 66.2550048828 -145.150268555 2 1951 214.526855469 371.072387695 1 4261 91.0672607422 348.108764648 3 5321 200.561157227 379.440887451
0.16825183215 1.4303188287 1.64285696343
30 32 21
2 1 34 171.810791016 248.507019043 2 13 299.161010742 279.311828613
0.157468305713 1.50097066946 1.6312661385
0 9 13
2 1 122 160.029418945 162.191040039 2 57 282.259033203 182.766174316
0.0481788792034 1.6757918481 1.62591205519
40 39 36
3 1 81 24.9832763672 -65.1918945313 2 72 147.423706055 -57.0152587891 3 146 140.216552734 -46.9161376953
0.181848647609 1.46671253899 1.63688264517
28 30 19
2 1 159 190.135620117 205.26574707 2 74 315.60144043 231.590942383
-0.0219135055213 1.49127179886 1.62334706833
0 7 12
3 1 135 -72.4788208008 176.155090332 2 79 65.2319335938 175.978393555 3 120 71.8515625 211.693664551
-0.0219135055213 1.49127179886 1.62334706833
0 7 12
3 1 134 -72.4788208008 176.155090332 2 80 65.2319335938 175.978393555 3 121 71.8515625 211.693664551
-0.0260720247145 1.7296999188 1.61303792357
39 38 33
3 1 150 -76.8353271484 -131.987976074 2 81 60.2868652344 -126.602722168 3 118 66.4848632813 -129.119445801
0.103445873217 1.3303611228 1.646211745
0 2 5
2 1 180 89.6540527344 374.244476318 2 105 215.877197266 397.43347168
0.0915369043291 1.55420876868 1.62734192025
0 0 0
2 1 196 76.119140625 93.7908935547 2 106 199.113647461 105.559020996
0.0907512537917 1.55325584352 1.63036586226
0 0 0
3 1 195 76.119140625 93.7908935547 2 107 199.113647461 105.559020996 3 225 188.017211914 116.788879395
-0.0703837716809 1.48702705148 1.6221993528
4 0 0
3 1 155 -131.040405273 181.606262207 2 109 9.72155761719 174.956604004 3 104 12.7692871094 225.223266602
0.000407110235802 1.67214618016 1.61639393948
41 40 38
2 1 184 -41.167175293 -57.6604003906 2 122 89.427734375 -52.7947387695
0.0725840407968 1.45463460816 1.63802552872
5 9 7
2 1 182 51.2768554688 219.413696289 2 130 178.783447266 232.805725098
0.0272161499411 1.7016622045 1.61869943007
14 14 14
3 1 231 -3.35760498047 -95.4479370117 2 132 120.390258789 -90.9800415039 3 214 122.595214844 -87.0046386719
0.0272161499411 1.7016622045 1.61869943007
14 14 14
3 1 232 -3.35760498047 -95.4479370117 2 133 120.390258789 -90.9800415039 3 215 122.595214844 -87.0046386719
0.203677325925 1.48798486926 1.6358985986
3 0 0
2 1 270 217.940307617 176.48425293 2 164 345.031005859 207.229125977
0.0565548410841 1.70293641877 1.61755420669
40 39 34
3 1 236 32.0007324219 -97.9822387695 2 166 155.921020508 -93.328918457 3 305 157.349731445 -87.2941894531
0.111335936801 1.6893558276 1.61638938867
33 27 19
3 1 328 104.357055664 -80.2957763672 2 171 221.040283203 -74.728515625 3 339 216.692871094 -69.1892700195
-0.0737860309741 1.698851295 1.61357045184
17 17 17
3 1 258 -138.704345703 -92.0626831055 2 174 8.15386962891 -86.9183959961 3 237 8.93725585938 -85.4635620117
0.221932739483 1.4580340132 1.63977297698
0 0 0
2 1 461 240.245239258 214.815368652 2 239 370.425292969 249.882843018
0.162214496765 1.64480968515 1.61720954893
5 21 15
4 1 422 167.789794922 -22.5505981445 2 241 286.983032227 -13.6826782227 0 850 114.284790039 -400.354858398 3 359 273.697509766 -11.4294433594
0.0508005403219 1.52852120794 1.63046936553
4 17 16
2 1 382 23.8088378906 126.68939209 2 273 151.281982422 135.113220215
0.00907369990517 1.2928274329 1.63363367581
0 1 4
2 1 434 -29.3688964844 425.45980835 2 285 97.6126708984 428.394927979
0.0403367854973 1.63736006569 1.62541008021
30 25 19
3 1 560 10.2564697266 -12.4544067383 2 321 139.769775391 -7.18286132813 3 741 135.436157227 3.04302978516
0.115000400275 1.63020958817 1.62525411724
0 4 6
3 1 888 105.25 -3.75061035156 2 377 230.286865234 6.02471923828 3 1108 216.297363281 10.0729370117
0.0988186424899 1.56953652656 1.6298508661
0 0 0
3 1 551 85.1297607422 75.7894287109 2 378 210.00378418 85.4099731445 3 944 196.915405273 90.9720458984
0.253584391255 1.49766205448 1.6332987561
5 3 0
2 1 847 281.948852539 166.470214844 2 382 413.515136719 198.969665527
0.0477445434434 1.65490970603 1.61963662599
8 20 16
2 1 727 20.1007080078 -35.6329345703 2 400 145.486206055 -29.3488769531
-0.0901849144273 1.45892924055 1.61957011455
28 27 20
3 1 493 -157.716064453 217.452453613 2 407 -12.8935546875 208.393615723 3 672 -8.58422851563 269.624755859
0.0364569869296 1.63708186667 1.62373682641
29 25 19
2 1 781 5.50299072266 -12.1528320313 2 463 134.105712891 -6.63891601563
0.229419706601 1.75087507863 1.59029620278
0 4 2
3 1 1129 261.150512695 -162.919494629 2 479 369.741455078 -168.351501465 3 1247 355.795532227 -149.273986816
0.0739672564948 1.29296030774 1.64114354434
40 33 3
3 1 702 52.9251708984 423.780059814 2 493 176.35559082 440.511810303 3 1039 169.159423828 463.372283936
0.132100865356 1.76765469513 1.60329206282
2 8 4
3 1 893 130.724731445 -183.5078125 2 540 244.153442383 -184.761535645 3 986 247.859863281 -174.490966797
-0.102485854722 1.38151681836 1.61904924433
30 31 24
2 1 830 -173.563354492 317.214782715 2 580 -27.9882202148 301.05480957
-0.130128197327 1.65840872599 1.61171248104
44 43 42
2 1 564 -210.980163574 -40.233581543 2 632 -53.0994262695 -36.7727050781
-0.00105459826429 1.52667831438 1.62780737283
44 42 33
3 1 1029 -42.0196533203 129.330078125 2 636 89.8732910156 132.743774414 3 993 89.8884277344 159.578857422
0.00306861299523 1.26805158599 1.63142193283
1 3 6
3 1 1185 -37.6557006836 457.599731445 2 662 88.9962158203 459.436889648 3 1825 100.160522461 518.110107422
0.00132847468052 1.62587025536 1.62162229742
30 31 19
3 1 1079 -40.3044433594 2.53704833984 2 696 92.6027832031 6.47729492188 3 1356 94.888671875 19.7585449219
0.00132847468052 1.62587025536 1.62162229742
30 31 19
3 1 1078 -40.3044433594 2.53704833984 2 697 92.6027832031 6.47729492188 3 1357 94.888671875 19.7585449219
0.149411093975 1.68885383618 1.61540431371
31 27 21
4 1 1361 151.720825195 -79.0549926758 2 698 270.543212891 -74.9607543945 0 1814 103.096069336 -438.384887695 3 1604 257.758789063 -68.159362793
0.238996965589 1.76044789747 1.58623394095
8 22 20
2 1 1426 274.764648438 -176.608337402 2 722 382.078125 -183.549133301
0.218058140438 1.76758146364 1.58575215733
0 3 4
2 1 1789 247.118896484 -186.187255859 2 734 351.913330078 -192.849243164
0.218058140438 1.76758146364 1.58575215733
0 3 4
2 1 1790 247.118896484 -186.187255859 2 735 351.913330078 -192.849243164
0.0725285755414 1.35214166458 1.64055760099
21 23 18
2 1 1601 50.9931640625 348.100891113 2 745 176.529541016 364.986480713
0.180694952965 1.7605582988 1.59656182298
4 17 13
2 1 1372 195.617797852 -175.359741211 2 759 304.875488281 -178.447753906
0.143786922191 1.64017313794 1.62172259484
7 11 9
3 1 1199 145.189819336 -16.1743164063 2 763 263.879760742 -8.08703613281 3 1585 247.218261719 -2.79254150391
0.24864178189 1.75101981442 1.58320067479
7 17 16
2 1 1519 288.35949707 -164.354675293 2 788 394.527709961 -170.734741211
-0.0698661975492 1.41118610079 1.62260316899
36 35 29
3 1 1555 -130.161193848 278.071044922 2 789 8.18603515625 269.375762939 3 1462 15.6113891602 335.356109619
0.12779186893 1.64405389377 1.62213270435
0 0 0
4 1 1634 122.805297852 -21.1970214844 2 867 244.87890625 -13.6942138672 0 2863 82.4368896484 -400.279907227 3 1694 231.600708008 -7.85296630859
0.016676093736 1.70853013188 1.61701169091
7 8 8
3 1 1412 -20.1135253906 -104.458068848 2 892 109.475952148 -99.8894042969 3 1680 113.256103516 -97.0165405273
-0.038016123561 1.71452572302 1.61526884753
39 38 36
3 1 1178 -91.0494384766 -112.93963623 2 894 47.3525390625 -106.729919434 3 1494 50.4008789063 -106.776428223
0.0416091289919 1.46999583037 1.63154118681
0 12 15
3 1 1423 12.0811767578 201.209106445 2 917 139.318847656 208.842651367 3 1988 137.098754883 233.68182373
0.125334102223 1.4459883269 1.63925773297
1 16 20
3 1 1856 119.115844727 230.20135498 2 942 242.799316406 251.377929688 3 1956 219.571533203 253.077972412
-0.0573952326931 1.66572098801 1.61771980269
39 36 37
2 1 1554 -115.887329102 -49.0510253906 2 954 26.5037841797 -45.2521362305
-0.0541760107177 1.43769783881 1.62497188767
26 28 18
2 1 1815 -110.859191895 243.928436279 2 999 27.8234863281 238.423156738
-0.00520384903808 1.71557619285 1.61574588503
40 39 37
4 1 1756 -48.1944580078 -113.646484375 2 1042 84.6318359375 -108.574157715 0 3344 -51.8308105469 -461.48046875 3 1787 88.8802490234 -107.595458984
0.0379172299182 1.69573067293 1.61850009915
10 11 11
3 1 1714 7.10327148438 -88.3211669922 2 1044 134.75 -83.7366943359 3 2425 136.549560547 -77.7292480469
0.116879310206 1.65491542261 1.62274796951
29 18 10
2 1 2226 109.094604492 -34.9697875977 2 1059 231.423095703 -28.5746459961
0.15152816499 1.7583836866 1.60211102797
4 17 13
3 1 2334 156.105712891 -171.545654297 2 1060 268.754272461 -172.858886719 3 2794 269.118896484 -161.462646484
-0.0662544270856 1.69261159833 1.61561185472
9 9 10
3 1 1296 -128.203857422 -84.6298828125 2 1100 16.9338989258 -78.3893432617 3 1674 16.6908569336 -75.8374633789
-0.0814861041506 1.67641516487 1.61471976949
39 39 36
3 1 1816 -147.46282959 -63.0197753906 2 1114 -0.625366210938 -58.8083496094 3 1688 -1.30859375 -52.405456543
0.20930390015 1.3578454751 1.64746196385
23 24 21
2 1 2379 222.429199219 338.750976563 2 1134 352.473510742 384.098693848
0.152978575533 1.6337855395 1.62181405278
0 2 3
2 1 2259 155.679443359 -7.85772705078 2 1156 276.421386719 1.27575683594
0.218012094703 1.78225193709 1.52129561055
44 49 42
2 1 3497 262.543212891 -217.999206543 2 1172 319.922119141 -228.26953125
0.088537415906 1.48471310023 1.63426131454
7 3 2
3 1 2962 72.5532226563 182.387207031 2 1190 196.492431641 195.296386719 3 3198 184.672729492 207.214050293
0.0743332663295 1.65892595382 1.62309005181
28 25 18
2 1 2404 54.2912597656 -39.9117431641 2 1208 179.321655273 -34.862121582
0.229266094269 1.4868565356 1.63698574171
22 24 19
3 1 2617 250.004882813 178.172424316 2 1222 380.649536133 210.792724609 3 3739 322.05847168 189.50958252
-0.118814938338 1.403414033 1.61503519858
32 18 11
2 1 1996 -195.347717285 290.087097168 2 1247 -46.6167602539 272.777374268
0.19188206214 1.75909962595 1.5956474886
6 19 15
3 1 2089 210.354492188 -173.182861328 2 1251 319.753173828 -177.98651123 3 2785 314.747680664 -160.395690918
0.19188206214 1.75909962595 1.5956474886
6 19 15
3 1 2090 210.354492188 -173.182861328 2 1252 319.753173828 -177.98651123 3 2786 314.747680664 -160.395690918
-0.0464752732542 1.71950902828 1.61469643372
20 19 19
3 1 2368 -102.510314941 -118.936523438 2 1253 38.2550048828 -112.946044922 3 2283 40.6685791016 -114.738220215
-0.0498670468719 1.71330663183 1.61474639562
36 36 33
3 1 2332 -106.768249512 -110.891418457 2 1278 34.3415527344 -104.966247559 3 2122 36.6574707031 -105.93762207
0.0105128720525 1.55228943436 1.62528673296
0 6 9
4 1 2322 -27.9381103516 96.3251953125 2 1290 102.818237305 101.79473877 0 3078 -35.5288696289 -329.100097656 3 4040 104.388427734 123.00177002
-0.139094872233 1.61977566004 1.60949267579
0 5 7
3 1 2210 -223.405334473 10.5581054688 2 1329 -64.4125976563 8.95599365234 3 1901 -69.8469238281 33.7398071289
0.0582690748018 1.66317710473 1.62051497392
38 38 36
2 1 2970 33.6783447266 -45.6723022461 2 1341 158.728759766 -40.6195068359
0.0320369611137 1.46972779015 1.63170714043
42 41 35
2 1 2715 -0.178771972656 201.829589844 2 1350 128.304321289 208.466918945
0.123441531068 1.63844048987 1.62472353494
6 20 16
2 1 2534 117.338745117 -13.6898193359 2 1355 240.195556641 -6.11193847656
-0.0438108580763 1.47092370186 1.62509148681
1 10 12
3 1 3066 -98.3947143555 201.455810547 2 1379 40.578125 198.180603027 3 3178 44.2055664063 244.310211182
-0.00747630643109 1.64178182979 1.6206488331
0 9 9
3 1 2510 -51.6546630859 -18.3450317383 2 1381 82.5732421875 -13.9436645508 3 2692 84.9114990234 -2.40295410156
0.00759341028112 1.7147841497 1.61509676063
40 38 36
3 1 2308 -32.4294433594 -112.953613281 2 1432 98.4434814453 -108.188049316 3 2524 104.444213867 -105.883911133
-0.0177742556029 1.69288586921 1.61640894611
9 8 9
3 1 2391 -64.7747192383 -84.6207885742 2 1433 69.7365722656 -79.2836303711 3 2718 74.3516845703 -75.450012207
0.0599079806133 1.62618886305 1.62441002823
15 5 0
3 1 3570 36.0196533203 1.77178955078 2 1436 161.508056641 8.51214599609 3 3940 157.889648438 17.5603637695
-0.0245689810538 1.67874805734 1.61703284777
37 37 34
2 1 2623 -73.4757080078 -66.1189575195 2 1437 62.1326904297 -61.3430786133
-0.0245689810538 1.67874805734 1.61703284777
37 37 34
2 1 2622 -73.4757080078 -66.1189575195 2 1438 62.1326904297 -61.3430786133
-0.0662079548043 1.67148054481 1.6165976304
19 19 19
3 1 2543 -127.294311523 -56.6069335938 2 1493 16.4711303711 -52.4659423828 3 2461 16.3713378906 -44.9694213867
-0.0662079548043 1.67148054481 1.6165976304
19 19 19
3 1 2544 -127.294311523 -56.6069335938 2 1494 16.4711303711 -52.4659423828 3 2462 16.3713378906 -44.9694213867
0.13909955022 1.69196608437 1.62560635356
32 28 19
2 1 2010 137.325439453 -82.2542114258 2 1497 262.364624023 -78.7940673828
0.00285970939524 1.63825056746 1.62085853161
5 1 0
3 1 2942 -38.2684326172 -13.7389526367 2 1503 94.1861572266 -9.34759521484 3 2891 96.8278808594 2.50903320313
0.269300588493 1.53197917229 1.63010916983
9 8 5
3 1 3002 302.833862305 122.47644043 2 1516 436.151733398 152.54864502 3 5116 363.206787109 129.30456543
-0.0222821208113 1.67340913442 1.61811771422
22 20 21
2 1 2637 -70.4478149414 -59.0795898438 2 1530 65.1785888672 -54.572265625
-0.0225277868293 1.67337117188 1.61885008335
22 20 21
3 1 2638 -70.4478149414 -59.0795898438 2 1531 65.1785888672 -54.572265625 3 2570 67.2828369141 -47.3212280273
-0.0934804682295 1.67629947527 1.61477118927
38 36 37
3 1 2588 -163.155517578 -63.051940918 2 1536 -12.9824829102 -58.5487670898 3 2650 -16.436706543 -52.2345581055
0.0448753795222 1.69222946389 1.61726074028
39 39 35
2 1 2027 16.4283447266 -84.5006103516 2 1548 141.895874023 -77.9496459961
-0.0540508706033 1.70774517834 1.61475421903
8 9 9
3 1 2684 -112.004211426 -103.635742188 2 1551 29.5446777344 -97.7407226563 3 3309 31.6530761719 -98.1604614258
-0.059262915358 1.67743880373 1.6163682758
37 36 34
3 1 2884 -118.219909668 -64.2436523438 2 1588 23.8245849609 -59.7783203125 3 2824 24.8565673828 -53.8442993164
-0.059262915358 1.67743880373 1.6163682758
37 36 34
3 1 2885 -118.219909668 -64.2436523438 2 1589 23.8245849609 -59.7783203125 3 2825 24.8565673828 -53.8442993164
0.141238937095 1.67186672787 1.62302755617
7 19 15
2 1 3945 140.418212891 -55.3645629883 2 1601 263.119750977 -52.6249389648
-0.0704389611731 1.6481719864 1.6165908316
27 28 18
3 1 2298 -131.637084961 -26.5293579102 2 1610 10.486328125 -23.4332275391 3 2588 11.430480957 -10.7640380859
-0.0537296946627 1.69159715923 1.61611637396
6 7 9
3 1 2873 -111.318786621 -82.8556518555 2 1630 30.1799316406 -77.7091064453 3 3100 31.4564208984 -74.0371704102
0.00223188597577 1.68445628124 1.61779539202
25 25 23
3 1 3360 -39.0692138672 -73.2341308594 2 1632 92.9432373047 -68.6904907227 3 3349 96.9840087891 -63.2772216797
-0.0139425308306 1.35029035996 1.6299261999
0 2 3
3 1 2941 -58.9711914063 353.9609375 2 1633 71.8038330078 352.709869385 3 3594 79.2095947266 409.052978516
-0.0872431180542 1.68175065051 1.61400273955
21 20 19
3 1 2793 -155.476196289 -70.0539550781 2 1646 -6.63385009766 -65.2972412109 3 3138 -7.99353027344 -60.4506835938
0.0219539073713 1.56702806131 1.62614847451
0 0 0
3 1 3022 -13.3533935547 78.4555053711 2 1649 116.729492188 82.869140625 3 4208 116.537353516 100.920654297
-0.0895609291828 1.46552670479 1.61934429131
2 1 1
3 1 3306 -156.573364258 209.388549805 2 1657 -12.5035400391 200.458068848 3 3144 -8.048828125 259.47756958
0.146806342867 1.66276158242 1.61055284236
5 20 15
2 1 1793 149.240722656 -44.4340209961 2 1673 263.573974609 -40.3236083984
0.0368616927895 1.68582950296 1.61915221825
21 21 20
3 1 3543 5.67816162109 -74.9904785156 2 1676 133.644897461 -70.2439575195 3 4710 135.192749023 -64.8840332031
-0.096511236268 1.68149167429 1.61369694553
23 21 20
3 1 3057 -167.451965332 -69.5608520508 2 1683 -16.5305175781 -65.1128540039 3 2827 -19.55859375 -60.2142944336
-0.0579627384329 1.67201398586 1.61874149451
22 21 21
3 1 3376 -115.883117676 -57.1987304688 2 1695 26.3010253906 -52.9249267578 3 2423 24.5897216797 -45.6488037109
0.0110113906664 1.72471187691 1.61530731323
40 39 35
2 1 2310 -27.4456787109 -126.231079102 2 1708 102.429931641 -120.364257813
0.123596696377 1.68359612266 1.61742966138
31 25 19
3 1 3642 117.316650391 -71.7559814453 2 1709 238.830200195 -67.7379760742 0 4024 77.9371337891 -434.422119141
-0.0938792695395 1.67081897459 1.61397405525
22 21 20
3 1 2716 -163.469604492 -55.8088378906 2 1713 -14.3181152344 -51.9011230469 3 2664 -16.2828369141 -44.2491455078
-0.0938792695395 1.67081897459 1.61397405525
22 21 20
3 1 2717 -163.469604492 -55.8088378906 2 1714 -14.3181152344 -51.9011230469 3 2665 -16.2828369141 -44.2491455078
0.147248277024 1.47080520126 1.63775150417
1 14 16
2 1 3729 146.091674805 199.223815918 2 1721 271.223266602 221.614807129
0.00796190756304 1.68562386711 1.61883705456
24 24 22
2 1 3254 -31.3084716797 -74.8620605469 2 1729 99.9007568359 -70.0784912109
0.00472698680912 1.72049028651 1.61560486219
25 23 23
3 1 3249 -35.9774780273 -120.343566895 2 1734 95.5765380859 -115.138305664 3 3754 100.458007813 -114.202026367
-0.0369427326989 1.61639338017 1.62098476476
1 1 0
3 1 3269 -89.1563720703 14.5405273438 2 1747 49.1748046875 17.1536865234 3 3580 50.4541015625 34.741394043
-0.0370155174758 1.68752799627 1.61675448685
36 36 34
3 1 3121 -89.697265625 -77.4322509766 2 1748 48.6232910156 -72.5913696289 3 3136 51.3703613281 -67.9997558594
-0.000306582413488 1.68907592605 1.61729099555
36 36 34
3 1 3750 -41.4411010742 -79.9827880859 2 1754 89.2800292969 -74.2369995117 3 3774 93.87109375 -69.5819091797
-0.0727898445879 1.65345921923 1.61656303627
5 1 0
3 1 3386 -135.843688965 -33.298828125 2 1755 8.96496582031 -30.0794067383 3 3426 8.86041259766 -18.5263061523
-0.0796908486551 1.6852222545 1.61515711689
36 34 35
3 1 3127 -145.444946289 -74.3961181641 2 1759 2.06945800781 -69.6295776367 3 3162 0.465087890625 -65.4196777344
-0.0780493893866 1.64994448038 1.6162571315
25 27 18
3 1 3293 -142.189819336 -28.5979614258 2 1771 2.76977539063 -26.1104736328 3 3523 2.4404296875 -13.1893310547
-0.0612221801015 1.41001571204 1.62361728352
0 0 0
3 1 3367 -119.819458008 279.832977295 2 1780 18.5858154297 271.456298828 3 3935 25.8608398438 335.187683105
-0.0224718342983 1.667213011 1.61774745926
38 37 35
3 1 3117 -70.2754516602 -51.2654418945 2 1781 64.24609375 -46.5455932617 3 3112 68.3676757813 -38.7269897461
0.0235074577474 1.68989277978 1.61883926576
35 35 32
3 1 3093 -10.936706543 -80.283203125 2 1782 117.654052734 -75.7647705078 3 2939 119.99609375 -70.4625854492
0.0190772988819 1.68532652942 1.62159919155
26 26 23
2 1 3283 -16.8965454102 -74.108215332 2 1786 114.254394531 -69.7348022461
0.24699554476 1.48374394046 1.63646087807
1 9 11
2 1 4349 272.736816406 182.591552734 2 1810 404.870117188 218.285217285
-0.0747048253006 1.65819331981 1.61629962308
37 36 33
3 1 3012 -138.676879883 -39.5836181641 2 1812 7.14184570313 -35.9644775391 3 3346 6.66125488281 -25.3684082031
0.0171902346682 1.72060249519 1.61576678806
20 19 17
3 1 4700 -19.4232177734 -120.41003418 2 1830 109.648925781 -115.672546387 3 5042 114.431518555 -113.875366211
0.147792751021 1.7651684738 1.60143117477
1 3 3
3 1 4501 151.412353516 -180.116271973 2 1835 263.622680664 -182.458007813 3 4929 265.65612793 -170.986022949
0.136841654746 1.44918117087 1.63819602642
4 6 4
3 1 4095 132.503540039 226.648986816 2 1841 257.583129883 249.245758057 3 5309 232.643066406 247.0730896
0.201046240894 1.35697134169 1.64665279716
40 40 38
2 1 4540 212.231933594 340.19418335 2 1844 341.054931641 383.649078369
0.273979892795 1.49285871616 1.63502705065
11 9 4
2 1 4310 307.260498047 170.899536133 2 1851 443.189453125 209.582336426
0.0920622187304 1.50855758568 1.63365714882
27 27 23
2 1 3944 76.3581542969 151.950195313 2 1892 201.669189453 164.946289063
-0.12840663563 1.64050090916 1.6079753384
6 19 17
2 1 4178 -209.445617676 -16.2207641602 2 1907 -54.4412231445 -15.9086303711
0.0215912461879 1.61843065163 1.62362181863
4 10 13
2 1 3618 -13.6463012695 11.3446655273 2 1925 116.268432617 17.5277099609
-0.0300146988177 1.71342146428 1.61408960669
38 36 34
3 1 3857 -80.5028076172 -110.859680176 2 1928 56.0417480469 -105.559936523 0 3283 -76.5203857422 -461.843383789
0.187528328141 1.7628055373 1.59544385533
2 1 1
3 1 3855 204.7265625 -178.40020752 2 1959 313.768310547 -182.542175293 3 5213 310.53137207 -165.818481445
0.187528328141 1.7628055373 1.59544385533
2 1 1
3 1 3854 204.7265625 -178.40020752 2 1960 313.768310547 -182.542175293 3 5212 310.53137207 -165.818481445
0.0720275947398 1.46212315599 1.6334136084
8 1 0
2 1 3644 50.7904052734 210.935913086 2 1986 175.811035156 223.6015625
0.00167346874007 1.44214483606 1.62974733512
4 5 5
3 1 3680 -38.9817504883 237.355529785 2 1993 91.8189697266 239.834259033 3 4227 94.4206542969 277.408691406
-0.0545299108744 1.46239515205 1.62357583242
27 28 17
3 1 3103 -111.376525879 212.928039551 2 1999 27.1920166016 208.051025391 3 4682 32.2662353516 257.824707031
-0.0984165211976 1.63815037962 1.61521309391
27 25 3
3 1 3361 -169.164245605 -13.4371948242 2 2001 -19.1349487305 -11.8662109375 3 3755 -21.895690918 4.62139892578
-0.0589979292394 1.68250342702 1.61591232937
22 21 22
3 1 3408 -118.087524414 -70.9044799805 2 2002 24.0767822266 -66.2514038086 3 3908 25.4416503906 -61.0969238281
-0.0499269753349 1.47825408271 1.62461681009
0 8 10
2 1 3992 -105.471435547 192.47869873 2 2008 33.3636474609 188.286621094
0.0944367448949 1.45481294701 1.63637222156
2 13 16
2 1 3903 79.1397705078 219.661682129 2 2013 204.148193359 235.805236816
0.100546690593 1.62193766656 1.62568316523
5 13 11
2 1 3959 87.8408203125 7.56188964844 2 2022 211.560791016 15.2737426758
0.0278586424324 1.71096081443 1.61680146729
9 8 8
2 1 4675 -5.59686279297 -107.641357422 2 2032 122.296386719 -103.385437012
-0.0691623096612 1.70773963445 1.61485852573
10 11 11
2 1 2798 -131.41217041 -103.440734863 2 2044 13.3434448242 -98.0423583984
-0.0583597164342 1.68713744875 1.61648875611
35 35 35
3 1 3668 -118.094360352 -77.0598144531 2 2046 25.9002685547 -71.8673706055 3 3966 26.0096435547 -67.7498168945
0.271815746811 1.51533335077 1.63290881571
13 7 3
2 1 4109 305.162597656 142.819702148 2 2126 440.198486328 177.074035645
-0.0212940972008 1.65084433614 1.62000880034
7 14 12
3 1 3928 -69.7887573242 -29.7661743164 2 2158 67.2697753906 -25.5408935547 3 5279 69.0223388672 -15.5694580078
-0.0186380858717 1.46272092074 1.62701830188
6 1 0
3 1 3878 -65.1345214844 211.698120117 2 2170 68.2690429688 211.724487305 3 5040 72.3978271484 251.709594727
-0.116210791997 1.46990247045 1.61657905094
5 16 19
2 1 4632 -191.904296875 204.010253906 2 2180 -41.0910644531 192.418518066
0.0974270873252 1.47262778682 1.63585295188
6 10 11
2 1 3998 83.0009765625 197.217956543 2 2185 208.138061523 212.776306152
0.148782578195 1.74674036874 1.60528217801
2 2 1
2 1 3932 152.44519043 -156.037475586 2 2187 266.203613281 -156.01373291
0.148819755333 1.74678612095 1.60508721357
2 2 1
3 1 3933 152.44519043 -156.037475586 2 2188 266.203613281 -156.01373291 3 5014 264.005615234 -145.794067383
0.572996948874 3.44546814278 8.43757631328
157 154 140
2 0 1522 50.5217285156 232.548400879 3 2194 -658.466369629 -356.120849609
0.157359333048 1.74691393237 1.60382650241
0 1 1
3 1 4618 163.803100586 -156.090087891 2 2210 276.778686523 -157.385314941 3 5362 273.692382813 -145.332336426
-0.0527739015524 1.50109925843 1.62300710377
29 28 22
3 1 3751 -109.421630859 162.992370605 2 2219 30.0048828125 160.316833496 3 4726 33.6636962891 201.973144531
0.19575646198 1.76269389247 1.59358122141
1 2 3
3 1 4365 216.09777832 -178.258850098 2 2238 324.085327148 -183.450195313 3 5504 320.144775391 -165.451965332
0.0376034788403 1.61085970455 1.624897649
37 35 29
2 1 4575 6.96728515625 21.4223022461 2 2255 135.290161133 27.6268920898
0.0376034788403 1.61085970455 1.624897649
37 35 29
2 1 4576 6.96728515625 21.4223022461 2 2256 135.290161133 27.6268920898
0.228551963389 1.77184070003 1.58077547435
4 17 12
2 1 4609 262.211914063 -192.585510254 2 2267 364.778076172 -200.836364746
-0.022863598204 1.45141797981 1.62699894273
26 27 20
3 1 4122 -69.9013671875 226.026123047 2 2275 62.8349609375 225.39630127 3 4913 67.5349121094 268.442077637
-0.0821562707903 1.41093670387 1.61845386649
28 29 22
2 1 2937 -147.530029297 279.860565186 2 2289 -6.61126708984 268.315734863
-0.018423812991 1.6877017839 1.61640766634
35 35 32
3 1 4086 -65.6653442383 -77.5043945313 2 2294 68.8901367188 -72.8778076172 3 4975 73.7866210938 -68.2380981445
-0.0249554278035 1.66244699584 1.61836211795
16 14 15
3 1 4600 -74.3717651367 -44.7180786133 2 2296 62.3801269531 -40.7352905273 3 4513 65.5107421875 -31.9650878906
0.0709193027527 1.35494835549 1.63832225598
38 38 33
2 1 4723 49.0753173828 345.470458984 2 2299 173.499145508 361.430328369
-0.0298131959079 1.68781962273 1.61751640416
34 33 34
2 1 4704 -80.2255859375 -77.8193359375 2 2325 56.9367675781 -72.8200073242
-0.0370481341684 1.3545381898 1.62781563547
1 3 5
2 1 4390 -88.5327758789 349.281433105 2 2329 45.4389648438 343.585235596
-0.0853385941551 1.4686432971 1.61984642289
22 21 20
2 1 4709 -151.578369141 205.180297852 2 2361 -7.33654785156 197.062255859
0.128751035727 1.66895835508 1.61997527749
52 43 31
3 0 1435 82.8371582031 -420.957275391 2 518 245.64440918 -47.9761962891 3 1143 233.193603516 -40.6647338867
0.0793685249127 1.70129785477 1.61787071467
53 45 34
3 0 1635 33.7121582031 -446.920654297 2 768 183.476196289 -90.5432739258 3 2130 182.101928711 -86.1818847656
0.144782284937 1.68223400396 1.61662701498
47 44 31
3 0 4119 98.2667236328 -432.437133789 2 1344 264.878173828 -65.7676391602 3 3756 252.396362305 -59.2619628906
-0.109664169248 1.21302079883 1.61692199421
33 33 31
2 1 3184 -182.366210938 533.253112793 2 2031 -41.339050293 502.739471436
0.0594066472676 1.74284869281 1.6144018387
60 60 57
3 0 687 12.753112793 -479.673706055 3 557 162.40246582 -142.211608887 2 542 158.791015625 -147.74621582
0.0225882685341 1.51405517533 1.62791113526
11 27 24
2 0 1176 -23.5297241211 -295.018066406 3 1159 117.802246094 174.461364746
0.248208735706 1.64113876437 1.60970516938
8 32 27
2 0 1625 205.336669922 -404.636962891 3 4139 359.630249023 -6.84686279297
0.260136286902 1.63504306339 1.61485414489
0 10 14
2 0 1825 217.164794922 -396.25402832 3 2115 365.866821289 0.900573730469
0.0857928466861 1.57494927038 1.62826622525
62 53 38
2 0 2654 42.0712890625 -343.628295898 3 3404 184.009887695 86.3248291016
-0.0136442134088 1.71432091273 1.61540103812
36 34 28
2 2 1370 74.3104248047 -106.94152832 3 2546 79.2648925781 -106.054504395
0.000226818508551 1.51262867945 1.6276065501
27 30 25
2 0 3329 -46.5078125 -294.902587891 3 1905 92.1928710938 179.119934082
0.636705116951 1.30948384509 1.71552053124
213 216 219
2 0 3688 621.999755859 -57.3309326172 3 3256 575.385620117 328.825195313
0.126865964567 1.44634575759 1.63991702664
10 28 30
2 0 3905 89.0971679688 -230.334228516 3 1955 219.571533203 253.077972412
-0.0830702996287 1.63009536019 1.61725862029
4 4 0
2 0 4547 -130.726806641 -397.494628906 3 2171 -3.79345703125 16.2163085938
0.0727211089736 1.36776152999 1.72459129738
25 26 20
2 1 1 47.8591308594 305.210876465 3 0 100.893432617 347.024536133
0.0420143416282 1.73119532018 1.6175937253
36 35 33
3 1 112 13.8115234375 -134.213195801 3 110 139.99597168 -127.869018555 2 64 139.236083984 -129.274963379
-0.0260720174895 1.72969999111 1.61303787096
39 38 33
3 1 149 -76.8353271484 -131.987976074 3 119 66.4848632813 -129.119445801 2 82 60.2868652344 -126.602722168
-0.0707916542485 1.43365540478 1.62370906731
4 0 0
2 1 153 -132.338623047 249.744689941 3 163 13.2734985352 302.07144165
0.119335837493 1.62751894132 1.62523303776
0 3 5
2 1 327 112.007446289 0.934265136719 3 462 220.30847168 13.5555419922
-0.00553934159495 1.30816734424 1.63136656479
38 30 1
2 1 392 -48.0923461914 407.50088501 3 489 88.9694824219 464.970245361
0.00908432225372 1.29313778607 1.63259434465
0 1 4
2 1 435 -29.3688964844 425.45980835 3 514 105.169921875 482.328460693
0.0937761968174 1.69713803422 1.61478085637
33 28 20
2 1 681 79.8994140625 -90.2116699219 3 778 200.268432617 -79.5892944336
0.0275682771946 1.58044989098 1.62524397734
13 5 0
2 1 711 -5.91589355469 60.024230957 3 1114 123.092163086 82.8407592773
0.257809990469 1.63382128147 1.6138478077
0 5 8
2 1 788 292.451660156 -7.35968017578 3 1461 364.404663086 2.06188964844
-0.00322718590392 1.35056042898 1.63059321051
32 31 27
2 1 801 -45.1642456055 353.484710693 3 817 90.9943847656 406.154815674
0.0749958853142 1.53271652848 1.62945583937
4 18 16
2 1 842 54.8134765625 121.588134766 3 1088 173.144287109 143.985046387
0.131983718646 1.76766731824 1.60308043535
2 8 4
2 1 894 130.724731445 -183.5078125 3 987 247.859863281 -174.490966797
-0.00105460571314 1.52667831446 1.62780737297
44 42 33
3 1 1028 -42.0196533203 129.330078125 3 992 89.8884277344 159.578857422 2 637 89.8732910156 132.743774414
0.0637647236142 1.56915391511 1.62761346442
13 5 0
2 1 1048 40.49609375 75.765625 3 1894 161.40637207 94.7637329102
0.0637647236142 1.56915391511 1.62761346442
13 5 0
2 1 1049 40.49609375 75.765625 3 1893 161.40637207 94.7637329102
-0.0313095033378 1.70704594827 1.61489423831
10 11 11
2 1 1144 -82.3352050781 -102.293151855 3 1593 58.9873046875 -96.7686157227
0.26936639208 1.54746979645 1.6280813784
1 10 11
2 1 1366 303.439575195 102.23059082 3 2134 364.667480469 110.489990234
0.267521661405 1.63508910452 1.6129075117
32 31 26
2 1 1482 305.242797852 -8.47845458984 3 2711 374.018066406 -0.294311523438
-0.084669710668 1.50818219171 1.61759986954
15 16 12
3 1 1511 -150.598083496 155.189575195 3 1473 -1.94567871094 196.616699219 2 1125 -7.23840332031 147.732421875
-0.139499027877 1.64951395654 1.60788353423
1 14 13
2 1 1592 -223.904174805 -28.2078857422 3 1411 -70.3858032227 -12.1714477539
-0.00315299782539 1.35879335946 1.63480174847
0 1 4
2 1 1605 -44.9008178711 341.649291992 3 1463 87.4476318359 393.627624512
0.143755906919 1.75769305034 1.60259830889
5 18 13
2 1 1613 146.237915039 -169.691467285 3 1935 260.667358398 -161.361816406
0.184816545467 1.74489507691 1.60038030722
7 21 17
2 1 1633 200.376464844 -153.522949219 3 2268 304.01184082 -142.356506348
0.0446564989925 1.7604788872 1.61035748532
7 20 16
2 1 1660 16.2009887695 -174.08392334 3 1870 148.483886719 -167.894958496
-0.0304873765229 1.69338521237 1.61670073363
7 6 4
2 2 1053 55.8480224609 -79.9327392578 3 1771 58.9881591797 -76.405090332
0.034486073858 1.53787539707 1.63207512817
5 0 0
2 1 1761 2.98199462891 113.523132324 3 3227 126.611206055 141.365356445
-0.0442918914842 1.70792078802 1.61471893646
8 9 10
2 1 2051 -99.1846923828 -103.633605957 3 2666 43.4753417969 -98.2088012695
-0.123960131903 1.63893246039 1.61067316294
0 1 0
2 1 2069 -203.171020508 -14.3654785156 3 2336 -51.5161743164 3.7021484375
-0.0443071722704 1.67205825428 1.61870073967
18 17 18
2 1 2215 -98.8752441406 -57.2934570313 3 2516 41.5197753906 -45.6602783203
0.0686032189379 1.74836711563 1.61387168964
7 20 16
2 1 2331 47.2957763672 -155.823242188 3 5367 172.270019531 -151.235778809
-0.116664620812 1.15066774959 1.61738258591
44 48 59
2 1 2376 -190.811218262 611.248901367 3 1179 -29.663269043 730.932861328
-0.00790517755899 1.45008204052 1.62792614998
2 12 14
2 1 2802 -51.3208618164 227.075317383 3 3802 84.6326904297 268.457580566
0.204899745931 1.75414841012 1.59389474703
6 19 15
2 1 2908 227.986450195 -167.119140625 3 4498 329.052490234 -153.804870605
0.0749725595081 1.44128705189 1.63280247594
29 30 20
2 1 2947 54.5447998047 238.133880615 3 4291 173.084228516 266.800842285
-0.00997488997738 1.46309303662 1.62643579117
1 11 14
3 1 2983 -54.0457763672 211.531188965 3 3171 83.0023193359 250.398498535 2 2077 77.5388183594 211.868652344
-0.0335407158307 1.70891275438 1.61500781549
10 11 11
2 1 3030 -85.2233276367 -104.985595703 3 4009 56.1616210938 -99.2456054688
-0.0627849659063 1.72342338072 1.61136056938
42 41 36
3 1 3052 -121.424926758 -124.435241699 3 2924 22.0545043945 -121.387084961 2 1764 16.8325195313 -117.809570313
-0.0384854073695 1.67308868092 1.61675268506
18 18 19
3 1 3237 -91.0513305664 -58.9334716797 3 2886 49.8498535156 -47.1358642578 2 1409 46.2036132813 -54.2244873047
0.213040629427 1.75064747628 1.59159354993
5 18 14
2 1 3239 239.224365234 -162.556091309 3 3778 339.093505859 -149.413818359
-0.4815052425 1.74243546473 2.56710525483
82 82 72
2 1 3437 -358.090087891 -79.6234130859 3 3479 -783.443481445 -71.0371704102
-0.0111625292314 1.27170362932 1.63040917185
37 30 8
2 1 3439 -55.1267089844 452.705993652 3 5039 84.4771728516 518.549316406
-0.0643081591859 1.71843058206 1.6141517244
21 20 21
3 1 3527 -124.776428223 -117.258605957 3 3000 18.8947753906 -114.032897949 2 1590 18.0694580078 -111.387451172
-0.00786831937216 1.26818508691 1.62918528373
3 4 6
2 1 3560 -51.0618286133 458.385253906 3 4501 89.3026123047 522.343505859
-0.016928495214 1.65967134982 1.61906671921
37 36 32
2 1 3612 -63.4744262695 -41.5985717773 3 4847 74.306640625 -27.6581420898
0.0920396576669 1.32168554364 1.64062290957
1 3 4
2 1 3639 75.6762695313 386.330780029 3 5371 188.067749023 422.560577393
-0.0521204917428 1.67069408878 1.61669134492
36 36 34
2 1 3716 -109.164550781 -55.2970581055 3 4541 33.6696777344 -44.1120605469
-0.0521204917428 1.67069408878 1.61669134492
36 36 34
2 1 3717 -109.164550781 -55.2970581055 3 4540 33.6696777344 -44.1120605469
-0.0653381481824 1.63529943726 1.61770842516
1 2 0
2 1 3769 -126.165222168 -9.96063232422 3 4141 17.8661499023 8.14642333984
-0.0653039988301 1.63083450773 1.61828695792
32 29 7
2 1 3831 -126.056884766 -3.93389892578 3 4804 17.6038818359 14.466003418
0.0405401754461 1.28669245255 1.63538537849
39 32 7
2 1 3858 10.707824707 431.590667725 3 5517 138.246337891 483.336029053
-0.041586567848 1.62859711775 1.61967626121
0 1 0
2 1 3960 -95.2825317383 -1.48699951172 3 5215 45.5140380859 17.4430541992
0.123061175973 1.77051677893 1.60435243634
1 6 5
2 1 4023 118.906982422 -186.955688477 3 5242 237.44152832 -178.747009277
0.106872599792 1.76941831534 1.6057375726
1 5 4
2 1 4038 97.6270751953 -184.961425781 3 4461 219.397827148 -178.410461426
0.182665619463 1.78547035903 1.65443763166
6 19 15
2 1 4073 188.204956055 -198.053833008 3 4166 253.420898438 -186.078491211
-0.051762653286 1.46676557596 1.62380707874
6 1 0
2 1 4126 -107.906860352 206.718566895 3 4716 35.38671875 251.59475708
-0.0280455437824 1.68330634963 1.61822656535
22 20 21
2 1 4135 -77.8900146484 -71.8560791016 3 3512 61.0187988281 -61.8146362305
0.148561099158 1.63828390933 1.62181967835
6 19 17
2 1 4192 149.991821289 -13.7138061523 3 4794 252.661132813 -0.690490722656
-0.0864099467914 1.67097429043 1.61525270864
19 19 16
2 1 4295 -153.728027344 -56.1388549805 3 4526 -7.75494384766 -44.2432250977
-0.0542817446433 1.6323348602 1.61863781918
2 2 0
2 1 4383 -111.77746582 -5.92535400391 3 4880 30.8065185547 12.0213623047
-0.0285207025798 1.62471449763 1.6200181843
0 1 0
2 1 4453 -78.3877563477 3.74139404297 3 4984 61.0102539063 22.4373779297
-0.0153239468519 1.68439785589 1.61607719224
22 21 21
2 1 4505 -61.5588989258 -73.4345703125 3 4586 77.7690429688 -63.4058837891
-0.0657924107638 1.68665141247 1.61596752772
36 35 34
2 1 4531 -126.93359375 -76.3263549805 3 4790 16.9086303711 -67.2153320313
-0.0809026498094 1.65942969667 1.61561402114
12 12 12
2 1 4578 -146.552978516 -41.0427856445 3 4904 -0.706359863281 -27.2937011719
0.15731191555 1.7468442714 1.60374983744
0 1 1
2 1 4617 163.803100586 -156.090087891 3 5361 273.692382813 -145.332336426
-0.0276994895394 1.70948507971 1.61519001352
9 10 11
2 1 4667 -77.6364135742 -105.657531738 3 5553 62.9739990234 -99.9412841797
0.100844696328 1.58921592604 1.63023377542
12 2 0
2 2 60 213.371459961 57.5837402344 3 166 198.152587891 67.48828125
0.100844696328 1.58921592604 1.63023377542
12 2 0
2 2 61 213.371459961 57.5837402344 3 167 198.152587891 67.48828125
0.0679906726455 1.49365790343 1.632258032
0 0 0
2 2 96 171.375610352 182.549377441 3 222 164.427734375 196.751281738
0.150951779077 1.39848666257 1.64457449277
30 31 22
2 2 163 276.663818359 317.523925781 3 365 242.677490234 310.487548828
-0.0249977655789 1.65146453598 1.61979470927
3 6 2
2 2 244 62.5711669922 -26.6392211914 3 376 64.4642333984 -16.1033325195
0.0343067845339 1.45847744597 1.63341544524
0 11 13
2 2 333 131.589599609 222.635192871 3 649 127.807250977 249.756011963
0.0800724250861 1.43852132459 1.63298402117
27 28 16
2 2 374 184.112426758 257.416290283 3 1430 178.250976563 268.301879883
0.0275540615016 1.56632554367 1.62708000166
0 0 0
2 2 426 123.545288086 84.2078857422 3 962 122.014038086 101.86328125
-0.0127668518887 1.63343489618 1.6205729448
25 27 14
2 2 466 76.0512695313 -3.46697998047 3 769 78.8586425781 9.42260742188
0.0611824134885 1.6124166186 1.6256500496
14 5 0
2 2 523 163.508666992 26.7102661133 3 1155 158.850463867 36.1412963867
0.152266134767 1.75011688568 1.60363888235
4 9 8
2 2 537 270.021362305 -161.629211426 3 1104 268.605102539 -149.929077148
0.0543729034766 1.75367530847 1.61174709548
7 6 2
2 2 578 151.809326172 -160.841430664 3 1130 158.312011719 -158.690002441
0.0632806594588 1.59069563361 1.62746202362
12 2 0
2 2 668 166.284545898 56.2321166992 3 1562 160.273071289 64.7880249023
0.0632806594588 1.59069563361 1.62746202362
12 2 0
2 2 669 166.284545898 56.2321166992 3 1561 160.273071289 64.7880249023
0.161028504311 1.76824420001 1.59889080654
2 7 4
2 2 676 279.796386719 -187.792602539 3 1202 281.013427734 -174.665588379
0.059926037637 1.30454179722 1.63662976479
3 4 0
2 2 694 157.851196289 424.191619873 3 1392 157.723266602 453.306427002
-0.0806555956518 1.69319378182 1.61458917271
9 9 8
2 2 717 0.618957519531 -79.5155639648 3 1119 -0.759887695313 -77.1140136719
-0.00823275133889 1.75143203019 1.61276477238
7 18 12
2 2 738 79.8686523438 -154.541442871 3 1015 86.4794921875 -159.333984375
0.129317276615 1.75926614439 1.60511700643
7 17 11
2 2 798 241.171630859 -173.16204834 3 1539 243.613525391 -162.932861328
0.0351089556442 1.30581803382 1.6357513074
1 2 2
2 2 844 128.623657227 417.594726563 3 1768 131.25793457 457.24230957
0.0351089556442 1.30581803382 1.6357513074
1 2 2
2 2 845 128.623657227 417.594726563 3 1767 131.25793457 457.24230957
0.165908476363 1.75248256881 1.60155027742
2 6 5
2 2 856 287.165527344 -165.578918457 3 1921 284.049438477 -153.014709473
-0.0662890553846 1.70655757524 1.61477175563
7 7 7
2 2 956 16.3103027344 -96.2250366211 3 1646 16.5487670898 -96.4653930664
0.0171843467965 1.69506213559 1.61805738449
9 9 9
2 2 1076 110.247192383 -82.5240478516 3 2164 113.414672852 -77.7167358398
0.0451138327948 1.70659111153 1.61700335604
37 35 29
2 2 1079 142.487060547 -96.8416137695 3 2172 145.295410156 -94.3583984375
0.0375954460258 1.71028203508 1.61698963831
7 7 6
2 2 1135 133.735717773 -102.517028809 3 2308 136.804199219 -98.7555541992
-0.109520498998 1.65694297243 1.61104740396
38 36 30
2 2 1150 -32.7052001953 -36.259765625 3 4415 -33.5719604492 -22.5412597656
0.0169617466026 1.83211488936 1.75561911858
59 60 52
2 2 1151 189.044677734 -233.090820313 3 715 6.42761230469 -241.211181641
0.0857618765238 1.58818381129 1.62836495976
39 32 23
2 2 1183 193.78515625 59.8506469727 3 3460 183.777954102 67.9625854492
0.0857618765238 1.58818381129 1.62836495976
39 32 23
2 2 1184 193.78515625 59.8506469727 3 3461 183.777954102 67.9625854492
-0.0767219615335 1.63565280103 1.61732708139
31 26 7
2 2 1221 4.86828613281 -8.15863037109 3 1753 4.01647949219 7.87573242188
0.0325799255143 1.71594947649 1.6174081182
38 37 30
2 2 1226 128.288085938 -110.227844238 3 2777 130.639038086 -106.317810059
-0.0177625264667 1.70885029254 1.61572064191
6 7 6
2 2 1239 69.7595214844 -99.7456054688 3 2573 74.3470458984 -98.4331665039
0.212074089174 2.12255800728 8.75708319019
75 70 56
2 2 1394 816.918334961 -89.5807495117 3 2273 -744.041137695 -71.55859375
0.00422696141426 1.70993678911 1.61634810453
10 9 6
2 2 1427 94.8874511719 -101.268920898 3 3443 99.4559326172 -99.4859008789
-0.0862046965954 1.7278112807 1.61173514533
22 21 15
2 2 1458 -6.06854248047 -122.510314941 3 2256 -6.7275390625 -128.792602539
-0.0862046965954 1.7278112807 1.61173514533
22 21 15
2 2 1459 -6.06854248047 -122.510314941 3 2257 -6.7275390625 -128.792602539
0.142642494346 1.76674677778 1.60172554103
7 16 10
2 2 1483 256.88671875 -184.928833008 3 4373 259.967407227 -172.519042969
0.142642494346 1.76674677778 1.60172554103
7 16 10
2 2 1484 256.88671875 -184.928833008 3 4372 259.967407227 -172.519042969
0.00486754625255 1.69378370921 1.61748455831
9 10 7
2 2 1513 95.8044433594 -80.9609985352 3 3425 99.8154296875 -76.0430297852
-0.0132931358078 1.68386865684 1.61757799553
21 20 17
2 2 1517 75.1403808594 -67.720703125 3 3510 78.9553222656 -62.6181640625
-0.0113716003521 1.72039637475 1.61525186232
23 21 16
2 2 1520 76.9426269531 -114.728515625 3 2945 81.8441162109 -114.689697266
0.172883119581 1.764256019 1.59726844216
1 6 5
2 2 1525 294.727416992 -183.619873047 3 4367 294.393066406 -168.411132813
-0.0933748387046 1.67628742635 1.6148301379
36 35 28
2 2 1535 -12.9824829102 -58.5487670898 3 2649 -16.436706543 -52.2345581055
-0.105254384127 1.72784301318 1.6116105489
27 25 19
2 2 1566 -25.9045410156 -122.079040527 3 2840 -30.9488525391 -129.653869629
-0.0677238332879 1.66040630021 1.61668201188
19 16 13
2 2 1629 14.6710205078 -38.6430053711 3 3200 14.8590698242 -28.7158813477
-0.0642479441874 1.45602867846 1.62248900286
26 25 16
2 2 1678 16.1298217773 214.553405762 3 3879 21.573059082 269.300140381
0.0147649603205 1.71498348522 1.6159414125
36 35 28
2 2 1737 106.80480957 -108.271789551 3 3354 111.716552734 -106.104797363
-0.0499702130472 1.67647972845 1.61721790845
33 32 26
2 2 1799 34.4757080078 -58.4981689453 3 3995 35.6761474609 -52.2044067383
0.0281212233821 1.6942019614 1.61832990201
13 12 9
2 2 1800 122.990112305 -81.8469238281 3 4814 125.609375 -75.9620361328
-0.0734890902905 1.72853801238 1.6125600418
21 19 14
2 2 1806 7.87506103516 -123.617980957 3 2904 8.57763671875 -129.26184082
-0.0734890902905 1.72853801238 1.6125600418
21 19 14
2 2 1807 7.87506103516 -123.617980957 3 2905 8.57763671875 -129.26184082
-0.121928572873 1.63321456076 1.61107844098
26 31 20
2 2 1839 -45.9902954102 -6.27838134766 3 2974 -48.9545898438 12.4806518555
0.00908619507168 1.35179065249 1.6321468125
9 5 2
2 2 1874 98.5688476563 355.188751221 3 4868 103.682617188 400.875427246
0.197495928664 1.53450051429 1.59456451602
5 12 11
2 2 1879 318.773925781 146.524414063 3 5026 328.499633789 132.6953125
0.0297518049742 1.68540256891 1.61903140297
21 20 16
2 2 1896 125.036254883 -69.905456543 3 4505 127.16394043 -64.044921875
-0.0113103580369 1.6887401859 1.61721440151
32 31 25
2 2 1920 77.2723388672 -74.2014770508 3 3803 81.4088134766 -69.3510742188
-0.0502686151565 1.68334563178 1.61666969175
22 22 19
2 2 1958 34.0080566406 -66.9915771484 3 4530 35.5118408203 -62.3400268555
0.0272402085144 1.53350875503 1.62608367454
6 12 7
2 2 1997 121.539306641 126.627807617 3 4312 123.53918457 147.461364746
0.139167434263 1.47016110345 1.64071322951
3 12 13
2 2 2040 262.451293945 220.662780762 3 4787 232.139892578 219.544799805
-0.277063717889 1.86915889608 4.67377036475
63 48 24
2 2 2049 544.155639648 -83.6358642578 3 3919 -770.850036621 -70.8067626953
-0.277063717889 1.86915889608 4.67377036475
63 48 24
2 2 2050 544.155639648 -83.6358642578 3 3920 -770.850036621 -70.8067626953
-0.0620297932857 1.76228275504 1.61108872629
4 10 9
2 2 2053 20.1055908203 -166.289916992 3 5428 22.7944335938 -178.377258301
-0.0214442231387 1.66283493802 1.61864726887
21 19 15
2 2 2058 66.1174316406 -41.1461791992 3 4234 69.2094726563 -32.3649902344
0.0389401983632 1.34597020662 1.63439159115
2 4 3
2 2 2066 133.701782227 367.266906738 3 5172 135.513427734 402.578704834
-0.0527295390363 1.50111462759 1.62302806924
25 26 18
2 2 2218 30.0048828125 160.316833496 3 4725 33.6636962891 201.973144531
-0.368601201734 1.86705046139 4.6777442418
60 50 25
2 2 2225 509.705078125 -82.5155639648 3 4020 -814.362548828 -70.1119384766
-0.368601201734 1.86705046139 4.6777442418
60 50 25
2 2 2226 509.705078125 -82.5155639648 3 4021 -814.362548828 -70.1119384766
-0.0733162656328 1.68669566168 1.61545665518
28 28 22
2 2 2234 8.72503662109 -71.4320068359 3 4650 7.96832275391 -67.3681640625
-0.0791870013249 1.71159100212 1.61272734859
35 35 28
2 2 2321 1.47644042969 -102.379272461 3 4469 1.89959716797 -104.508666992
-0.102405466115 1.6697683428 1.61383540565
19 19 16
2 2 2363 -23.1627197266 -50.5283813477 3 4204 -26.9883422852 -42.6848754883
-0.102405466115 1.6697683428 1.61383540565
19 19 16
2 2 2364 -23.1627197266 -50.5283813477 3 4205 -26.9883422852 -42.6848754883
0.843030547911 3.42295998443 7.82604023532
45 43 37
2 0 1767 109.522583008 196.714599609 3 2740 -570.96081543 -375.862915039
0.442668389069 3.38384192294 8.53975678556
128 126 108
2 0 2623 25.5798339844 249.827056885 3 2559 -690.226074219 -341.574707031
-0.588356997064 1.40479119428 3.13486939647
236 242 234
2 1 1343 -339.236938477 119.287719727 3 684 -901.175354004 205.384277344
0.68134241723 1.45648123027 9.907736189
51 51 53
2 2 1509 918.098754883 45.5910644531 3 3106 -673.689819336 60.3026733398
-0.192014665416 1.94679197067 10.6479880804
107 108 104
2 2 2183 756.784667969 -41.4659423828 3 3883 -857.827270508 -22.4617919922
-0.143973915329 1.88146431538 10.6642107853
115 116 116
2 2 2292 765.212768555 -30.1555786133 3 4618 -848.437133789 -11.6766967773
