
pmvs2
C:\Users\Nanio\Desktop\Organizar\TCC parte 2\BasePontos2\Resultados\Realcado\Denso.nvm.cmvs\00\
option-0000--------------------------------------------------
--- Summary of specified options ---
# of timages: 3 (enumeration)
# of oimages: 0 (enumeration)
level: 1  csize: 2
threshold: 0.7  wsize: 7
minImageNum: 3  CPU: 4
useVisData: 1  sequence: -1
--------------------------------------------------
Reading images: ***
12  Harris running ...Harris running ...3 Harris running ...2061 harris done
DoG running...2255 harris done
DoG running...2230 harris done
DoG running...2975 dog done
2972 dog done
2964 dog done
done
adding seeds 
(0,43)(2,7)(1,3)done
---- Initial: 0 secs ----
Total pass fail0 fail1 refinepatch: 16393 72 16240 81 153
Total pass fail0 fail1 refinepatch: 100 0.439212 99.0667 0.494113 0.933325
Expanding patches...
---- EXPANSION: 9 secs ----
Total pass fail0 fail1 refinepatch: 15029 11639 2336 1054 12693
Total pass fail0 fail1 refinepatch: 100 77.4436 15.5433 7.01311 84.4567
FilterOutside
mainbody: 
Gain (ave/var): 0.779935 0.151446
11692 -> 11681 (99.9059%)	0 secs
Filter Exact: ***
11681 -> 11421 (97.7742%)	0 secs
FilterNeighbor:	11421 -> 11186 (97.9424%)	0 secs
FilterGroups:	20
11186 -> 11005 (98.3819%)	0 secs
STATUS: 101 0 12745 0 0 0 0 0 0 0 
0 0 0 0 0 0 0 0 0 0 
0 0 0 0 0 0 0 0 0 0 
0 0 0 0 0 
Expanding patches...
---- EXPANSION: 3 secs ----
Total pass fail0 fail1 refinepatch: 6151 3186 1721 1244 4430
Total pass fail0 fail1 refinepatch: 100 51.7965 27.9792 20.2244 72.0208
FilterOutside
mainbody: 
Gain (ave/var): 0.864657 0.229208
14191 -> 14140 (99.6406%)	0 secs
Filter Exact: ***
14140 -> 12788 (90.4385%)	0 secs
FilterNeighbor:	12788 -> 12593 (98.4751%)	0 secs
FilterGroups:	20
12593 -> 12401 (98.4753%)	0 secs
STATUS: 148 0 17128 0 0 0 0 0 0 0 
0 0 0 0 0 0 0 0 0 0 
0 0 0 0 0 0 0 0 0 0 
0 0 0 0 0 
Expanding patches...
---- EXPANSION: 5 secs ----
Total pass fail0 fail1 refinepatch: 8920 4651 2413 1856 6507
Total pass fail0 fail1 refinepatch: 100 52.1413 27.0516 20.8072 72.9484
FilterOutside
mainbody: 
Gain (ave/var): 0.93482 0.302622
17052 -> 16934 (99.308%)	0 secs
Filter Exact: ***
16934 -> 14238 (84.0794%)	0 secs
FilterNeighbor:	14238 -> 13823 (97.0853%)	0 secs
FilterGroups:	20
13823 -> 13380 (96.7952%)	0 secs
STATUS: 229 0 23554 0 0 0 0 0 0 0 
0 0 0 0 0 0 0 0 0 0 
0 0 0 0 0 0 0 0 0 0 
0 0 0 0 0 
---- Total: 0 secs ----
