# Bundle file v0.3
2 54
769.83770752 0 0
0.999999940395 0.000256264786003 -0.000213635881664
0.000256292842096 -0.999999940395 0.000131304404931
-0.000213602223084 -0.000131359149236 -0.999999940395
0.00064893218223 -6.3843523094e-005 -0.00942461192608
766.883178711 0 0
0.596363902092 -0.75487446785 0.272973686457
-0.7695723176 -0.440961122513 0.461856871843
-0.228273198009 -0.485507696867 -0.843903779984
-0.392433315516 -0.887091994286 -0.242009133101
-0.0550209470093 -0.177903130651 2.18025135994
146 132 127
2 0 59 -19.0472106934 62.7954711914 1 55 117.49130249 93.2613830566
0.317476212978 -0.387449771166 2.01964831352
129 122 119
2 0 80 120.721557617 147.380386353 1 59 269.055725098 -11.661605835
0.317476212978 -0.387449771166 2.01964831352
129 122 119
2 0 79 120.721557617 147.380386353 1 60 269.055725098 -11.661605835
0.262703925371 -0.455607503653 2.04825592041
130 125 125
2 0 173 98.5860595703 170.94934082 1 96 283.568725586 24.5385437012
0.370882183313 -0.320801526308 1.99483668804
124 116 111
2 0 143 142.662841797 123.476493835 1 99 255.225219727 -45.5381164551
0.341983735561 -0.451052039862 2.01240754128
123 119 116
2 0 177 130.547149658 172.249603271 1 100 299.867004395 -9.38520812988
0.212423354387 -0.328327536583 2.06541848183
136 125 124
2 0 162 79.0828857422 122.145698547 1 102 223.645996094 19.8027038574
0.291114032269 -0.325531512499 2.02916622162
130 123 119
2 0 159 110.108734131 123.185707092 1 110 239.619873047 -12.5510864258
0.236168637872 -0.391157358885 2.05652451515
131 127 123
2 0 179 88.2496032715 146.127700806 1 116 252.470031738 22.3530273438
0.0945219323039 -0.506287276745 2.11662316322
132 124 124
2 0 208 34.3504638672 183.771057129 1 131 265.944458008 102.758956909
0.407952398062 -0.340147852898 1.98182797432
123 118 115
2 0 201 157.952850342 131.783111572 1 133 270.850158691 -56.7301330566
0.192125171423 -0.416728526354 2.07591629028
133 127 124
2 0 210 71.0061340332 154.12097168 1 140 252.754089355 45.0290985107
0.137461900711 -0.483094781637 2.09978723526
132 126 126
2 0 224 50.3844909668 176.791625977 1 146 266.335571289 80.7075042725
0.360262304544 -0.365790128708 1.99741351604
127 121 116
2 0 154 138.555603027 140.73387146 1 150 270.116088867 -33.770324707
-0.0977792367339 -0.200253322721 2.1987092495
154 139 136
2 0 205 -33.9678955078 69.9642181396 1 156 116.574707031 113.338668823
0.335244506598 -0.299765110016 2.00677156448
130 122 118
2 0 172 128.232086182 114.723564148 1 157 239.458190918 -35.4412536621
0.335244506598 -0.299765110016 2.00677156448
130 122 118
2 0 171 128.232086182 114.723564148 1 158 239.458190918 -35.4412536621
0.31357845664 -0.236601799726 2.02001404762
129 122 118
2 0 156 118.983184814 89.8417663574 1 159 211.860839844 -36.8567504883
0.277715802193 -0.217032521963 2.03218078613
134 125 120
2 0 160 104.866546631 82.0080108643 1 160 197.207397461 -26.6837158203
0.252661436796 -0.501356482506 2.05174255371
127 124 119
2 0 209 94.7252197266 187.864639282 1 161 299.74798584 37.5643615723
0.117387741804 -0.571124851704 2.10826683044
125 122 121
2 0 295 42.9723815918 208.323852539 1 173 297.206848145 107.927810669
0.00789764802903 -0.552687227726 2.1547203064
135 128 126
2 0 304 2.94161987305 197.156997681 1 179 264.815490723 148.32421875
0.179015353322 -0.310151964426 2.08038544655
142 128 122
2 0 252 66.1015014648 114.484817505 1 181 210.020690918 29.6235809326
0.256885379553 -0.305165022612 2.04517197609
135 126 123
2 0 220 96.3854370117 114.554222107 1 186 224.723693848 -2.31979370117
-0.202889338136 -0.515993058681 2.23837542534
137 134 131
2 0 361 -69.7697143555 177.009902954 1 191 204.459228516 222.40637207
-0.0793130993843 -0.595930159092 2.18614602089
133 128 129
2 0 395 -27.8156738281 209.543380737 1 195 262.477294922 193.126556396
-0.128417059779 -0.512779891491 2.21527957916
137 134 131
2 0 309 -44.6652526855 177.71270752 1 199 219.495666504 193.355285645
0.267843604088 -0.260067611933 2.04074621201
135 125 121
2 0 198 100.62310791 97.7776031494 1 207 210.698913574 -14.6161193848
0.11421918869 -0.420383960009 2.10913729668
137 130 128
2 0 236 41.5885620117 153.043045044 1 209 237.069091797 76.9016876221
-0.0684763342142 -0.552717447281 2.18417859077
135 131 128
2 0 388 -24.0215148926 194.465164185 1 211 247.784851074 178.612609863
-0.00369692640379 -0.446614742279 2.16318678856
139 133 133
2 0 322 -1.34442138672 158.498428345 1 223 221.524963379 129.524719238
0.0799610093236 -0.400018841028 2.12487268448
135 128 127
2 0 240 28.8903503418 144.522232056 1 242 222.059570313 86.4343109131
0.0818857401609 -0.20764516294 2.11939358711
147 136 133
2 0 326 29.8493347168 75.3173675537 1 250 154.13092041 47.4814300537
0.0121096195653 -0.360642969608 2.15367341042
145 138 134
2 0 339 4.20785522461 128.447723389 1 253 193.452331543 104.675857544
-0.105701297522 -0.386771351099 2.2045249939
146 139 137
2 0 332 -36.8110961914 134.666625977 1 261 178.176727295 155.641693115
-0.105701297522 -0.386771351099 2.2045249939
146 139 137
2 0 333 -36.8110961914 134.666625977 1 262 178.176727295 155.641693115
0.0378867201507 -0.422509491444 2.14357852936
140 134 134
2 0 418 13.6123046875 151.351287842 1 264 221.376464844 107.792144775
0.0566971860826 -0.336624056101 2.13510942459
142 134 130
2 0 260 20.2262573242 120.895271301 1 269 194.212219238 82.6048736572
-0.132735833526 -0.182228684425 2.20635724068
155 143 141
2 0 286 -46.0140075684 63.4458618164 1 275 103.646881104 121.609794617
0.0513284429908 -0.529435038567 2.13822221756
135 129 127
2 0 384 18.4987182617 190.253433228 1 291 265.388977051 125.758583069
0.326485335827 -0.344978481531 2.01404380798
132 126 122
2 0 258 124.334594727 131.475219727 1 299 254.779785156 -23.3630065918
0.326485335827 -0.344978481531 2.01404380798
132 126 122
2 0 259 124.334594727 131.475219727 1 300 254.779785156 -23.3630065918
-0.234527856112 -0.312297463417 2.253865242
150 144 144
2 0 394 -80.0397186279 106.246932983 1 304 126.479553223 186.958343506
0.0396620891988 -0.232859447598 2.13926339149
149 137 133
2 0 390 14.4076843262 83.6381378174 1 308 154.296661377 68.4469451904
0.116621635854 -0.226499512792 2.10602164268
145 132 129
2 0 228 42.5924377441 82.606048584 1 315 167.64944458 37.9970550537
0.0504353009164 -0.188429951668 2.13510704041
147 134 130
2 0 292 18.3188171387 67.8448944092 1 317 141.600250244 56.0792999268
0.0504353009164 -0.188429951668 2.13510704041
147 134 130
2 0 293 18.3188171387 67.8448944092 1 318 141.600250244 56.0792999268
0.070247605443 -0.441943436861 2.12957692146
138 132 130
2 0 381 25.339050293 159.352661133 1 324 235.694458008 99.0882568359
-0.120102897286 -0.472131341696 2.20942759514
143 141 138
2 0 513 -41.8858947754 164.008117676 1 332 206.087097168 180.302032471
0.028358573094 -0.46690171957 2.14686512947
139 137 134
2 0 386 10.2113037109 167.049316406 1 339 236.002685547 120.991867065
-0.509285867214 0.161205664277 2.34001851082
147 142 141
2 0 357 -167.065963745 -52.8635864258 1 386 -63.1280212402 181.337936401
-0.0317083075643 -0.236808255315 2.17610549927
151 141 139
2 0 520 -11.0518798828 83.5717010498 1 392 141.763885498 96.8814544678
-0.548912107944 0.137089550495 2.35643625259
149 145 145
2 0 447 -179.032623291 -44.7398986816 1 456 -63.5051879883 199.11579895
-0.0352306105196 0.0679327249527 1.53196370602
154 140 150
2 0 431 -17.4378967285 -33.8734436035 1 606 -22.8826599121 -89.7014160156
