
pmvs2
C:\Users\Nanio\Desktop\Organizar\TCC parte 2\Fotos Kitty-livro\denso.nvm.cmvs\00\
option-0000--------------------------------------------------
--- Summary of specified options ---
# of timages: 5 (enumeration)
# of oimages: 0 (enumeration)
level: 1  csize: 2
threshold: 0.7  wsize: 7
minImageNum: 3  CPU: 4
useVisData: 1  sequence: -1
--------------------------------------------------
Reading images: *****
02  Harris running ...Harris running ...3 Harris running ...5 Harris running ...254 harris done
DoG running...242 harris done
DoG running...220 harris done
DoG running...240 harris done
DoG running...310 dog done
6 Harris running ...318 dog done
315 dog done
320 dog done
250 harris done
DoG running...318 dog done
done
adding seeds 
(2,44)(1,40)(3,32)(0,0)(4,39)done
---- Initial: 0 secs ----
Total pass fail0 fail1 refinepatch: 3860 201 3508 151 352
Total pass fail0 fail1 refinepatch: 100 5.20725 90.8808 3.91192 9.11917
Expanding patches...
---- EXPANSION: 9 secs ----
Total pass fail0 fail1 refinepatch: 10235 8091 1406 738 8829
Total pass fail0 fail1 refinepatch: 100 79.0523 13.7372 7.21055 86.2628
FilterOutside
mainbody: 
Gain (ave/var): 0.945707 0.357713
8244 -> 8187 (99.3086%)	0 secs
Filter Exact: *****
8187 -> 7877 (96.2135%)	0 secs
FilterNeighbor:	7877 -> 7571 (96.1153%)	0 secs
FilterGroups:	20
7571 -> 7446 (98.349%)	0 secs
STATUS: 47 0 9134 0 0 0 0 0 0 0 
0 0 0 0 0 0 0 0 0 0 
0 0 0 0 0 0 0 0 0 0 
0 0 0 0 0 
Expanding patches...
---- EXPANSION: 2 secs ----
Total pass fail0 fail1 refinepatch: 2244 1087 609 548 1635
Total pass fail0 fail1 refinepatch: 100 48.4403 27.139 24.4207 72.861
FilterOutside
mainbody: 
Gain (ave/var): 1.12826 0.393587
8533 -> 8523 (99.8828%)	0 secs
Filter Exact: *****
8523 -> 8095 (94.9783%)	0 secs
FilterNeighbor:	8095 -> 8010 (98.95%)	0 secs
FilterGroups:	20
8010 -> 7948 (99.226%)	0 secs
STATUS: 89 0 10727 0 0 0 0 0 0 0 
0 0 0 0 0 0 0 0 0 0 
0 0 0 0 0 0 0 0 0 0 
0 0 0 0 0 
Expanding patches...
---- EXPANSION: 1 secs ----
Total pass fail0 fail1 refinepatch: 1353 714 284 355 1069
Total pass fail0 fail1 refinepatch: 100 52.7716 20.9904 26.238 79.0096
FilterOutside
mainbody: 
Gain (ave/var): 1.31273 0.441751
8662 -> 8659 (99.9654%)	0 secs
Filter Exact: *****
8659 -> 8317 (96.0504%)	0 secs
FilterNeighbor:	8317 -> 8259 (99.3026%)	0 secs
FilterGroups:	20
8259 -> 8216 (99.4794%)	0 secs
STATUS: 103 0 11782 0 0 0 0 0 0 0 
0 0 0 0 0 0 0 0 0 0 
0 0 0 0 0 0 0 0 0 0 
0 0 0 0 0 
---- Total: 0 secs ----
