# Bundle file v0.3
8 531
1555.98156738 0 0
0.906090560141 -0.0106121232628 0.422953201617
-0.179589106434 -0.914804717119 0.361779888515
0.383079118291 -0.403762117974 -0.830799084293
0.00139029010263 0.226418247784 0.129588192668
1562.60388184 0 0
0.927074722746 0.00836013322212 0.374784544601
-0.138912637992 -0.920918702429 0.364159664321
0.348190388461 -0.389665435493 -0.852598956302
0.841890760929 -0.0560640692889 0.227815437353
1581.65698242 0 0
0.956872589216 -0.0164816256783 0.290041752282
-0.123568737625 -0.926662542 0.355005998669
0.262919812809 -0.375535481162 -0.888733830878
2.61318408167 -0.0584943408985 0.0296511301472
1605.93469238 0 0
0.999884267072 -0.0151569666387 0
-0.0136235069059 -0.898701132575 0.438350589541
-0.00664375332942 -0.438300220562 -0.898803952008
5.89667647436 -0.00993315102943 -0.306741607909
1896.45422363 0 0
0.961006353822 -0.0376247962873 -0.273954549561
0.0843214921795 -0.903644232133 0.419900863959
-0.263355590776 -0.426628499884 -0.865234555009
9.45802851857 1.70241001061 -4.44001538274
1859.13635254 0 0
0.858772888614 -0.0834419663217 -0.505514386092
0.124465642495 -0.923117157369 0.363816992883
-0.497007086378 -0.375355432542 -0.782363312884
11.1442351875 1.35443481682 -5.80836704854
1800.68994141 0 0
0.949937964365 -0.0393311809155 0.30995474065
-0.223483327794 -0.778809745158 0.586097894211
0.218343523133 -0.626026120224 -0.748610189347
2.09738089885 -4.14840582747 -1.90796907949
1851.07299805 0 0
0.58907922958 0.0622566948473 -0.805673216719
0.220626627686 -0.971538327993 0.0862407085086
-0.777373324933 -0.228555561436 -0.586048588237
10.6543178775 4.70295551361 -11.1175963931
-6.82777373547 4.0754243487 9.2540385778
75 31 8
2 0 1 -305.201660156 140.508972168 1 0 -266.798461914 69.2438964844
-4.29860255821 4.39182998502 9.66408543565
61 32 14
3 0 2 19.8322753906 69.0697021484 1 1 73.1595458984 0.033447265625 2 1 170.868652344 -24.471862793
-4.29860255821 4.39182998502 9.66408543565
61 32 14
3 0 3 19.8322753906 69.0697021484 1 2 73.1595458984 0.033447265625 2 2 170.868652344 -24.471862793
-7.60227954948 4.44040385062 8.95835539627
20 10 8
8 0 5 -407.095031738 103.519165039 1 3 -372.787414551 25.8438110352 2 4 -291.775878906 -5.06970214844 3 6 -278.069274902 5.17010498047 4 5 -73.7241821289 128.229614258 5 2 -47.303527832 -76.7925415039 6 7 -345.740661621 -93.1284790039 7 4 -124.620910645 -88.2258911133
-5.0124836472 4.37410121947 9.23916328666
95 59 31
2 5 205 276.728027344 8.93041992188 7 437 72.4945068359 19.0051269531
-7.15873348465 3.84077003869 9.09307704034
124 80 36
6 0 12 -357.812133789 171.382507324 1 11 -320.52130127 96.1948242188 2 14 -230.309265137 68.2768554688 4 10 -9.44866943359 228.861938477 5 14 13.0491943359 39.7777099609 6 19 -286.573425293 -30.8786621094
-7.00477010166 3.39557289143 9.25978563501
46 26 17
3 0 16 -330.714660645 231.936889648 1 16 -294.419250488 159.074615479 2 23 -204.230957031 132.289031982
-7.11745885519 3.90590896353 9.01322225757
112 61 28
2 1 164 -320.26940918 84.6688842773 3 139 -203.987426758 83.8965454102
-4.00437997485 4.15496379597 9.44253312931
116 72 24
4 0 20 45.3122558594 79.7495727539 1 23 101.572021484 15.9411621094 2 34 210.772949219 -8.94012451172 6 48 151.564086914 -137.38092041
-4.59657041394 3.56388873063 9.57495520609
203 155 131
3 0 22 -20.8638305664 178.067962646 1 28 27.8646240234 113.087982178 2 47 133.981323242 85.6635742188
-5.62702371955 4.57520999294 9.21726188265
39 18 6
4 0 23 -168.286682129 53.388671875 1 17 -121.034973145 -17.4936523438 2 18 -23.9230957031 -46.2924194336 3 13 30.4221191406 -2.11950683594
-6.32730892907 3.939049805 9.15117273013
86 13 0
8 0 24 -258.523986816 145.898468018 1 24 -216.150512695 73.6478271484 2 27 -119.446289063 45.5778808594 3 24 -77.2841186523 86.1988525391 4 25 111.280395508 223.447509766 5 27 125.366943359 42.2326049805 6 50 -174.944091797 -62.947265625 7 34 -30.5602416992 38.7440185547
-5.52291053342 4.03236520316 9.18362406633
114 65 35
2 0 666 -160.781677246 117.7762146 4 463 223.332519531 218.395965576
-6.95064068743 4.24260137142 9.06838454432
120 77 29
7 0 27 -328.383911133 114.767272949 1 26 -292.289550781 41.0570678711 2 29 -203.004150391 10.6889038086 3 19 -176.379089355 38.9436645508 4 24 21.1162109375 168.037597656 5 19 41.2014160156 -19.9251098633 6 52 -263.786071777 -80.4624633789
-6.05906468003 4.17729244307 9.06795038674
121 69 30
6 0 28 -232.579772949 104.616577148 1 32 -186.940124512 33.2595214844 2 35 -87.6071777344 5.48431396484 3 27 -34.9745483398 46.6343383789 5 37 164.670410156 8.51293945313 7 39 5.1123046875 11.7041015625
-3.01412785397 4.48858471718 7.53899785259
165 132 49
3 0 29 71.0583496094 -103.005065918 1 22 157.537109375 -177.831176758 2 25 318.818481445 -204.179077148
-4.53585201087 4.24810738769 9.20453242456
111 63 21
3 0 30 -37.0527954102 68.7329101563 1 33 17.7075195313 1.82196044922 2 36 126.152954102 -23.9357299805
-4.54421878645 4.25699686915 9.22607090634
111 63 21
5 0 31 -37.0527954102 68.7329101563 1 34 17.7075195313 1.82196044922 2 37 126.152954102 -23.9357299805 3 31 197.914428711 42.0529174805 4 37 352.453857422 197.160766602
-8.67992393794 3.900566324 9.38507925189
135 101 48
2 0 33 -487.794555664 200.956939697 1 41 -465.180908203 123.087341309
-4.62368640685 3.54662913429 10.2831771428
152 41 15
2 0 37 16.7741699219 205.93081665 1 37 59.3095703125 143.72164917
-7.00101782101 3.69307213601 9.1412750503
126 82 43
5 0 38 -336.109436035 190.720672607 1 40 -298.040771484 117.552825928 2 39 -210.601806641 86.9259643555 4 26 13.3920898438 253.475280762 5 21 35.3336181641 66.7908325195
-3.93570802887 3.8553524785 9.62820044124
52 26 15
3 0 42 66.4143066406 126.768829346 1 48 120.128173828 64.7250976563 2 63 226.497924805 38.6796875
-4.30713343571 3.93309495673 10.6914266162
203 160 128
2 0 45 75.5025634766 165.794830322 1 51 116.213867188 105.700531006
-5.09905737307 4.24589242959 9.22868233911
108 62 23
7 0 49 -108.083496094 80.1133422852 1 57 -56.8576660156 12.6119384766 2 55 47.6053466797 -13.2717895508 3 44 113.682861328 44.5823364258 4 45 277.60546875 194.788208008 5 51 268.993652344 27.0014648438 6 65 -4.33972167969 -127.576293945
-4.52550654976 4.32912326969 19.3635739528
177 150 80
3 0 51 324.121582031 327.530548096 1 62 315.791870117 291.182922363 2 77 303.081298828 266.417419434
-4.52550654976 4.32912326969 19.3635739528
177 150 80
3 0 52 324.121582031 327.530548096 1 63 315.791870117 291.182922363 2 78 303.081298828 266.417419434
-6.75436905043 3.55344655597 8.92885685426
126 81 45
2 0 55 -328.107971191 194.376434326 1 73 -287.11529541 122.157348633
-6.6067494884 3.13700251825 10.2057189403
152 60 31
3 0 58 -218.278503418 286.502716064 1 61 -186.547363281 220.164215088 2 68 -105.936157227 195.247467041
-3.47222710014 4.46850425948 10.6656483651
142 103 24
2 0 59 172.91027832 81.207824707 1 81 219.388549805 26.0404663086
-4.29954459123 3.63418362551 10.4953420926
162 71 18
2 0 60 67.5692138672 196.359771729 1 72 109.901000977 135.812469482
-4.14275497087 4.37107963146 14.8628203148
176 146 76
2 0 62 248.801513672 234.946960449 1 66 261.693359375 191.257598877
-3.77287100441 3.99767974505 9.71869289586
123 78 41
2 0 64 92.0074462891 107.755218506 1 86 145.906860352 46.7056884766
-3.77287100441 3.99767974505 9.71869289586
123 78 41
2 0 65 92.0074462891 107.755218506 1 87 145.906860352 46.7056884766
-6.98710148964 3.15725155862 10.1981558025
157 62 33
3 0 66 -259.691894531 289.761077881 1 69 -230.324645996 221.924072266 2 70 -153.242919922 196.215789795
-6.78591669984 3.97704376559 9.09656886177
99 29 4
7 0 71 -313.716186523 147.319396973 1 79 -274.259460449 73.6256103516 2 80 -182.481872559 45.1326904297 3 56 -149.532287598 77.7762451172 4 55 45.5960693359 211.284423828 5 62 65.1322021484 24.6536865234 6 79 -238.387573242 -56.4018554688
-1.1469671123 4.35812616363 12.0626652032
161 133 59
4 0 75 517.829467773 104.071105957 1 60 560.014038086 62.029296875 2 57 619.872558594 40.6508178711 3 47 577.496337891 170.656799316
-6.32419297444 3.11473064762 10.208429857
151 36 6
2 0 76 -186.851135254 285.713439941 1 77 -153.805786133 219.609619141
-4.0833177096 4.33182404543 19.0692199919
168 144 77
4 0 85 354.147583008 318.92199707 1 98 346.243774414 283.153900146 2 98 336.7109375 258.800170898 3 83 145.33996582 375.557373047
-5.08765745141 3.58682399954 9.56374782256
202 160 135
3 0 92 -83.7086791992 183.034332275 1 94 -36.3753051758 117.071929932 2 94 65.0946044922 90.883972168
-5.81399027374 4.04407121987 9.15667576269
86 27 7
8 0 94 -196.447570801 121.115905762 1 102 -151.108337402 50.5458374023 2 110 -51.1511230469 23.0408935547 3 97 3.51489257813 69.5281982422 4 71 181.938964844 212.446380615 5 80 190.153320313 37.0166625977 6 159 -107.093994141 -89.5518188477 7 111 16.7940673828 40.9390258789
-8.04403641075 4.15181477608 8.96740557981
128 93 38
3 0 105 -456.904785156 143.600341797 1 107 -425.54095459 66.9616088867 2 95 -347.845581055 37.1938476563
-6.19145570801 4.03632641339 9.1400888423
85 8 0
5 0 118 -243.28125 129.440216064 1 151 -199.385559082 57.4958496094 2 171 -101.798950195 29.9264526367 3 136 -54.4561157227 71.2950439453 4 117 129.452148438 209.102142334
-5.37829390757 3.81976400291 9.20347425648
87 29 10
8 0 120 -142.79486084 143.834442139 1 131 -94.5874023438 74.852722168 2 152 10.5928955078 48.3585205078 3 112 72.7983398438 104.82043457 4 98 246.586669922 251.485137939 5 119 246.631103516 80.0662231445 6 158 -45.4076538086 -76.9880981445 7 208 42.8171386719 83.7838134766
-6.39708848641 3.75360229713 9.1052555908
87 10 0
7 0 122 -270.615234375 168.340454102 1 125 -228.90447998 95.5728149414 2 140 -131.856018066 68.2930908203 3 107 -88.8714599609 109.892364502 4 94 104.240966797 247.850372314 5 113 122.718139648 68.7463989258 7 226 -32.5275878906 66.0592041016
-7.11761061419 3.89860667114 9.00925620883
112 62 30
4 0 123 -358.545227051 161.352783203 1 165 -320.26940918 84.6688842773 3 140 -203.987426758 83.8965454102 6 135 -287.174438477 -44.0302734375
-7.12102051216 3.66353910797 10.7087025809
95 45 20
2 0 126 -234.925292969 244.4347229 1 152 -209.801574707 177.098236084
-2.32717294905 4.20814828656 21.2956503826
172 150 87
2 0 127 530.744384766 348.3722229 1 153 515.770996094 319.139221191
-2.32717294905 4.20814828656 21.2956503826
172 150 87
2 0 128 530.744384766 348.3722229 1 154 515.770996094 319.139221191
-5.75119671787 3.81907408911 9.17120068547
79 20 2
6 0 131 -189.923950195 150.309661865 1 141 -143.890197754 79.7269897461 2 156 -42.2050170898 52.895690918 3 115 13.5792236328 103.560119629 4 101 194.406616211 246.933044434 6 179 -96.9705200195 -67.5998535156
-3.73892762973 4.17459995066 9.8448536898
36 17 3
2 0 132 102.270874023 89.5388793945 1 179 154.912475586 28.4633178711
-7.04645282704 4.40738029156 9.0575089285
98 52 19
6 0 133 -340.624755859 94.2056274414 1 123 -302.73248291 20.1989135742 2 121 -216.493164063 -7.91625976563 3 91 -189.923828125 15.4456787109 4 70 5.52404785156 144.526641846 5 76 25.2623291016 -48.1729125977
-6.96952376135 3.93554651613 9.06812057074
118 75 29
3 0 135 -336.373840332 154.582519531 1 133 -298.734069824 80.7367553711 2 139 -207.886962891 52.2056274414
-5.03569724219 4.33834015359 9.20091108337
97 57 26
5 0 137 -100.140441895 68.2092285156 1 105 -50.323059082 2.37542724609 2 195 56.0408935547 -27.7082519531 3 250 123.583862305 25.7937011719 6 211 1.06079101563 -141.406738281
-6.33392136758 3.93435600779 9.12744172071
85 8 0
2 5 200 126.141723633 41.3643188477 7 387 -28.1216430664 40.9301147461
-1.41647350069 4.38659348008 11.7973664877
186 158 94
3 0 141 475.807739258 95.7796630859 1 135 519.613769531 52.1693725586 2 125 585.516479492 29.9457397461
-3.98384570399 3.89769891304 9.42275949047
123 81 39
4 0 142 48.3590087891 112.385162354 1 173 104.216186523 49.4664306641 2 185 214.201904297 25.2803344727 6 148 158.049072266 -113.098022461
-5.7907673318 3.35786432953 9.54565723336
141 98 65
2 0 144 -170.268432617 225.465270996 1 167 -128.108825684 157.61428833
-8.60480094317 3.89991225433 9.21353948262
93 49 24
2 0 145 -495.503601074 193.327819824 1 128 -470.790344238 116.496307373
-5.31982006304 3.93247941704 9.22998835067
119 75 28
8 0 147 -133.481628418 129.577941895 1 144 -85.6636352539 60.3378295898 2 166 19.7620849609 33.7854003906 3 125 80.6596679688 89.7263793945 4 115 251.715332031 237.026916504 5 128 248.583251953 64.8754272461 6 182 -35.4030761719 -88.8506469727 7 184 45.9208984375 69.638671875
-7.8338264337 3.95499072646 8.95572178721
128 87 37
5 0 148 -438.223205566 164.125732422 1 158 -407.166320801 86.3306274414 2 134 -323.317810059 58.91796875 3 80 -319.602416992 75.423034668 6 100 -381.402954102 -31.9771728516
-4.22453514318 3.70796702859 9.66694518464
171 127 97
3 0 150 31.8087158203 153.295928955 1 203 82.2154541016 90.5405273438 2 243 188.110839844 66.8316040039
-5.93722146832 3.79460439551 9.14729085589
84 26 7
7 0 151 -213.756896973 156.011901855 1 168 -168.708007813 85.0052490234 2 182 -67.5936889648 57.866394043 3 131 -15.2937011719 106.348083496 4 112 169.616699219 247.859954834 5 136 180.199951172 71.30078125 6 181 -125.311950684 -59.7178955078
-6.12530998529 4.34141984751 20.0474714961
179 150 87
4 0 155 217.702270508 347.723815918 1 160 205.251831055 309.706573486 2 160 187.948852539 285.617248535 3 124 -23.414855957 395.133361816
-4.18041948069 3.74255481441 9.46747440237
123 72 40
5 0 157 27.7730712891 140.106048584 1 189 81.3942871094 76.6688232422 2 194 188.645996094 51.8900756836 3 133 254.998046875 129.789733887 6 98 130.219604492 -87.6483764648
-5.5313305146 3.62740452212 9.22438821657
104 50 20
8 0 166 -158.867858887 172.897766113 1 195 -113.521606445 103.717956543 2 206 -9.97760009766 77.5241088867 3 135 48.0454101563 134.890808105 4 107 225.684448242 279.569152832 5 149 230.098266602 107.588562012 6 132 -65.0878295898 -47.9383544922 7 218 27.3260498047 107.453796387
-5.45583530256 3.73331784417 9.19411998787
117 63 28
6 0 167 -153.656311035 157.548675537 1 192 -105.984741211 87.9145507813 2 201 -0.0665283203125 61.6706542969 3 206 62.8122558594 115.824951172 4 129 236.218383789 263.328338623 5 203 238.9921875 89.8087768555
-5.12083842743 3.56812471969 10.7233427657
165 134 111
2 0 171 -17.8489379883 225.509246826 1 159 18.3803710938 164.331207275
-3.43946059707 4.24590752622 21.2249958007
173 148 87
2 0 172 441.661010742 352.087371826 1 187 426.912475586 320.920898438
-3.43946059707 4.24590752622 21.2249958007
173 148 87
2 0 173 441.661010742 352.087371826 1 188 426.912475586 320.920898438
-7.03985165897 4.002531666 9.01711564738
107 58 25
3 0 175 -347.725219727 145.801483154 1 186 -309.698425293 70.5349121094 3 172 -190.975341797 70.1839599609
-7.74154683719 4.30409795546 9.11059195245
23 12 9
2 0 177 -411.402770996 124.778198242 1 210 -378.83807373 49.3986816406
-6.04620332636 3.90247881689 9.14953440287
112 64 25
5 0 178 -225.035400391 144.448577881 1 200 -181.176147461 73.0432739258 2 200 -82.4310302734 45.4194335938 3 142 -32.5372314453 90.568359375 6 215 -140.10333252 -68.4375
-5.01789940473 4.15486788935 9.21308310762
111 71 39
2 0 179 -97.0616455078 91.8587036133 1 175 -45.6830444336 24.5621948242
-4.39713411521 4.43155332729 9.23158298494
95 55 30
6 0 180 -18.1043701172 41.9625854492 1 202 37.4532470703 -24.3999023438 2 203 145.451416016 -49.8814697266 3 156 219.120483398 16.7924194336 4 155 368.239501953 175.303314209 5 177 349.826416016 13.2344970703
-5.5210442201 3.49798050988 9.35043598087
113 60 29
3 0 185 -150.005615234 194.921875 1 240 -105.58013916 127.539459229 6 190 -57.2796630859 -23.6539916992
-3.8540580125 3.83458523545 9.78745741078
112 71 33
3 0 186 85.5864257813 133.362213135 1 197 138.45300293 73.0182495117 2 221 242.049804688 49.2422485352
-5.26606220299 4.40313890274 9.22768893527
106 58 27
2 3 386 86.3327636719 22.1793823242 5 419 246.162231445 -0.587158203125
-4.59097498262 4.48115418553 9.20179897383
97 52 30
8 0 192 -44.6466674805 39.1029052734 1 215 10.3891601563 -28.0061645508 2 228 117.361083984 -54.1086425781 3 174 189.009277344 8.55969238281 4 151 342.961669922 164.517547607 5 153 329.656494141 -0.291931152344 6 195 58.8388671875 -172.99420166 7 252 108.430541992 17.1812133789
-4.43632565162 3.58067122474 10.3033765264
141 32 3
3 0 200 40.4638671875 198.330780029 1 254 84.4822998047 138.023651123 2 261 176.362182617 112.69241333
-4.74408694934 4.37861889943 9.20112191038
100 56 30
4 0 202 -63.7144165039 56.1085205078 1 214 -9.88403320313 -11.2707519531 2 222 96.1961669922 -37.5592041016 3 187 166.711303711 23.5507202148
-5.56443480453 3.82295551662 9.19075583632
83 20 0
6 0 203 -166.364868164 146.594360352 1 233 -119.508666992 77.1011962891 2 233 -15.1291503906 50.4661865234 3 183 43.6871337891 103.766418457 4 159 220.229248047 248.678466797 5 165 223.772094727 75.7489013672
-5.5634910037 3.82344680524 9.19107727375
83 20 0
7 0 204 -166.364868164 146.594360352 1 234 -119.508666992 77.1011962891 2 234 -15.1291503906 50.4661865234 3 184 43.6871337891 103.766418457 4 158 220.229248047 248.678466797 5 166 223.772094727 75.7489013672 6 247 -70.3607177734 -72.4385375977
-4.74989860697 3.5891261441 10.1997871473
156 48 15
2 0 205 -3.55792236328 199.162689209 1 238 39.4970703125 137.415161133
-5.42857283847 3.58389275013 9.26780971414
120 77 40
5 0 212 -145.763000488 179.355926514 1 231 -98.4058837891 110.989624023 2 245 7.15393066406 83.8586425781 3 192 63.1694335938 143.218139648 6 210 -45.2681274414 -45.1166381836
-1.90395031418 4.22501347484 21.4729898311
170 150 94
4 0 213 566.301757813 347.010406494 1 228 550.903930664 318.253967285 2 247 522.201049805 291.477996826 3 180 294.130126953 421.646179199
-6.54339012319 3.89920285925 9.09859641628
86 14 0
8 0 216 -286.913574219 151.909423828 1 229 -245.748779297 79.6358642578 2 218 -150.699157715 51.6578369141 3 164 -112.114562988 88.7171630859 4 139 82.0064697266 224.590911865 5 154 100.22265625 41.681640625 6 196 -207.065124512 -54.423828125 7 243 -42.5521240234 38.7710571289
-4.61470733182 4.05227619712 9.21683515714
107 68 33
5 0 217 -46.060546875 97.1354980469 1 274 7.54602050781 30.5661010742 2 275 117.153442383 4.76593017578 3 220 189.065063477 69.9197998047 6 279 59.9283447266 -127.641845703
-3.92151022006 3.70142003358 10.2919307698
165 128 91
2 0 221 104.009155273 173.27444458 1 237 150.546386719 113.546478271
-4.05925711371 3.71358832264 9.58141449582
171 137 106
3 0 223 48.3121337891 146.260223389 1 244 101.017822266 83.5638427734 2 225 209.244384766 58.436340332
-6.71781981596 3.1073151644 10.1745587552
160 59 31
2 0 225 -232.653930664 291.095153809 1 217 -201.658691406 224.344177246
-1.59530198655 4.1457841393 21.4287758204
170 148 94
3 0 227 591.779052734 349.425811768 1 273 577.922363281 322.838867188 2 276 546.337890625 295.022277832
-3.98143843085 4.31755805682 21.4818570407
174 150 84
3 0 228 403.69128418 353.93371582 1 268 387.895507813 321.395355225 2 260 361.833129883 296.138885498
-18.447203372 4.40267195206 32.2359541518
188 159 105
3 1 251 -183.39831543 450.53112793 2 256 -259.830322266 432.486328125 3 150 -653.565917969 539.979309082
-4.31592490433 4.23854183404 9.21689541268
104 63 33
3 0 233 -8.10034179688 65.2584838867 1 232 47.9949951172 -0.531616210938 2 215 157.897583008 -25.9935913086
-5.72739554422 3.3969725342 10.7031612904
119 78 41
2 0 234 -88.0634765625 254.984222412 1 297 -54.7647705078 193.13848877
-4.92159389399 3.53760033023 10.3490071364
152 51 20
2 0 238 -15.6604614258 213.715820313 1 219 25.0797119141 152.290679932
-7.8658286898 4.48154236869 9.22112165063
21 11 9
2 0 241 -413.08996582 109.57208252 1 243 -381.562316895 35.3364868164
-6.60721652478 3.84078790824 9.10668258187
121 69 32
7 0 243 -293.873962402 161.809173584 1 275 -253.873901367 88.4797973633 3 185 -121.574829102 98.0120849609 4 182 72.6187744141 232.853210449 5 193 90.9711914063 49.7261352539 6 225 -214.874084473 -46.9543457031 7 372 -50.7453613281 46.8401489258
-7.55692568516 4.319751997 9.07089744374
11 6 3
2 5 95 -50.1197509766 -47.7650146484 7 229 -135.080383301 -60.5314941406
-5.52859232324 3.53653527649 9.27566490489
110 61 24
2 0 249 -157.036743164 187.624084473 1 286 -110.692260742 118.409820557
-0.246675375134 4.16832949981 20.7928609446
159 143 86
3 0 252 704.243286133 328.718353271 1 272 690.577392578 303.373382568 2 278 659.463012695 276.275817871
-4.4228689284 4.08432529764 9.24588885419
104 69 37
3 0 260 -19.8850708008 89.4018554688 1 288 34.861328125 23.7539672852 2 257 144.743041992 -1.61932373047
-4.09572303718 4.31553318685 9.29385708978
93 58 28
3 0 265 25.0517578125 53.6813354492 1 291 81.5552978516 -10.9346313477 2 364 190.922729492 -36.6470336914
-6.29701441699 3.67942082755 9.14113837488
120 68 33
8 0 276 -257.534912109 178.092895508 1 301 -215.34576416 106.068267822 2 286 -115.988769531 78.7944946289 3 209 -71.998046875 123.276306152 4 212 119.571044922 261.466766357 5 180 132.9765625 82.7850341797 6 228 -173.550231934 -36.1981811523 7 329 -28.4428100586 79.5496826172
-6.85388905028 3.90159620147 9.08529289733
102 42 11
2 0 280 -322.612792969 157.693267822 1 315 -284.063415527 83.4990234375
-5.79762793903 4.06967761911 9.14937690591
97 21 0
2 0 283 -195.735717773 117.2605896 1 365 -149.573242188 46.7059936523
-6.49705049423 4.03830244914 9.10094976882
83 10 0
7 0 290 -279.722839355 133.509796143 1 321 -238.594543457 60.6779785156 2 318 -144.852233887 32.4768066406 3 201 -103.955810547 68.4329223633 4 195 86.8720703125 204.391265869 6 268 -200.319152832 -71.4172973633 7 295 -37.4388427734 20.5858154297
-6.50004235966 4.04320166232 9.109571834
83 10 0
6 0 291 -279.722839355 133.509796143 1 320 -238.594543457 60.6779785156 2 317 -144.852233887 32.4768066406 3 202 -103.955810547 68.4329223633 4 196 86.8720703125 204.391265869 6 269 -200.319152832 -71.4172973633
-5.4765126009 4.09242392281 9.21680531991
92 26 1
4 0 308 -152.593444824 110.401977539 1 356 -104.743347168 41.0979003906 2 289 -3.35479736328 14.0075073242 6 307 -58.3961181641 -101.74621582
-5.92289891696 3.19622206545 10.5240604804
163 124 93
2 0 312 -121.223144531 278.082763672 1 373 -87.9899902344 214.693054199
-5.28601952672 3.87243589847 9.2213662977
122 75 32
3 0 315 -130.352294922 135.144897461 1 402 -80.7850952148 67.7282714844 2 327 23.7750244141 39.8903808594
-3.97132273844 3.73366730485 9.42496715953
75 30 11
2 0 316 50.8294677734 135.731628418 1 248 106.153320313 71.5547485352
-4.80121587303 3.57758460372 9.78636635442
196 151 120
2 0 320 -34.1396484375 187.146850586 1 339 12.3433837891 122.921813965
-6.20593050617 3.12924455634 10.55149364
171 126 95
2 0 321 -151.162719727 291.252410889 1 298 -119.836364746 227.288696289
-4.63817183664 4.39868064517 9.19388820775
37 5 0
2 0 323 -50.4975585938 50.9915771484 1 328 3.4521484375 -16.4841918945
-6.66629777446 4.02354885581 9.10628625685
76 30 7
8 0 325 -299.936828613 139.484069824 1 374 -259.494995117 65.9334716797 2 357 -166.056945801 37.7544555664 3 249 -129.512634277 71.8192138672 4 243 62.72265625 205.882904053 5 261 80.3841552734 20.4411621094 6 318 -221.851135254 -64.6821289063 7 504 -55.158996582 15.9677734375
-4.67450900879 3.58569613937 9.95346066564
192 141 101
2 0 331 -8.53125 189.663146973 1 366 37.2150878906 126.860473633
-7.22946234212 3.35944669646 9.06852668299
113 79 45
2 0 332 -372.269348145 231.989532471 1 335 -335.413452148 161.844207764
-4.51407065276 4.45330470777 9.25964250157
42 5 0
4 0 333 -31.0638427734 43.5409545898 1 354 23.5794677734 -22.7056274414 2 304 130.673461914 -48.2323608398 6 353 70.9073486328 -168.142272949
-4.50952497784 3.59527379963 10.9101886944
188 151 125
2 0 335 63.1322021484 217.585479736 1 332 101.300170898 160.075897217
4.40848593114 2.91090253486 41.7709476335
77 44 10
3 1 357 931.190917969 537.208190918 2 441 813.233154297 496.447723389 0 235 997.176269531 546.269165039
-6.55910613317 3.99707420771 9.1103981919
115 61 33
3 0 342 -286.038146973 140.953521729 1 282 -246.947387695 67.2922363281 3 226 -113.593444824 75.5277709961
-4.38110224254 4.34139117393 9.26117549192
36 6 0
3 0 348 -13.7967529297 55.5653076172 1 361 41.3239746094 -10.6424560547 2 315 149.135864258 -36.2476806641
-8.59726691512 3.57237725218 9.29764531263
152 114 81
2 0 349 -492.251403809 236.265563965 1 398 -468.593811035 159.681427002
-5.85009074156 3.86893760625 9.13499829491
115 65 34
2 0 350 -204.135986328 143.981811523 1 360 -158.39263916 73.3316040039
-4.77803315163 3.57827539679 10.6877139219
147 111 77
2 0 357 19.9177246094 216.937408447 1 391 58.6804199219 157.85446167
-5.58192314846 3.89853446478 9.18536191501
117 69 33
6 0 358 -168.466247559 136.607818604 1 409 -121.106079102 66.9255371094 2 363 -18.0790405273 40.1374511719 3 240 39.6929931641 92.4331054688 4 251 217.008911133 237.252319336 6 376 -73.7737426758 -80.1160888672
-4.66883272137 4.12872713682 9.22217517304
41 4 0
2 0 360 -52.7854003906 88.2416381836 1 384 0.687622070313 21.5388183594
-3.82282849751 3.94801754089 9.86463293093
107 59 29
3 0 363 93.7984619141 121.935211182 1 566 145.028198242 60.8513793945 6 405 195.203613281 -83.830078125
-4.3318059253 3.66322280087 9.53315235856
178 130 96
2 0 365 9.91516113281 156.956573486 1 403 61.9367675781 92.8251953125
-7.77392483446 3.48953824937 9.10001910812
137 93 65
2 0 367 -425.999206543 227.266082764 1 279 -394.93548584 151.631835938
-4.33145070851 3.65372073271 9.65403883799
150 63 24
3 0 368 17.3892822266 162.8699646 1 460 67.4493408203 99.4149780273 2 409 172.991210938 74.322265625
-6.13299619381 3.16772910488 9.68990391337
161 110 80
3 0 379 -201.087585449 260.696563721 1 377 -162.536010742 193.075958252 2 376 -69.0610351563 167.471405029
-3.82644706047 3.98815536415 9.65515824412
144 101 74
2 0 382 81.9432373047 108.312866211 1 442 135.584716797 45.0119018555
-5.50377664934 3.87950591365 9.18431905208
117 65 33
7 0 384 -159.028503418 137.58581543 1 429 -111.02734375 67.9735107422 2 374 -7.85510253906 41.2846679688 3 255 52.4760742188 95.1115722656 4 282 228.666503906 240.519836426 5 284 231.592651367 67.7540283203 6 446 -63.6870117188 -79.8263549805
-4.78792473161 4.28843126637 9.19988097485
77 48 33
4 0 388 -69.2008056641 68.3803100586 1 427 -15.9647827148 0.975036621094 2 437 90.8463134766 -24.0352172852 6 416 32.8577880859 -147.351379395
-4.19965338524 3.96288710295 9.33574829434
88 39 12
5 0 394 15.0415039063 104.862640381 1 431 69.8576660156 39.9820556641 2 498 180.114257813 14.964050293 3 604 252.71105957 90.1967163086 6 254 123.51159668 -120.901367188
-7.34610498981 3.24319064632 9.5114289414
218 190 175
2 0 397 -349.173339844 264.642700195 1 349 -317.820251465 192.624023438
-8.50236212752 3.96819352733 9.10474265531
138 95 41
3 3 273 -420.833740234 83.0741577148 5 178 -199.488830566 -9.76129150391 4 222 -219.811889648 198.365112305
-8.93642256067 3.78924862861 9.75258885382
247 226 213
2 0 407 -483.302856445 229.601989746 1 715 -464.623474121 152.887145996
-7.65065306825 3.80735002838 9.01527832958
116 68 35
4 0 410 -415.616333008 181.591644287 1 510 -383.326171875 105.701721191 2 537 -299.014709473 76.876159668 3 244 -289.933105469 100.596923828
-6.9087374869 3.8014535671 9.07524894667
104 53 15
8 0 413 -329.214233398 171.501220703 1 506 -292.673583984 97.0104370117 2 410 -199.920654297 69.2803344727 3 317 -170.295166016 102.273254395 4 342 29.0364990234 234.972381592 5 303 52.0916748047 48.7758178711 6 390 -257.776733398 -35.0985107422 7 540 -75.5700073242 42.4963378906
-4.45017897766 4.37482205708 9.20951504135
110 63 36
3 0 417 -26.1470947266 49.9240112305 1 428 29.8024902344 -16.5496826172 2 366 137.486938477 -41.5845336914
-6.57803858679 3.94103471657 9.10893631247
83 12 0
5 0 437 -289.11340332 148.698242188 1 520 -248.690307617 75.7112426758 3 397 -117.259033203 83.5258178711 4 473 75.490234375 217.859191895 5 416 94.7565917969 35.2190551758
-4.25560573245 3.62291252369 10.701765167
147 71 37
2 0 438 83.1495361328 203.249328613 1 530 124.341796875 145.311157227
-5.59324771556 3.48315088111 9.27186808308
169 131 101
3 0 443 -165.483276367 195.704925537 1 470 -119.411682129 126.645629883 2 421 -15.415222168 100.31451416
-4.08926073463 4.12551052896 9.30878042894
96 56 13
3 0 445 26.7364501953 79.2857666016 1 551 83.0975341797 14.9376831055 6 323 137.119262695 -144.008789063
-5.97459652483 3.17248282014 10.0682614945
156 107 73
2 0 446 -156.494140625 269.357513428 1 450 -120.262329102 203.096069336
-5.91364878921 4.07413389003 9.15709633134
104 31 5
5 0 448 -208.455078125 119.14630127 1 481 -163.557556152 48.3944702148 2 436 -64.7233886719 21.2406616211 3 316 -12.4114990234 66.0980834961 4 314 169.087768555 207.484222412
-6.78678444783 4.0208777761 9.09031581165
56 20 1
5 0 449 -313.623962402 141.028106689 1 496 -274.528686523 67.5236816406 2 440 -182.807006836 39.2977905273 3 322 -149.635498047 71.1865844727 5 249 64.7291259766 17.9728393555
-6.70355592005 3.13239466978 10.0131898495
161 80 50
2 0 450 -242.253234863 283.656555176 1 397 -210.212646484 215.506958008
-6.57769693195 3.12195468685 9.94054433993
193 137 95
3 0 455 -233.463806152 281.238647461 1 426 -200.493469238 213.291931152 2 375 -114.706054688 187.504608154
-4.21464298578 3.66473466072 10.2322958608
181 134 106
2 0 459 64.1751708984 181.395782471 1 421 109.623291016 120.333587646
-8.67130274633 4.11009667635 9.1692434238
144 108 53
3 0 463 -502.061828613 167.098846436 1 841 -479.051086426 91.1616210938 2 524 -409.729797363 60.4327392578
-4.80641020243 3.53544969996 10.3148791989
165 131 85
3 0 469 -3.77185058594 210.369445801 1 485 37.7077636719 149.436676025 2 414 127.925048828 125.002593994
-6.10829157435 3.68558789159 9.34385539619
110 52 23
2 0 474 -220.078491211 181.025970459 1 479 -178.213500977 110.733093262
-7.09646866449 3.18145208824 9.77663120064
160 78 51
3 0 487 -302.50769043 276.526367188 1 406 -270.437194824 206.525360107 2 623 -188.400512695 180.834289551
-5.97843484122 4.46483368357 9.04584600106
100 54 19
4 0 489 -221.448913574 65.5709838867 1 733 -178.211547852 -5.54315185547 2 472 -76.2426147461 -35.35546875 3 568 -23.5999145508 4.61798095703
-8.56119846576 4.16767995583 9.08344008238
140 104 45
2 0 492 -498.350524902 156.067779541 1 362 -472.480041504 77.6793823242
-4.80291799397 3.6118216142 9.60228519642
195 151 127
3 0 496 -45.7010498047 175.636016846 1 495 2.50830078125 110.527191162 2 467 105.691650391 85.1516723633
-4.7153833912 3.80440019512 9.25755476845
114 66 35
5 0 497 -59.2819824219 133.555297852 1 533 -0.871520996094 68.3858032227 2 477 105.387817383 41.8567504883 4 325 333.264038086 260.441436768 5 333 325.696289063 97.3943481445
-6.28699465538 3.82603504275 9.1246334396
79 15 0
5 0 498 -255.823120117 157.95904541 1 743 -214.44519043 86.6447753906 2 484 -115.807250977 58.3021850586 3 371 -71.0484619141 100.16217041 6 385 -171.640319824 -53.9780883789
-6.97552699149 4.06333549626 9.06121129092
124 76 39
7 0 503 -337.286743164 138.449890137 1 521 -298.41192627 64.2846069336 3 311 -179.954101563 63.5411987305 2 391 -208.10760498 34.5383300781 4 334 18.5026855469 194.56628418 5 407 39.7331542969 6.02728271484 6 377 -263.824401855 -62.180480957
-5.30999790606 3.74354330411 9.20680860609
119 65 31
3 1 379 -85.6881103516 83.6072387695 4 259 257.115844727 262.345581055 6 223 -35.6295776367 -69.0033569336
-5.72897171195 3.79121423059 9.1638125643
71 12 0
5 0 510 -188.297729492 152.883392334 1 625 -141.660644531 82.575012207 2 592 -38.9047851563 56.1483154297 3 348 17.3576660156 107.297607422 4 347 198.551391602 250.507415771
-4.38374620106 3.58569254778 10.4090901608
171 131 78
3 0 515 52.6136474609 200.050292969 1 560 95.7353515625 140.692779541 2 574 186.141845703 115.840362549
-4.8615503837 3.52350329228 10.4123457585
143 40 8
2 0 523 -4.85516357422 216.720092773 1 580 35.5545654297 155.494232178
-5.40604291519 3.99868793273 9.21218610112
93 46 8
6 0 525 -144.664489746 121.077789307 1 677 -96.6186523438 51.3876342773 2 629 6.78637695313 24.7943115234 3 438 66.9177246094 78.9049682617 4 486 239.156005859 225.734619141 6 542 -49.4678955078 -93.6363525391
-5.40717807473 4.00174306112 9.21493390458
93 46 8
3 0 526 -144.664489746 121.077789307 1 676 -96.6186523438 51.3876342773 3 437 66.9177246094 78.9049682617
-4.93808725753 3.52752329781 9.92193493595
147 43 17
2 0 527 -42.6184082031 201.312988281 1 522 1.54296875 136.896881104
-4.83564642117 3.58813430245 9.9966558651
159 91 63
2 0 529 -25.7903442383 193.760253906 1 494 18.619140625 130.758270264
-3.7672669335 4.36013193552 10.2874578516
94 65 36
2 0 534 120.357299805 87.3502807617 1 651 167.219970703 24.6385498047
-8.77969843157 3.74356448855 9.30148185762
191 157 102
2 0 536 -507.643310547 217.507720947 1 471 -484.584411621 141.926391602
-5.85839385721 3.93619631699 9.17446404481
81 30 5
2 2 831 -56.2789306641 39.014465332 5 566 185.151489258 53.2001342773
-7.01589169128 4.10043785157 9.04619944128
109 58 21
2 0 561 -341.674438477 133.780517578 1 577 -303.661804199 59.3204956055
-7.01589169128 4.10043785157 9.04619944128
109 58 21
2 0 562 -341.674438477 133.780517578 1 578 -303.661804199 59.3204956055
-7.40142723529 4.74945389181 8.93865543911
86 42 21
2 0 566 -384.237731934 58.2124633789 1 400 -348.351623535 -20.1427001953
-4.18798750014 4.00056315352 9.2234866438
106 69 40
4 0 578 9.59497070313 95.3504638672 1 593 66.0397949219 29.9248046875 3 370 256.757202148 75.8822021484 6 567 120.387695313 -135.35357666
-6.05934374109 3.17893499595 10.0817051614
187 139 98
2 0 579 -165.450134277 269.589477539 1 720 -129.434814453 204.365112305
-4.47811882025 3.82162740776 9.38584112655
112 61 34
4 0 585 -18.1884765625 131.607879639 1 514 34.025390625 66.5689086914 2 444 143.778320313 41.7860717773 3 353 210.269775391 113.871459961
-5.97558344099 3.23828837294 10.7747531201
105 62 32
2 0 590 -111.609863281 280.217559814 1 655 -80.4020996094 218.065948486
-4.17970268192 3.60056844143 10.2957841997
169 119 88
2 0 592 71.8492431641 190.644561768 1 501 117.340087891 131.529144287
-5.57478601383 3.46046795399 9.36242538805
115 63 30
3 0 593 -157.33605957 201.936035156 1 585 -110.883972168 132.934783936 2 502 -9.21936035156 106.988525391
-6.17759168975 3.6523930551 9.09792084616
117 64 34
2 0 594 -246.786010742 177.837677002 1 734 -203.514709473 105.668548584
-4.49871551218 3.58006752673 10.4984070027
164 126 78
2 0 600 43.3330078125 206.083251953 1 688 85.0596923828 146.49798584
-6.11486504371 4.05755026948 9.13457051521
113 62 36
8 0 614 -233.804382324 125.17074585 1 574 -189.941772461 52.6674804688 2 544 -92.0692138672 25.3640136719 3 366 -43.9686889648 67.1843261719 4 350 140.991088867 206.44241333 5 403 152.80871582 27.9535522461 6 539 -148.198120117 -82.5444946289 7 614 -7.30535888672 29.1578979492
-4.40478117018 3.58886712685 10.0399888739
148 62 15
2 0 616 29.9702148438 187.393890381 1 724 76.4866943359 125.872436523
-4.26156787872 4.1262818468 9.18361209852
27 10 0
2 0 618 -2.68865966797 78.0648803711 1 661 53.5860595703 11.3950195313
-7.06511329906 3.17025326485 9.39785857907
192 158 139
2 0 628 -328.473571777 266.294769287 1 555 -294.245849609 194.794708252
-4.85102858505 3.55891952112 10.6310265394
112 39 24
2 0 630 8.36853027344 218.956695557 1 647 47.0782470703 159.02255249
-5.43584154004 3.63584868284 9.23298430945
99 45 18
4 0 640 -147.294067383 170.457305908 1 567 -101.505371094 101.946228027 2 485 3.4326171875 75.4454956055 3 352 64.6688232422 133.253753662
-6.09779881374 3.15687814202 10.1359199352
147 80 46
3 0 644 -165.932922363 275.183044434 1 633 -131.297424316 209.346008301 2 432 -44.8389892578 183.461212158
-6.91529214303 3.23849080437 9.57651175548
137 94 68
2 0 646 -297.113586426 260.759857178 1 727 -263.301147461 189.674926758
-4.61008453425 3.57924551311 10.5445164304
163 124 73
2 0 647 32.3201904297 209.548156738 1 662 73.0889892578 149.968811035
-5.05842421757 3.51746869228 10.8086445553
170 136 114
2 0 652 -6.47540283203 231.932128906 1 437 30.3533935547 174.329528809
-4.66918090329 3.56915310409 10.145481153
147 39 8
2 0 661 3.22766113281 198.500701904 1 672 47.1927490234 136.654022217
-5.39349530272 4.04001278466 9.20682945055
119 70 37
6 0 662 -143.04119873 114.741119385 1 804 -94.9531860352 46.0552368164 2 766 8.52514648438 19.254699707 3 649 67.4802246094 72.6407470703 4 443 239.630249023 219.374633789 5 632 240.91796875 48.1121826172
-5.41191356321 4.05726479135 9.24610029492
119 70 37
2 0 663 -143.04119873 114.741119385 1 803 -94.9531860352 46.0552368164
-5.52780808701 4.0368190566 9.19474245014
112 66 36
6 0 667 -160.781677246 117.7762146 1 736 -113.202575684 48.1657714844 2 745 -11.2651977539 21.1522216797 5 589 224.478149414 45.2835083008 4 464 223.332519531 218.395965576 7 995 32.6552734375 49.439453125
-8.65492522141 3.81017096681 9.21691474472
89 50 10
3 0 673 -501.417358398 204.222503662 1 795 -477.709533691 128.073852539 2 559 -407.868225098 101.600891113
-6.82477214797 3.13665172752 10.5254716155
185 139 104
2 0 688 -219.795898438 298.115112305 1 631 -191.900390625 232.499664307
-8.39572387027 3.89661925988 9.09987353707
138 99 45
4 0 689 -484.468322754 184.824401855 1 773 -457.740783691 108.797149658 2 521 -384.489868164 79.8379516602 4 299 -202.536193848 212.054718018
-4.33757945063 4.14229062659 9.2383125638
85 62 48
3 0 702 -9.22058105469 79.5368041992 1 740 46.0570068359 14.3092651367 6 585 98.4187011719 -144.175842285
-5.59582486789 4.04436136173 9.20246490526
114 65 37
5 0 704 -168.283447266 118.562011719 1 823 -119.943908691 48.6691894531 2 700 -20.5679931641 21.75390625 3 547 37.0080566406 72.3975830078 4 485 212.242797852 216.975402832
-5.05853099642 3.54623399412 10.1114188583
173 127 101
2 0 705 -45.854309082 207.147064209 1 665 -3.87640380859 143.967437744
-6.14559828214 3.72064258138 9.13868512978
75 13 0
7 0 712 -239.33001709 169.537811279 1 645 -196.261230469 97.7005615234 2 649 -95.9859619141 70.8650512695 3 468 -48.2131347656 116.966247559 4 395 140.491943359 256.980041504 5 404 154.030517578 79.532043457 6 488 -153.43951416 -46.5666503906
-4.04723516312 3.90178941541 9.21491197229
107 60 19
2 0 719 27.7039794922 104.581390381 1 725 85.3432617188 40.0159912109
-6.66006425011 3.08518038232 10.4465756226
166 120 87
2 0 724 -207.914306641 299.909820557 1 637 -178.305358887 235.120025635
-5.56183622171 4.00510281197 9.20155753493
63 16 0
6 0 728 -164.386230469 122.87399292 1 766 -116.537902832 53.225769043 2 654 -15.0806274414 26.3682861328 3 477 42.8918457031 77.7800292969 4 434 217.330200195 222.867034912 6 599 -71.1495361328 -90.6635131836
-7.00750188522 3.99116171978 9.11012841525
122 77 33
4 0 738 -337.983337402 149.491851807 1 830 -298.345153809 75.2498168945 2 635 -209.761047363 47.6419677734 3 290 -184.624572754 78.348815918
-4.39848870455 3.65263256276 9.651016539
155 70 32
3 0 740 8.29675292969 164.083221436 1 730 58.7301025391 100.432556152 2 657 163.349487305 75.6508178711
-4.39848870455 3.65263256276 9.651016539
155 70 32
3 0 741 8.29675292969 164.083221436 1 729 58.7301025391 100.432556152 2 658 163.349487305 75.6508178711
-5.1611221882 3.56484192243 9.50684097927
173 133 113
3 0 747 -96.571472168 184.955047607 1 657 -49.1067504883 118.647216797 2 737 53.0498046875 92.9623413086
-5.82384218191 3.88961296774 9.15028953808
117 64 35
2 0 756 -199.813049316 141.270935059 1 759 -153.944763184 70.9137573242
-4.13302706539 3.69094856732 9.68677357191
119 63 38
3 0 758 44.4127197266 154.99319458 1 712 96.3001708984 92.6177368164 2 779 201.448852539 67.6920776367
-5.00512960088 3.53808255737 10.7550300531
111 55 35
3 0 763 -2.97717285156 227.356719971 1 636 33.9986572266 168.069885254 2 566 115.074951172 143.530273438
-7.13572045189 3.28628373325 9.39780123433
117 80 42
2 0 768 -334.989929199 252.390777588 1 713 -301.264099121 180.284240723
-6.62833109801 3.6017979228 9.1761895287
96 42 14
3 2 834 -158.09954834 95.8927612305 4 452 68.2603759766 272.988128662 6 546 -216.11138916 -14.133972168
-6.07370267354 3.75113993206 9.13585048736
76 16 0
5 0 777 -231.052185059 164.128662109 1 812 -187.623718262 92.4722290039 2 642 -86.9599609375 65.1428833008 3 583 -36.5399169922 112.620056152 4 487 150.478393555 252.329589844
-5.59355889953 3.76491585695 9.1941097365
115 63 31
2 0 789 -169.832275391 154.787567139 1 765 -122.731079102 85.6116943359
2.08461865616 3.22017912776 32.0328798993
154 139 65
3 0 26 895.088745117 493.07131958 2 31 757.276611328 441.468444824 1 20 845.466430664 477.55078125
-1.93877334902 3.19408435592 47.6372085381
124 90 11
3 0 43 693.039916992 562.747192383 2 51 524.017822266 508.543426514 1 53 628.994995117 543.887084961
4.14007483657 2.83198579051 44.4366144635
92 54 10
3 0 80 972.123046875 559.712402344 2 97 783.845336914 508.374572754 1 90 905.079589844 548.186096191
-20.305616754 4.72919049711 24.9714908448
185 156 79
3 0 81 -405.967712402 441.158935547 2 79 -523.009338379 376.186431885 1 85 -449.148803711 392.622741699
-1.10765428428 4.13062969169 28.7702298636
185 171 128
4 0 84 671.508300781 426.316986084 2 89 569.742797852 374.706542969 1 97 636.254760742 405.738586426 3 70 271.654541016 510.913726807
-2.7490998265 3.93604018849 34.0318222051
151 133 55
2 0 95 602.090332031 479.4453125 2 109 478.980957031 425.688781738
-2.24115461266 3.75279170952 30.2214924848
179 164 118
3 0 117 611.55078125 464.360961914 2 149 504.670898438 410.907836914 1 136 572.998657227 441.603149414
-0.120787479247 3.48029054936 32.6423258809
146 122 52
4 0 121 751.712646484 487.925415039 2 157 624.025268555 435.914367676 1 129 704.995239258 468.793029785 3 119 295.397338867 577.226013184
-3.58622430807 3.80445830003 28.9229304428
189 169 126
2 0 124 520.799804688 457.025878906 2 159 424.533325195 403.278717041
0.335366503493 3.42547164174 32.6714364696
144 123 43
4 0 130 779.755004883 489.795501709 2 164 649.498168945 437.898040771 1 139 733.574829102 471.898864746 3 129 319.048217773 579.701965332
-42.9182238255 4.21234054561 36.8132830265
71 42 31
3 0 154 -752.297363281 560.171264648 2 148 -975.665344238 505.279846191 1 161 -830.510925293 510.080352783
1.4832892438 3.29539834358 32.4047816897
144 124 57
2 0 162 853.650634766 493.138366699 2 207 718.196899414 440.350921631
-6.92526517285 3.12844380168 9.76752365061
171 81 53
2 0 163 -284.850463867 279.57598877 2 141 -167.302368164 186.303283691
-11.4827596217 4.41332569932 22.9059915703
186 156 103
3 0 176 -46.772277832 405.500091553 2 180 -113.838195801 342.725280762 1 211 -74.8110351563 363.674377441
-5.67001100099 3.88795340076 9.15155273104
115 66 34
5 0 182 -182.136962891 137.583831787 2 223 -31.6470947266 41.2326049805 5 194 211.985717773 62.9179077148 4 163 207.662353516 236.778900146 7 336 25.828125 66.5439453125
-20.0944628309 4.64379837445 26.8802817052
184 155 77
3 0 190 -338.579589844 456.129180908 2 231 -456.867370605 394.437988281 1 220 -381.245849609 410.470153809
-6.86756121164 3.17084366122 9.53673725228
196 160 138
3 0 191 -295.933227539 267.090942383 2 161 -171.687561035 170.91027832 3 86 -160.13861084 222.706481934
-7.602712988 4.27127492873 32.0843386929
176 153 100
4 0 194 332.360717773 465.013214111 2 199 225.22277832 410.086547852 1 201 291.939086914 436.293334961 3 151 -91.6658935547 536.009155273
-42.2955109473 5.59635876992 37.6486649009
182 162 143
2 0 208 -708.013305664 515.035217285 2 235 -923.92376709 455.833282471
-44.621009946 5.26982593262 39.041968228
90 61 49
3 0 210 -727.54473877 533.200927734 2 217 -951.175170898 475.459259033 1 258 -805.332641602 482.844970703
-22.4390974051 4.8857623534 27.3315363718
206 180 121
3 0 218 -415.580444336 456.185058594 2 188 -546.51776123 389.882629395 1 190 -462.269836426 408.061828613
-22.4390974051 4.8857623534 27.3315363718
206 180 121
3 0 219 -415.580444336 456.185058594 2 189 -546.51776123 389.882629395 1 191 -462.269836426 408.061828613
-6.1094588017 3.86843324345 9.14722745941
75 12 0
4 0 727 -233.442565918 149.426208496 4 332 143.06237793 235.464202881 5 439 155.947998047 57.5980224609 7 904 -10.6356811523 56.6812133789
1.92536523891 4.13528378261 18.2539092349
151 133 66
2 0 242 924.115112305 265.670959473 2 250 893.883789063 216.355163574
-18.4845430248 4.41885980541 32.3230476901
187 158 106
4 0 247 -136.380126953 489.718231201 2 255 -259.830322266 432.486328125 1 252 -183.39831543 450.53112793 3 149 -653.565917969 539.979309082
-4.10248664557 4.17361744173 9.26348126632
109 70 40
3 0 253 22.5997314453 70.9312744141 2 298 190.512329102 -18.5010986328 3 219 266.517822266 54.6878051758
-6.02197380713 4.19295163048 9.10639699121
120 68 28
2 5 36 164.670410156 8.51293945313 7 40 5.1123046875 11.7041015625
-6.93526289408 4.34586643577 9.05497245761
96 44 15
7 0 281 -330.313598633 102.350097656 2 355 -203.007568359 -1.74291992188 1 493 -290.38067627 27.2796020508 3 319 -171.987121582 22.0477294922 4 351 22.5187988281 153.122161865 5 344 42.2225341797 -37.9946289063 6 604 -256.888183594 -93.14453125
-5.44235874088 3.92435738245 9.22268954011
113 69 29
3 0 286 -148.002563477 132.003601074 2 312 3.04504394531 36.2725830078 6 414 -54.7183837891 -84.557434082
-5.4759069357 4.09253018783 9.21647352076
92 27 2
5 0 287 -152.678771973 110.474822998 2 303 -3.08154296875 14.0219116211 3 231 55.9875488281 66.262512207 4 292 227.565307617 211.66293335 5 331 227.078369141 38.9266357422
-6.88472607833 3.73131693281 9.09883782977
125 83 41
4 0 295 -326.424377441 181.389434814 2 283 -195.86138916 79.9203491211 5 174 54.4440917969 61.4598999023 6 282 -253.243652344 -27.1546020508
-5.93534259785 3.87944144855 9.13715276759
113 68 30
5 0 304 -214.172607422 144.260437012 2 314 -69.0447998047 45.7871704102 1 439 -168.244934082 73.4796142578 3 254 -14.996887207 93.2396240234 4 280 169.108520508 234.964172363
-6.63342623285 3.65843535926 9.13357276732
115 66 30
4 0 339 -296.931091309 186.538604736 2 324 -161.840270996 86.4364624023 3 221 -125.164672852 127.122131348 4 206 68.802734375 261.908966064
-3.83329793107 4.32734473811 9.57746859232
103 61 28
2 0 344 74.7489013672 59.1869506836 6 342 178.88684082 -149.094970703
-6.7467454485 3.66502104475 9.11095115796
100 55 17
5 0 345 -311.110168457 185.050994873 2 388 -177.279541016 86.0502929688 6 372 -235.152404785 -22.7288208008 1 825 -271.861328125 115.679321289 5 317 74.3239746094 76.5547485352
-4.68072892691 4.47072493404 9.1941094055
85 49 31
5 0 403 -55.7678833008 42.7682495117 2 399 104.577880859 -50.6343994141 3 331 175.471923828 10.3659667969 4 353 331.610595703 164.614929199 5 424 319.84375 -2.54931640625
-8.40270642796 3.92142098028 9.08178829384
136 100 38
4 3 190 -406.161499023 88.5516967773 5 123 -181.346984863 -1.38031005859 4 133 -203.325378418 204.991149902 7 169 -236.745422363 -30.4522094727
3.02253206908 2.25006360711 43.73370628
113 76 31
3 0 457 925.434326172 586.591064453 2 406 742.949707031 532.553344727 1 689 859.406494141 573.231384277
-7.60165562634 4.34977447553 9.14331133481
17 6 4
3 0 458 -394.420654297 118.212493896 2 377 -279.141113281 13.1812133789 3 289 -274.517700195 29.4720458984
-3.11218195731 2.81250860018 41.3538349948
133 104 36
2 0 461 626.276123047 563.321594238 2 545 476.441772461 510.194702148
-6.00946807439 3.7369104038 9.15081224337
114 59 31
7 0 473 -222.582763672 165.660583496 2 476 -77.6108398438 67.1013183594 1 632 -178.101318359 94.0525512695 3 265 -26.8526611328 115.639282227 4 416 159.788452148 255.408843994 5 445 171.605712891 78.2607421875 6 285 -133.922363281 -50.1671142578
-4.03495963988 4.21102181673 9.32229341243
117 68 36
3 0 475 35.9907226563 66.7594604492 2 512 201.979980469 -22.0911254883 1 594 89.7229003906 3.74945068359
-5.69484964869 4.08008468523 9.17608680064
98 15 0
4 0 477 -181.234130859 114.438323975 2 465 -35.6528930664 17.0795288086 5 260 203.872924805 34.809753418 6 391 -89.2367553711 -95.8715209961
-2.63097558447 3.59151380089 28.717539917
186 170 117
2 0 483 579.906860352 464.209960938 2 565 482.19921875 412.267913818
3.63545279168 2.06898036856 41.8037469245
91 55 29
2 0 511 966.154052734 590.134033203 2 536 783.837768555 535.493347168
-15.2498639717 4.68712438613 35.6234251935
166 140 82
3 0 516 52.5941162109 485.286682129 2 423 -72.0775756836 428.523132324 1 441 0.758666992188 449.821350098
-14.2189493546 4.51286613497 36.2955739533
171 145 92
2 0 538 101.213378906 492.609558105 2 516 -22.7188720703 437.321594238
-41.6769878586 5.53213587205 37.6943770278
153 128 107
3 0 542 -693.099487305 515.755065918 2 379 -905.886413574 457.712646484 1 558 -765.897460938 465.820800781
3.57210024069 2.02309829604 39.2743793764
82 52 20
2 0 545 974.423950195 587.91595459 2 564 798.131835938 529.886291504
-6.62080279745 4.13015975762 9.12648026439
92 42 9
5 0 572 -291.598937988 124.501861572 2 697 -158.708679199 24.1040039063 3 409 -122.876037598 57.4351196289 4 402 67.1727294922 192.183380127 5 436 83.2789306641 6.42071533203
-6.89193771082 3.19506976524 9.9001554584
175 92 65
2 0 576 -270.650878906 275.215942383 2 494 -156.199401855 180.6769104
-6.71048138103 3.82049568602 9.09270922513
116 65 32
5 0 610 -306.802307129 165.780334473 2 758 -174.157958984 64.3787231445 3 436 -137.555969238 100.622619629 4 414 58.4674072266 234.97366333 5 592 78.4664306641 50.4724121094
-6.2549573422 3.35309158577 9.26302704656
14 6 3
2 4 14 121.924926758 316.459838867 5 13 134.969848633 142.169128418
-6.54563420313 3.15388301873 9.75155500174
173 105 71
2 0 624 -243.609924316 271.080200195 2 602 -119.792419434 176.644958496
-6.12100240914 3.94788157134 9.14929868294
81 14 0
3 0 638 -234.377624512 139.217163086 2 555 -92.576171875 40.5431518555 3 375 -44.5286865234 84.7847900391
-8.78543124802 4.14372819906 39.8627657041
168 142 91
2 0 639 363.400756836 510.281677246 2 747 230.066894531 457.567199707
-6.09818460043 3.15806782702 10.1392664835
149 87 53
2 0 643 -165.932922363 275.183044434 2 431 -44.8389892578 183.461212158
-4.06141379753 4.23096177511 9.29075975718
95 49 15
3 0 648 29.2800292969 64.4512939453 2 603 196.318603516 -25.5563354492 1 592 86.7673339844 -1.60693359375
-6.58406046503 4.08111409128 9.12415772017
114 62 30
2 0 655 -287.948669434 130.411346436 2 487 -154.456237793 30.0186767578
-41.8568895398 5.58299805537 35.6991466526
189 169 159
3 0 676 -748.594848633 509.38381958 2 418 -967.815124512 448.99621582 1 596 -824.394042969 457.089508057
-4.27876547355 4.37161795671 9.1874300254
34 12 0
2 0 691 -5.20806884766 45.2118530273 2 510 161.346679688 -45.9564819336
-8.09414978663 4.2907582658 9.10080458632
128 88 26
2 5 31 -135.303527832 -54.3045654297 7 26 -198.237060547 -77.6597290039
-6.22848011915 3.96639457724 9.14154389519
120 50 32
5 0 734 -247.144287109 139.086029053 2 790 -107.099487305 39.4998779297 3 495 -61.5823364258 81.0256347656 4 449 125.527832031 219.68371582 5 527 138.370361328 40.3199462891
-6.22848011915 3.96639457724 9.14154389519
120 50 32
5 0 735 -247.144287109 139.086029053 2 791 -107.099487305 39.4998779297 3 496 -61.5823364258 81.0256347656 4 448 125.527832031 219.68371582 5 528 138.370361328 40.3199462891
-6.69382090161 4.07438068246 9.11976339805
117 64 33
3 0 765 -302.174743652 133.846618652 2 856 -167.000671387 31.9372558594 4 438 57.1782226563 198.503997803
-5.94658718678 3.74097022516 9.14906368163
82 25 1
4 0 784 -215.195373535 163.876403809 2 723 -69.2911376953 65.4566040039 3 540 -16.7145996094 114.322784424 5 499 179.801391602 79.3015136719
-5.94658718678 3.74097022516 9.14906368163
82 25 1
4 0 785 -215.195373535 163.876403809 2 722 -69.2911376953 65.4566040039 3 539 -16.7145996094 114.322784424 5 498 179.801391602 79.3015136719
-6.46206146039 3.61013751153 9.10176414694
125 69 33
4 3 51 -100.095092773 130.967407227 5 50 115.845703125 90.1428833008 4 46 98.5363769531 268.728240967 7 65 -39.71875 83.8955688477
-4.31880939532 3.85825981494 9.29949227074
99 56 20
3 0 353 -1.82800292969 120.012634277 6 241 106.645263672 -108.791442871 1 467 50.9963378906 55.7315673828
-6.67686741188 3.78222693795 9.09517829307
72 16 0
2 3 639 -133.120666504 106.509033203 5 552 83.8853759766 57.4454956055
0.973431227461 4.06741938234 24.6533769437
153 133 82
2 1 35 787.407348633 360.073883057 2 40 729.621459961 329.976257324
-3.5861072468 4.12817588984 10.5526046965
182 151 84
2 1 39 202.58972168 64.2193603516 2 38 290.618286133 41.5834350586
-4.22832687462 4.10440533456 26.7946300472
177 155 105
3 1 47 427.240234375 396.635528564 2 48 375.831176758 369.57019043 3 39 98.8078613281 499.216796875
-20.120017038 4.50328087706 26.7915010473
192 163 96
2 1 49 -386.401306152 417.001647949 2 45 -461.099182129 400.59274292
-6.27268424081 3.22291687369 9.72532161689
189 150 122
2 1 65 -176.91595459 188.45916748 2 73 -85.6748657227 163.387573242
-22.3334414781 4.73859439418 19.4942265542
176 153 70
2 1 78 -757.336791992 348.990539551 2 74 -840.899780273 334.471710205
-0.829818814126 4.24342517124 19.0759806607
166 145 79
2 1 95 633.913452148 270.51852417 2 91 616.813110352 244.365936279
-6.61148160515 3.49135740719 9.17890633644
15 5 2
2 5 91 90.0769042969 110.663421631 7 185 -63.147644043 97.2659912109
-6.83228402364 3.49941388549 9.23768923599
28 16 7
4 1 104 -275.360107422 141.922912598 2 126 -181.908325195 114.517700195 4 75 35.7692871094 290.331359863 6 113 -239.434692383 9.47192382813
-21.6400657561 4.5442413587 24.8151083294
180 152 76
3 1 106 -513.002075195 404.615722656 2 105 -591.994628906 390.250701904 0 112 -466.987426758 454.826416016
-22.5766795577 4.60341579797 22.399223885
175 150 67
2 1 108 -642.244750977 384.689849854 2 115 -725.440063477 371.261901855
-4.07314790009 4.31797334646 18.9174216634
169 143 76
2 1 117 345.41796875 281.444274902 2 118 335.990478516 257.497009277
-7.27735274447 3.18598571694 9.4347660419
185 150 124
2 5 22 -25.0792236328 164.778625488 7 42 -163.779846191 127.990325928
-8.43708775224 3.80054452268 9.10475328213
138 99 43
2 4 549 -209.195678711 222.630615234 7 951 -247.024353027 -9.89294433594
0.966610564907 3.50478881849 33.8507620278
143 122 50
2 1 137 767.965087891 473.704833984 2 168 679.32043457 438.517120361
-21.381608049 4.36373441515 34.2643358255
184 155 88
2 1 156 -250.808654785 467.058532715 2 170 -335.746582031 450.731750488
-5.87956965914 4.42882674453 9.18569179219
104 57 27
2 4 401 167.999267578 158.576141357 7 573 9.41381835938 -14.9810791016
-21.6276207513 4.52899233449 25.740320794
177 152 71
2 1 176 -481.871520996 411.616210938 2 154 -561.265991211 397.435577393
-21.3959198751 4.48317446158 25.4232554245
177 152 71
3 1 177 -481.871520996 411.616210938 2 153 -561.265991211 397.435577393 0 165 -437.657714844 460.419952393
-4.28468234133 3.62059042037 10.642370606
163 72 27
2 1 178 118.223144531 143.86038208 2 230 204.562255859 118.613067627
-5.61699885173 5.03804218297 11.4842011941
38 7 0
2 0 361 -31.9014282227 92.3030395508 5 586 12.916015625 21.9158935547
-8.69510440549 4.04382659773 9.1493816541
165 124 84
2 5 628 -236.403198242 -23.8276977539 7 618 -280.698791504 -63.2629394531
-8.14792661879 3.50347178852 9.24195327194
74 33 18
2 5 541 -147.599365234 84.1878051758 7 559 -234.285339355 51.3919677734
-7.68481151523 4.27374764627 9.03504083622
23 12 8
2 1 209 -378.83807373 49.3986816406 2 208 -298.174560547 17.9107666016
-8.4269764751 3.98981684372 9.04362565229
113 63 14
2 5 514 -182.807312012 -14.8016357422 7 591 -233.496459961 -44.9971923828
-21.6707730721 4.350257832 33.7731705743
177 149 78
3 1 216 -272.032592773 466.35333252 2 214 -356.368408203 449.803588867 3 132 -787.465209961 555.386474609
-6.53750998039 3.98946862419 9.12041144711
120 62 38
4 0 548 -283.968566895 141.541168213 5 459 97.9055175781 29.7408447266 1 707 -241.843566895 68.9288330078 3 298 -111.15612793 76.5165405273
-6.53750998039 3.98946862419 9.12041144711
120 62 38
4 0 549 -283.968566895 141.541168213 5 460 97.9055175781 29.7408447266 1 708 -241.843566895 68.9288330078 3 299 -111.15612793 76.5165405273
-7.6113322075 3.86387507837 8.92821319817
125 68 27
3 3 629 -285.262145996 86.5225219727 5 516 -40.8446044922 15.2334594727 7 909 -128.142578125 6.77032470703
3.7990582449 2.50643285999 43.7082652291
98 65 13
2 1 236 894.78894043 560.985107422 2 270 775.793579102 520.58807373
-6.28132759186 3.09593696043 9.78944689381
145 18 0
2 5 64 87.5145263672 208.684082031 7 163 -107.957336426 168.238555908
-6.82314982119 3.77573539738 9.09861072877
100 48 14
6 1 256 -280.755493164 101.80859375 2 287 -189.459228516 72.2888793945 3 177 -154.933532715 109.257629395 4 209 40.8947753906 239.340606689 5 201 63.5306396484 54.4351806641 6 235 -244.027404785 -32.3678588867
-5.36821378911 3.46228845879 11.0168479768
183 155 98
2 1 262 2.9052734375 190.777038574 2 236 77.9796142578 166.064178467
-8.30968182411 4.0461643109 8.98203755153
144 95 52
2 4 307 -184.707702637 181.028106689 7 365 -211.188659668 -49.5563964844
3.59697482001 2.2675487454 43.5351564624
61 26 7
2 1 269 887.96105957 571.875305176 2 308 769.728515625 530.520446777
-6.63453521398 3.76260901167 9.10439223867
88 27 2
5 1 278 -258.21673584 99.3258666992 2 264 -163.26159668 71.6640625 3 188 -126.040893555 110.169128418 5 196 89.1257324219 61.3604736328 6 264 -219.234375 -37.6266479492
-6.529861003 3.17141160522 9.85349203703
174 75 48
3 1 319 -200.338806152 202.738555908 2 300 -112.020446777 177.961364746 3 271 -104.239135742 236.96206665
-4.39471641271 4.27046163248 9.25551784218
115 66 28
5 1 322 38.5699462891 -0.981262207031 2 330 147.596801758 -26.604675293 4 324 371.040283203 198.290252686 3 293 221.335205078 41.4534912109 5 330 350.885375977 34.399230957
-4.61532038727 4.68243797313 9.20921992013
93 50 15
2 2 288 112.361572266 -80.2102050781 4 262 336.133911133 138.21194458
-7.80954133028 4.15875671272 8.97027946294
26 15 10
2 1 337 -399.489990234 62.4193115234 2 316 -318.612426758 32.0498046875
-7.55460069505 3.79432718719 9.00668046495
117 67 34
4 1 368 -371.793945313 105.217529297 2 416 -291.649230957 77.2689208984 3 258 -273.537475586 100.959899902 6 213 -342.823791504 -18.3851928711
2.31706308154 2.38935088249 26.0939292404
110 82 38
2 1 382 912.758300781 493.943969727 2 266 839.462890625 455.59942627
-14.691166351 4.65237494044 34.4248449034
202 177 132
2 2 704 -67.2329711914 423.656433105 3 320 -429.696838379 537.708251953
-4.24521071433 3.93411463279 9.22455338152
109 69 40
3 1 401 58.0458984375 40.1532592773 2 438 171.092163086 14.127746582 3 509 248.369995117 86.1002197266
-4.87887767466 4.50809579842 10.1927641653
42 7 0
2 1 411 23.1910400391 25.8247070313 2 326 108.919067383 -3.89373779297
-4.92747917058 3.92981767296 9.22119751539
107 63 25
2 4 293 305.896240234 239.507324219 7 474 77.2506103516 81.548828125
-14.5542253518 4.44800048283 33.7017189708
171 141 80
2 1 440 0.758666992188 449.821350098 2 422 -72.0775756836 428.523132324
-8.73498890478 3.57294670096 9.36787343215
198 160 111
2 1 456 -477.426330566 163.204620361 2 281 -409.676391602 138.471191406
-6.85639627712 3.86748599307 10.4018410972
76 44 33
2 1 464 -197.517150879 141.612976074 2 633 -126.162109375 112.323364258
-6.30434980402 4.4524654973 9.09632475742
73 28 1
2 5 379 123.509399414 -37.549621582 7 841 -16.3676757813 -33.7445678711
-5.23878276908 3.74403959525 9.19859633131
107 60 13
2 5 374 266.761230469 93.9275512695 7 760 54.4758300781 98.1940917969
-13.8855753317 4.33894481233 34.2016632104
168 141 83
3 1 536 37.6903076172 456.891113281 2 486 -36.9998168945 434.79309082 0 442 80.0856933594 489.556518555
-6.60175937017 4.46500847277 9.14052385567
103 55 22
2 5 358 78.9512939453 -43.2870483398 7 586 -48.1749267578 -45.3344726563
-7.01906845758 3.0578252526 10.2567910982
145 45 8
2 5 342 -52.744934082 226.252929688 7 704 -236.325439453 162.215576172
-4.17908594041 1.8906581753 27.5985781998
110 69 34
2 1 552 451.439331055 544.575195313 2 659 397.345336914 512.587341309
-6.82593175581 3.5051965826 9.23782705688
28 10 5
2 4 83 36.9202880859 289.522003174 7 178 -90.9982299805 89.9682617188
-5.02001986441 5.0272103275 7.97418711677
182 145 65
2 3 2 133.536132813 -161.159240723 4 2 354.391967773 13.9182128906
-4.81761239959 3.55016802902 10.7916372015
91 53 37
2 1 575 58.4285888672 165.466125488 2 578 139.835083008 140.224975586
-5.81525039985 3.95845539092 9.17325033039
119 66 36
4 1 622 -150.98815918 62.4426269531 2 558 -50.7545166016 35.456237793 3 443 3.58776855469 83.4055175781 6 595 -106.11895752 -79.6771240234
-4.6375934666 3.79241138614 9.28842848575
113 65 32
3 1 627 9.02368164063 69.3661499023 2 475 115.67980957 43.7395019531 6 292 62.7493896484 -91.901550293
-6.19762598931 4.07667569183 9.19012827002
76 9 0
2 1 644 -196.247558594 54.8306884766 2 562 -100.638183594 26.7730712891
-6.7777219433 3.84588637501 9.09587493645
122 72 33
6 1 653 -275.512878418 90.0402832031 2 452 -181.783874512 62.5252685547 3 297 -148.179443359 97.496887207 4 327 48.3504638672 230.639770508 5 326 67.9245605469 45.0325317383 7 606 -65.6996459961 39.5440063477
-6.66182195586 3.8248069166 9.11267026074
116 68 31
3 1 694 -259.637939453 91.3596191406 2 761 -166.472106934 64.3067016602 3 467 -130.247680664 101.189331055
-5.34489738573 3.61679189947 9.27079734307
120 75 41
3 1 699 -86.0681152344 104.301116943 2 572 18.3713378906 78.4974975586 6 417 -37.1479492188 -49.6915283203
-6.6195952725 4.05897183861 9.08451078068
116 65 30
3 1 749 -254.613830566 59.426940918 2 801 -161.100524902 31.5986328125 3 466 -123.369140625 64.9448242188
-5.03973931901 4.60906987941 10.6393394239
25 8 4
2 1 758 24.7204589844 37.185546875 2 720 101.444091797 6.25567626953
-4.82992571569 3.87575433158 9.24125541225
110 67 25
3 1 767 -20.0607910156 58.6713867188 2 780 89.8590087891 33.4055786133 6 290 30.5678710938 -97.9655761719
-18.8242485264 4.9738550863 31.334428465
210 186 135
3 1 778 -215.744995117 421.300140381 2 644 -292.780761719 402.085266113 3 422 -685.876464844 500.884643555
-11.2656046573 4.34076158838 24.0471964087
182 152 99
2 1 779 -33.4499511719 378.955444336 2 851 -77.1322631836 356.989318848
-5.77176107061 3.98642557601 9.17145741215
67 19 2
4 1 783 -145.385375977 57.9257202148 2 742 -44.9489135742 30.7883300781 4 512 189.519165039 222.145294189 5 638 195.704467773 47.1345825195
-6.92857759814 4.66970522134 9.54068252777
101 61 31
2 1 784 -253.344909668 10.0876464844 2 718 -174.498168945 -18.5055541992
-6.09399787381 3.99687929855 9.16366091452
120 61 35
3 1 819 -185.795654297 62.1390991211 2 774 -88.4605102539 34.4017333984 3 614 -40.2225952148 77.860168457
-8.63121780589 4.08313751444 9.11018360174
145 110 58
2 1 842 -479.051086426 91.1616210938 2 523 -409.729797363 60.4327392578
-6.48624326599 3.37249688601 9.33540828818
19 8 6
3 0 17 -263.596801758 227.95904541 3 16 -101.015075684 181.014465332 1 25 -230.803588867 157.653747559
-6.91971454848 4.24402745933 9.05401874377
119 77 28
2 0 187 -329.032287598 114.224517822 3 126 -170.114013672 37.4135742188
-9.66233607225 4.41065018343 10.6442478197
179 148 71
2 4 9 -429.858337402 201.7684021 5 10 -501.19128418 -7.47479248047
-7.50286593271 3.82541068976 8.92672756703
137 93 57
3 0 774 -409.396789551 174.178100586 3 388 -268.622436523 91.5297241211 1 684 -370.707214355 96.7147216797
-7.03522426385 4.46708114431 9.06155433242
103 59 33
2 0 757 -338.726989746 89.2970581055 3 411 -186.841125488 6.67523193359
-6.69543536653 3.73958959453 9.08810996184
110 53 23
3 0 518 -306.560974121 176.377197266 3 431 -135.768676758 112.385437012 5 579 82.40234375 62.8189697266
-5.32659703887 3.75851092089 9.22356796895
121 66 35
2 0 565 -135.151916504 152.213439941 3 535 80.8033447266 114.13684082
-6.84409181906 3.95649995882 9.08042303919
120 59 12
2 3 592 -159.168823242 80.4061889648 5 651 58.5776367188 25.9567871094
-6.24224173527 3.868246356 9.1312391847
88 10 0
3 1 225 -207.076416016 78.7010498047 3 158 -64.4181518555 95.4161987305 4 121 125.530517578 234.057647705
-6.24224173527 3.868246356 9.1312391847
88 10 0
3 1 226 -207.076416016 78.7010498047 3 159 -64.4181518555 95.4161987305 4 122 125.530517578 234.057647705
-7.42325601593 3.80519561721 9.02498600684
115 66 38
2 0 377 -391.39654541 177.95791626 6 238 -326.092590332 -22.8962402344
-6.5649207225 3.99873324309 9.11701465727
114 60 32
4 1 283 -246.947387695 67.2922363281 3 225 -113.593444824 75.5277709961 5 212 93.2807617188 26.7715454102 7 440 -46.9481811523 24.6464233398
-5.87990086917 3.73715730377 9.17174330823
119 60 32
3 1 394 -160.770935059 92.3817749023 3 227 -5.82458496094 115.946685791 6 217 -115.319519043 -53.2044677734
-7.57782851938 4.38250751843 9.06407458951
18 10 7
2 1 432 -363.172119141 34.6560668945 3 238 -271.783447266 19.8074951172
-4.57706265902 4.42018512228 9.2199589685
104 62 35
4 1 416 13.0944824219 -18.8969726563 3 275 191.510375977 18.2391357422 4 374 345.481811523 174.44732666 5 391 330.156005859 8.79840087891
-5.84490535219 3.61645820722 9.19018272953
109 51 21
2 3 648 -0.377075195313 134.63583374 5 585 191.882080078 103.071533203
-6.10032777125 3.60079841541 9.15077007012
111 54 24
4 3 636 -43.3956298828 135.333129883 5 582 162.886962891 99.5355834961 4 484 150.801635742 275.637878418 7 975 -15.0943603516 94.6851806641
-14.9246734406 4.76554613794 40.3481157393
186 164 116
2 1 607 82.4176025391 469.62109375 3 307 -379.659118652 565.986206055
-13.921938214 4.47166850524 38.5954107895
188 166 119
2 1 732 97.2495117188 471.613586426 3 368 -353.135925293 570.510375977
-3.97890833017 4.25899764207 9.39280364073
115 66 30
2 1 620 102.201049805 -1.77569580078 3 544 281.229248047 51.6833496094
-3.55329458794 4.50105153895 5.56388085649
156 120 32
2 2 7 158.100952148 -381.285583496 3 9 504.340820313 -347.436889648
-6.2501208039 4.03699119479 9.12939456153
88 6 0
2 5 84 135.280273438 27.9135742188 7 186 -19.5393676758 28.1229858398
-5.17639657982 4.11886874845 9.22091238785
116 66 31
3 2 19 37.6687011719 5.04119873047 3 14 102.613525391 62.4620361328 4 21 268.0234375 210.785186768
-8.4038145963 3.57652587061 9.44041013237
184 147 127
2 2 53 -365.62701416 133.967834473 3 34 -399.276306152 161.486358643
-4.63964612191 3.65821166499 9.78713346802
192 144 121
2 2 46 133.981323242 85.6635742188 3 41 180.768676758 157.475250244
-6.33328329841 3.13802681963 10.1941406452
154 40 11
2 2 69 -72.0751953125 192.138885498 3 43 -71.9431762695 255.673736572
-10.8775857125 4.4029514917 24.6444916905
174 146 81
2 2 85 -43.3049316406 356.296844482 3 57 -333.682861328 462.77532959
-6.55512536225 3.47517418379 9.23593384757
19 5 2
2 2 88 -146.65625 113.407684326 3 61 -113.04095459 160.828033447
-6.55512536225 3.47517418379 9.23593384757
19 5 2
2 2 87 -146.65625 113.407684326 3 62 -113.04095459 160.828033447
-8.57879113714 3.88030803672 9.19525291583
93 47 22
2 2 108 -399.964599609 88.5062866211 3 63 -431.009216309 103.218566895
-6.61509331725 3.20962024418 9.7592910567
189 140 113
2 2 81 -128.203796387 170.514007568 3 65 -117.887268066 226.773803711
-8.75230567275 4.06142475942 9.31977986829
184 150 107
2 2 176 -409.944030762 73.6647338867 3 74 -450.391113281 84.8241577148
-5.62179807139 3.50127182386 9.2162163823
151 109 73
2 5 83 221.130615234 125.698638916 7 136 19.4543457031 122.684661865
-8.74323302318 3.46582410937 10.3054971901
159 113 79
2 2 212 -351.038574219 182.122924805 3 98 -422.280578613 220.82119751
-1.55244890984 3.59065266429 30.133335941
174 157 105
2 2 138 546.092529297 417.09854126 3 106 238.323608398 555.779846191
-5.21174712177 3.67656878326 9.25922671051
95 40 15
6 2 196 36.1938476563 67.090637207 3 121 98.8648681641 128.528167725 5 89 265.169921875 107.188140869 4 87 268.908935547 276.490753174 6 209 -18.7385864258 -62.8558349609 7 180 48.2393798828 109.659210205
-8.81239352995 3.9110028563 10.3594409548
218 178 152
2 5 69 -338.859863281 70.4232788086 7 50 -455.429382324 -24.8591308594
-5.22723553944 4.39744113287 9.26291960572
102 58 22
4 2 248 31.7359619141 -28.1401977539 3 173 92.255859375 26.1140136719 4 191 254.440185547 173.588134766 5 231 247.934814453 1.70819091797
-6.13908446079 3.57324445727 17.0882156297
178 149 81
2 4 95 -126.444274902 515.435241699 5 93 -333.11541748 381.780334473
-4.56313191297 4.23618768624 8.81717350828
37 6 0
2 2 294 109.717407227 -42.8167724609 3 234 202.752563477 17.1466064453
-5.8620305993 3.87827500965 9.15776014124
115 66 34
5 2 336 -57.6042480469 46.1204223633 3 257 -3.28393554688 94.3378295898 4 257 179.033447266 236.569549561 5 267 187.244750977 60.2819213867 6 364 -113.68737793 -70.2572021484
-6.55588156048 3.58158211763 9.19498829968
112 69 41
3 2 456 -148.817565918 98.1345825195 3 266 -112.986755371 141.8125 5 271 95.1019287109 97.1345214844
-4.43520758624 3.65440015329 16.5512388346
168 141 66
2 4 90 52.4422607422 498.322387695 5 94 -140.266113281 362.952606201
-5.95845565617 3.64241710614 9.19607948975
112 55 20
4 2 342 -66.3652954102 80.5839233398 3 280 -17.5592651367 131.750335693 4 244 164.864379883 272.695343018 6 258 -127.133178711 -38.5530395508
-4.48560046088 4.50959252296 9.23489925912
89 49 27
3 2 361 132.720336914 -57.7012939453 3 294 204.07409668 6.51751708984 4 317 355.1796875 163.816345215
-5.06295393693 3.54270045662 10.2640932609
165 121 94
2 2 805 92.6234130859 125.71472168 3 303 113.406982422 199.023468018
-6.92917028312 4.46680803293 9.07801568872
101 57 28
2 2 491 -199.874145508 -16.1480102539 3 360 -170.155639648 7.53875732422
-6.9176168317 3.99509240099 9.09334805498
119 69 35
3 2 762 -199.787475586 44.7329711914 3 395 -170.229064941 76.2478027344 4 431 26.2778320313 206.491699219
-6.61597443686 4.12929665673 9.11878334269
88 32 5
3 2 698 -158.708679199 24.1040039063 3 408 -122.876037598 57.4351196289 6 606 -213.822814941 -76.9325561523
-6.83684810619 3.12364791518 9.83489693954
190 132 86
2 2 782 -152.833618164 186.931030273 3 421 -151.368347168 243.9034729
-5.8282905828 4.0064089306 9.17853786382
63 15 2
5 2 691 -51.8616333008 29.80859375 3 428 0.63037109375 76.6145629883 4 447 180.951293945 219.375030518 5 535 187.23840332 43.3676147461 6 573 -107.358032227 -84.4130249023
-5.22753933837 3.75929733719 9.19783548383
103 48 13
3 2 533 32.0599365234 53.4164428711 3 429 96.1877441406 112.977111816 6 499 -24.517578125 -76.1334838867
-6.32380013921 3.87052445586 9.12451490784
123 52 32
4 2 677 -120.961120605 53.0126342773 3 452 -76.4820556641 94.1240234375 4 472 113.510131836 232.24118042 5 483 128.651367188 52.1621704102
-6.32380013921 3.87052445586 9.12451490784
123 52 32
4 2 676 -120.961120605 53.0126342773 3 453 -76.4820556641 94.1240234375 4 471 113.510131836 232.24118042 5 482 128.651367188 52.1621704102
-6.33411317257 3.72036702588 9.11605141175
81 17 0
5 2 637 -122.30267334 73.2321166992 3 476 -78.0604858398 116.372009277 4 435 113.580810547 254.534759521 5 456 130.362060547 74.7208862305 6 291 -179.748718262 -43.0870361328
-6.66858323808 3.95475206141 9.08399891026
115 50 21
2 2 813 -168.06237793 45.4712524414 3 485 -131.353149414 80.5977172852
-4.77854318566 4.10560161943 9.18474404766
29 9 0
2 2 515 92.0422363281 -2.40087890625 3 489 164.317138672 61.5315551758
-6.29414107668 3.61495572915 9.17051766961
91 35 13
4 2 819 -114.46862793 88.6652832031 3 494 -71.9341430664 134.443237305 4 539 117.482177734 273.040710449 7 1014 -31.9236450195 88.8451538086
-6.96446123098 4.02148171404 9.08574017212
102 52 20
4 2 827 -206.002258301 41.6918334961 3 507 -177.705566406 71.3049926758 4 502 19.4367675781 202.473907471 5 462 39.7767333984 13.7506713867
-6.02195741785 3.61898538457 9.1793506173
105 51 20
4 2 692 -77.0776977539 84.1430664063 3 512 -27.0200805664 133.730865479 4 424 157.130249023 274.661804199 6 351 -136.090637207 -34.2261962891
-6.48085688887 3.75241683663 9.13469412683
121 62 30
3 2 717 -142.604431152 71.8526000977 3 591 -99.7899169922 113.732757568 4 415 90.4113769531 247.872009277
-5.9645665902 4.05986627065 9.16193401805
123 61 35
3 2 732 -71.4348144531 23.7272338867 3 608 -19.7238769531 68.578918457 5 573 169.779174805 32.0165405273
-5.96434440773 4.05912563778 9.16147065524
123 61 35
4 2 731 -71.4348144531 23.7272338867 3 609 -19.7238769531 68.578918457 4 495 161.694335938 209.621429443 5 574 169.779174805 32.0165405273
-8.15289533542 4.02455180555 9.06997253527
104 57 28
4 2 669 -355.339538574 59.3090209961 3 661 -367.329345703 72.1372680664 4 323 -159.755493164 190.86529541 5 395 -141.412475586 -13.3767700195
-5.49041675105 4.50159612682 9.40676318008
99 58 31
2 0 709 -139.822265625 66.4845581055 4 465 209.224731445 163.714874268
-5.52624118779 3.96848356637 9.19633963487
115 70 42
3 0 762 -160.547302246 127.031219482 4 543 223.169677734 228.128601074 5 644 225.416625977 55.3087768555
-5.65933467864 4.28165543129 9.20834204341
107 63 21
2 1 45 -127.401550293 18.9437866211 4 39 199.409301758 183.109436035
-6.47746584294 4.04113326962 9.11477618904
83 8 0
4 1 193 -235.24005127 60.8001708984 4 120 89.9992675781 205.296447754 5 173 104.735473633 21.5290527344 7 296 -37.4388427734 20.5858154297
-7.35746678598 3.82511912901 9.05872249179
116 66 35
2 1 352 -345.795166016 100.444091797 4 225 -37.8330078125 227.092163086
-6.12714717139 3.66717293696 9.15607944245
111 57 24
2 1 395 -193.125671387 105.477813721 4 268 142.865112305 265.644561768
-5.37926736381 3.82001791674 9.20178750947
87 29 11
2 0 119 -142.79486084 143.834442139 6 157 -45.4076538086 -76.9880981445
-4.33128818802 4.37894223085 9.45369262906
111 67 23
2 3 4 225.119384766 39.3815307617 4 3 364.262573242 192.707641602
-4.33128818802 4.37894223085 9.45369262906
111 67 23
2 3 5 225.119384766 39.3815307617 4 4 364.262573242 192.707641602
-6.75812688437 4.55244748017 8.9824790121
39 19 6
3 3 25 -143.133056641 -10.7057495117 4 17 50.8480224609 120.015167236 6 27 -239.282836914 -126.231262207
-4.54762899425 4.25318995902 9.21880565162
113 67 17
2 3 30 197.914428711 42.0529174805 4 36 352.453857422 197.160766602
-6.78600500513 3.97791302201 9.09669238264
100 28 1
3 3 55 -149.532287598 77.7762451172 4 54 45.5960693359 211.284423828 5 63 65.1322021484 24.6536865234
-7.36430866202 4.7763280258 8.98706118696
93 44 15
2 3 162 -236.950500488 -41.1779785156 4 103 -40.37890625 83.7625732422
-5.93826446044 3.79171562526 9.14011659955
86 25 4
4 3 130 -15.2937011719 106.348083496 4 113 169.616699219 247.859954834 5 135 180.199951172 71.30078125 7 211 4.52062988281 72.7431640625
-4.31440419262 4.27189274563 9.26305548317
110 63 33
3 3 134 232.662597656 42.3684692383 4 128 381.013916016 199.38470459 5 176 360.286376953 35.5062866211
-8.02953601038 3.61719796591 9.55729465034
199 163 146
2 3 557 -337.229370117 162.526824951 4 169 -158.559936523 275.384277344
-4.23465440522 3.67500399407 9.59743251028
166 123 90
2 3 145 245.443359375 145.656433105 4 202 381.090087891 298.454681396
-4.38750923785 4.3473187166 9.27316962798
41 6 0
3 3 235 220.510253906 31.0853881836 4 287 368.682495117 188.961883545 5 360 348.979980469 25.6574707031
-6.26281129397 3.90664460829 9.13749622646
92 3 0
3 3 229 -66.8837280273 90.4412231445 4 296 121.411987305 227.75390625 5 327 135.222412109 47.7989501953
-7.97806652358 4.01721488315 9.04764311856
107 59 20
2 3 400 -339.021362305 71.5377197266 4 298 -134.332092285 192.276641846
-4.53130384304 4.07772395562 9.24169414465
35 7 0
2 3 261 201.972167969 67.9725341797 4 336 356.365478516 223.314483643
-7.61572436161 4.76275022968 8.92043542612
85 48 12
2 3 263 -277.363586426 -44.1401367188 4 359 -75.666809082 79.4854736328
-6.22709183906 3.71207795097 9.13398529059
84 17 0
3 3 405 -61.3240356445 117.593841553 4 381 128.799560547 257.155517578 5 580 143.991455078 79.1107788086
-8.30098200786 3.8688946291 9.06205190493
145 103 51
3 3 548 -392.107971191 95.1917724609 4 393 -185.832275391 212.414978027 5 323 -161.947631836 8.77868652344
-6.69010295676 3.6186705954 9.14212037929
103 47 18
5 3 490 -134.809509277 133.459259033 4 406 60.6166992188 267.782653809 1 728 -263.68536377 120.374847412 6 404 -225.817626953 -16.3186645508 2 531 -168.464050293 93.2474365234
-4.80044370507 3.50745912119 9.92126210969
172 131 100
2 3 357 156.349731445 186.643768311 4 422 287.946044922 332.213806152
-4.53726551793 3.6258290027 9.83480658333
163 126 89
2 3 554 195.962646484 164.609832764 4 432 326.267822266 314.139190674
-6.63113417231 3.59949072074 9.17136190696
97 44 15
5 3 521 -125.502197266 138.033416748 4 453 68.2603759766 272.988128662 5 420 86.5954589844 91.2178955078 6 545 -216.11138916 -14.133972168 7 849 -63.8519897461 81.6835327148
-6.75162173834 3.6584687732 9.12017636619
111 52 20
2 3 534 -145.247558594 126.867248535 4 477 52.4868164063 259.814025879
-6.37110729601 4.06760791736 9.11382352912
121 50 30
2 3 658 -84.0242919922 65.6775512695 4 482 105.344116211 201.751190186
-6.37173598893 4.06619187298 9.10647132437
121 50 30
3 3 657 -84.0242919922 65.6775512695 4 483 105.344116211 201.751190186 5 564 120.448974609 19.5204467773
-4.35303521894 3.50410128228 10.870045784
188 159 101
2 3 455 207.022094727 228.998535156 4 496 292.113525391 371.250549316
-6.96413789321 4.02137832474 9.08617649198
103 51 13
2 3 506 -177.705566406 71.3049926758 4 503 19.4367675781 202.473907471
-4.84527707541 4.4625557549 9.23260858224
14 7 4
3 4 18 307.078125 167.435943604 5 29 296.677856445 -1.35693359375 7 47 86.0463867188 11.4631347656
-7.07480306711 3.4034994878 9.24447317136
24 11 6
3 4 20 -0.853149414063 303.738494873 5 17 20.3073730469 119.214447021 7 28 -118.599060059 99.2792358398
-6.57352817013 3.26103260143 9.27775575025
47 21 12
2 4 43 74.8090820313 329.221252441 5 46 90.8825683594 152.927642822
-6.19034158797 3.75206734333 9.05518594291
83 26 7
2 4 49 137.457763672 245.448822021 5 72 156.041137695 70.8598022461
-4.95686582777 3.44637869216 10.2548251079
158 58 26
2 4 85 249.37487793 352.088775635 5 122 209.198974609 189.776824951
-3.93759848408 3.81785914592 9.40832916737
63 33 7
3 4 105 431.075439453 271.895294189 5 110 400.207519531 113.731292725 7 197 128.074707031 121.986419678
-4.42033022769 4.0872718992 9.23429769785
108 67 31
2 4 114 371.83203125 223.147674561 5 126 355.245849609 58.9515380859
-6.12862215944 3.93712040758 9.21152128674
88 11 0
2 4 116 136.523071289 227.061309814 5 87 146.024536133 51.256652832
-6.04787492684 3.88755484023 9.12484819292
118 69 30
3 4 134 153.174194336 231.442474365 5 164 166.158447266 54.8005981445 7 254 -2.89465332031 55.4813842773
-8.68477620964 3.40127886526 10.3073046339
157 121 84
2 4 138 -281.507080078 339.365356445 5 189 -313.340820313 153.906982422
-5.91805189516 4.54850645674 9.15094520546
103 54 16
2 4 152 162.725219727 138.446533203 5 191 168.034667969 -38.877746582
-6.55226475553 3.77123319896 9.09614873498
127 65 33
3 4 154 82.8596191406 244.197540283 5 188 100.87878418 60.5120849609 7 414 -45.3898925781 58.0010375977
-7.74399709467 4.74901084419 8.92889738037
93 52 17
2 4 178 -95.1844482422 78.8656616211 5 152 -72.1542358398 -128.985229492
-5.02082971834 3.51678035978 9.55375433728
80 25 2
2 4 188 279.759033203 314.258239746 5 175 264.393920898 147.829498291
-6.86153644635 3.89422700574 9.06182459829
103 37 10
2 4 192 36.8126220703 220.867004395 5 207 58.7622070313 34.4022216797
-4.74108918223 4.36465175064 9.20384472892
93 57 32
2 4 193 324.934326172 178.843383789 5 218 313.614135742 13.3493652344
-8.63832457535 4.27219374074 9.12990705063
145 106 41
2 4 210 -241.081542969 151.861968994 5 144 -226.782104492 -62.5369262695
-6.97651864468 3.05330257838 10.0071729276
153 36 4
2 4 219 -15.6729125977 388.699035645 5 171 -26.4487915039 215.939880371
-7.17097988031 3.07241867956 10.080168171
188 145 113
2 4 221 -47.3098144531 386.92755127 5 209 -60.4122314453 214.7237854
-5.97137246963 3.96702047712 9.15352385993
77 30 11
3 4 224 161.839477539 222.817687988 5 241 171.834594727 45.7132568359 7 494 1.53112792969 45.7131347656
-7.80670089033 4.46355388181 8.93119390395
14 6 3
2 4 226 -103.762878418 121.527862549 5 232 -78.8503417969 -86.9826660156
-7.14163074007 3.05725258094 10.244941936
168 83 20
2 4 241 -49.0725097656 396.413879395 5 215 -69.1447143555 224.084411621
-7.02319703369 3.06160738407 10.1122219332
183 138 101
2 4 256 -26.7534179688 391.123962402 5 210 -41.7066650391 218.891082764
-5.39665585452 3.59285193408 9.229317772
120 79 38
2 4 261 245.191162109 286.76763916 5 363 246.833984375 114.834655762
-4.8471823548 3.88795346698 9.25051107364
103 65 21
4 4 267 315.323852539 247.133392334 5 227 306.99987793 81.8701782227 6 289 30.5678710938 -97.9655761719 7 397 80.1591796875 89.8012084961
-6.93440883294 3.88128380233 9.06177652278
123 70 31
3 4 275 26.6278076172 220.636169434 5 309 47.9500732422 33.9876708984 7 997 -76.8622436523 31.1336669922
-4.39248912936 4.19827404309 9.25604354028
51 11 0
2 4 281 372.183227539 209.336730957 5 315 353.55456543 44.3487548828
-5.74265203138 3.94725201488 9.17993820243
120 67 36
2 4 284 193.684448242 228.897277832 5 343 199.48034668 53.5257568359
-4.79828161304 3.45096467313 10.1810561975
128 35 5
2 4 288 274.413452148 349.650299072 5 305 234.576660156 187.992431641
-7.68613841647 3.79692174197 8.99216041963
118 68 31
2 4 294 -86.1227416992 224.954620361 5 223 -56.7141723633 29.4544677734
-3.92748068624 3.74359331315 9.83992324624
122 88 45
2 4 319 404.572265625 301.435913086 5 302 360.889648438 143.567657471
-4.65918185627 4.42924408474 9.23726324414
40 6 0
2 4 321 333.098266602 173.42980957 5 423 318.45300293 6.55194091797
-4.53113594711 4.07803600572 9.2414314914
39 4 0
2 4 337 356.365478516 223.314483643 5 433 341.641601563 59.2133178711
-5.41307914295 3.64506009188 9.25256913628
98 48 21
2 4 346 240.578125 279.293762207 5 353 241.417602539 108.446899414
-6.49474116147 3.05769201609 9.8662448074
140 22 0
2 4 352 60.7015380859 385.846801758 5 345 52.7493896484 213.536804199
-6.98315416199 3.8646457602 9.07591850111
115 64 14
2 4 368 18.2281494141 225.428466797 5 384 40.3682861328 37.1330566406
-8.41445507234 4.6012284677 9.48769241454
93 62 30
2 4 369 -214.922607422 125.706665039 5 337 -218.708618164 -84.7048950195
-7.23282074586 4.2491615972 9.03851246549
20 10 6
2 4 384 -20.4605712891 162.180755615 5 453 1.84741210938 -29.4690551758
-8.67868040237 3.95882020319 9.35385407959
185 150 127
2 4 390 -254.736022949 210.385467529 5 289 -248.0078125 4.69958496094
-8.29835516339 3.87132008958 9.06881419245
148 106 52
2 4 392 -185.832275391 212.414978027 5 324 -161.947631836 8.77868652344
-7.9294817572 4.10741717585 8.9567364785
120 85 48
2 4 488 -123.306213379 174.581665039 5 418 -95.8944091797 -30.3948364258
-6.64591243414 4.08343305884 9.14257411443
119 66 29
3 4 515 63.513671875 198.999053955 5 637 79.2525634766 13.2224731445 7 784 -56.8265991211 9.26690673828
-6.06710859848 4.05461646812 9.12632242267
113 67 29
2 4 532 148.681640625 207.151031494 5 660 159.793579102 28.9567871094
-6.58656554093 3.06188433555 9.8979604854
165 105 49
2 4 545 45.8795166016 385.713684082 5 603 37.3135986328 213.464080811
-7.11871326165 4.25072098101 9.02748257935
99 62 31
3 0 559 -353.178649902 115.469146729 6 466 -282.470153809 -81.841796875 4 349 -3.52349853516 165.664703369
-6.56998904689 3.72752900082 9.11549420232
122 71 35
2 0 742 -289.587463379 175.987243652 6 608 -211.086486816 -34.8330078125
-4.13239470867 4.32523990197 10.4546196109
106 60 25
2 3 460 235.436035156 103.400512695 6 368 167.768798828 -63.2893676758
-5.2928528873 3.64933907027 9.24615257839
102 48 19
2 1 476 -80.5626831055 98.3906860352 6 262 -31.4103393555 -57.2885131836
-4.00389599882 3.73867645615 9.68814281102
146 106 79
2 1 475 113.033325195 83.8127441406 6 297 167.807861328 -70.5918579102
-6.58922251056 3.98087519739 9.09540015744
121 65 37
2 1 669 -251.096435547 69.4228515625 6 470 -212.866577148 -63.2147827148
-6.35952276825 3.93053191485 9.13266537553
85 9 0
2 1 511 -221.30078125 73.6864624023 6 521 -180.741149902 -62.1106567383
-4.42209104752 4.65341966123 9.15976690001
97 51 16
2 2 242 138.696899414 -82.2337036133 6 162 77.9390869141 -201.155639648
-5.50918673409 3.49193789388 9.32237729643
111 61 26
2 2 227 -1.45001220703 99.9080810547 6 172 -56.5729370117 -25.3300170898
-5.96094015632 3.22773771024 9.46824406335
169 126 89
2 3 662 -18.1879882813 208.545074463 6 574 -110.23236084 31.5588989258
-8.0040172154 4.01100159885 9.03552253452
107 56 17
4 2 735 -339.424865723 56.9204711914 6 266 -396.678588867 -25.6923217773 5 134 -112.484619141 -10.3274536133 7 199 -183.577026367 -30.0766601563
-5.76020686525 3.74074423129 9.16999690918
118 64 31
2 2 429 -43.053527832 63.3700561523 6 308 -98.8294067383 -58.171875
-7.57443711758 3.83685339323 8.94527660182
136 90 55
2 2 621 -293.350463867 69.3843383789 6 330 -350.35949707 -28.4551391602
-5.17751411484 3.53580871896 9.38813819516
62 22 5
2 2 754 46.0522460938 91.7090454102 6 426 -6.884765625 -35.6412353516
-5.4877058565 3.59585627597 9.24139337623
118 69 39
2 2 525 -2.21392822266 81.8629760742 6 594 -57.7734375 -44.8733520508
-9.68794784086 8.86184863888 18.6294239949
104 62 16
2 2 552 -98.471862793 -32.4913330078 6 571 -128.746704102 155.494232178
-5.73650989306 3.48041116325 9.35407555472
29 13 5
2 3 68 16.1195068359 164.590637207 6 85 -85.1700439453 -14.7509155273
-4.9404125125 3.59232842913 9.43291668195
162 126 91
2 3 141 139.39050293 150.739562988 6 101 28.1818847656 -46.9468994141
-5.71309330593 4.07796114219 9.21978272263
101 30 9
2 3 79 18.4765625 69.4730834961 6 131 -89.7618408203 -92.4729614258
-6.06603547119 3.79306070264 9.13729239034
87 24 4
2 3 110 -36.3881225586 106.452301025 6 188 -141.402770996 -57.2035522461
-5.52107555204 3.4731055401 9.32177477292
115 64 19
2 3 233 50.3927001953 163.275512695 6 191 -57.2796630859 -23.6539916992
-7.65071946263 3.80093749537 9.01498613689
123 72 38
2 3 245 -289.681640625 100.586975098 6 206 -356.618713379 -15.7108764648
-5.98966558124 3.23679348938 9.43913589013
124 72 39
2 3 635 -22.3057861328 205.374694824 6 588 -116.11730957 29.4962768555
-5.71050134307 3.61966756757 9.20400727378
113 56 23
2 3 664 20.982421875 134.6590271 6 609 -90.2267456055 -43.3352050781
-6.81661179243 3.51215926185 9.24413694924
28 10 5
3 4 82 36.9202880859 289.522003174 6 166 -236.287902832 6.43316650391 7 177 -90.9982299805 89.9682617188
-5.9487021287 3.74897281964 9.14751435941
83 29 4
2 4 362 168.249267578 254.454498291 6 493 -125.573425293 -54.8186645508
-6.28391405959 4.46618307286 9.12523865808
73 28 1
2 5 380 123.509399414 -37.549621582 6 524 -169.817993164 -121.434387207
