
pmvs2
C:\Users\Nanio\Desktop\Organizar\TCC parte 2\Fotos carrinho\denso.nvm.cmvs\01\
option-0000--------------------------------------------------
--- Summary of specified options ---
# of timages: 7 (enumeration)
# of oimages: 0 (enumeration)
level: 1  csize: 2
threshold: 0.7  wsize: 7
minImageNum: 3  CPU: 4
useVisData: 1  sequence: -1
--------------------------------------------------
Reading images: *******
01  Harris running ...Harris running ...3 Harris running ...4 Harris running ...1926 harris done
DoG running...1925 harris done
DoG running...1956 harris done
DoG running...1931 harris done
DoG running...2457 dog done
5 Harris running ...2454 dog done
6 Harris running ...2445 dog done
7 Harris running ...2452 dog done
1930 harris done
DoG running...1868 harris done
DoG running...1775 harris done
DoG running...2452 dog done
2452 dog done
2126 dog done
done
adding seeds 
(2,105)(4,65)(6,7)(5,1)(3,1)(1,237)(0,22)done
---- Initial: 0 secs ----
Total pass fail0 fail1 refinepatch: 46077 608 43762 1707 2315
Total pass fail0 fail1 refinepatch: 100 1.31953 94.9758 3.70467 5.0242
Expanding patches...
---- EXPANSION: 57 secs ----
Total pass fail0 fail1 refinepatch: 43248 28359 9536 5353 33712
Total pass fail0 fail1 refinepatch: 100 65.573 22.0496 12.3775 77.9504
FilterOutside
mainbody: 
Gain (ave/var): 0.768616 0.509314
28786 -> 28269 (98.204%)	0 secs
Filter Exact: *******
28269 -> 22768 (80.5405%)	0 secs
FilterNeighbor:	22768 -> 16178 (71.0559%)	0 secs
FilterGroups:	20
16178 -> 13007 (80.3993%)	0 secs
STATUS: 373 0 35654 0 0 0 0 0 0 0 
0 0 0 0 0 0 0 0 0 0 
0 0 0 0 0 0 0 0 0 0 
0 0 0 0 0 
Expanding patches...
---- EXPANSION: 67 secs ----
Total pass fail0 fail1 refinepatch: 43888 18532 11130 14226 32758
Total pass fail0 fail1 refinepatch: 100 42.2257 25.36 32.4143 74.64
FilterOutside
mainbody: 
Gain (ave/var): 0.871212 0.572391
31539 -> 31166 (98.8173%)	0 secs
Filter Exact: *******
31166 -> 24583 (78.8776%)	0 secs
FilterNeighbor:	24583 -> 20626 (83.9035%)	0 secs
FilterGroups:	20
20626 -> 18292 (88.6842%)	0 secs
STATUS: 777 0 68008 0 0 0 0 0 0 0 
0 0 0 0 0 0 0 0 0 0 
0 0 0 0 0 0 0 0 0 0 
0 0 0 0 0 
Expanding patches...
---- EXPANSION: 66 secs ----
Total pass fail0 fail1 refinepatch: 46398 19284 12133 14981 34265
Total pass fail0 fail1 refinepatch: 100 41.5621 26.1498 32.288 73.8502
FilterOutside
mainbody: 
Gain (ave/var): 0.957797 0.632292
37576 -> 37108 (98.7545%)	0 secs
Filter Exact: *******
37108 -> 28600 (77.0723%)	0 secs
FilterNeighbor:	28600 -> 24150 (84.4406%)	0 secs
FilterGroups:	20
24150 -> 21328 (88.3147%)	0 secs
STATUS: 1228 0 101821 0 0 0 0 0 0 0 
0 0 0 0 0 0 0 0 0 0 
0 0 0 0 0 0 0 0 0 0 
0 0 0 0 0 
---- Total: 0 secs ----
